[FLIP_FLOP_LIST]
FF4 ff_NEW_FLIP_FLOP_4,NEW_FLIP_FLOP_2 (460,160)
FF4 ff_NEW_FLIP_FLOP_6,NEW_FLIP_FLOP_5 (350,250)
FF4 ff_NEW_FLIP_FLOP_1,NEW_FLIP_FLOP_7 (535,450)
FF4 ff_NEW_FLIP_FLOP_8,NEW_FLIP_FLOP_3 (760,515)
FF4 ff_FLIP_FLOP4,FLIP_FLOP104,FLIP_FLOP9,FLIP_FLOP11 (220,1340)
FF4 ff_FLIP_FLOP120,FLIP_FLOP54,FLIP_FLOP59,FLIP_FLOP61 (1185,580)
FF4 ff_FLIP_FLOP80,FLIP_FLOP64,FLIP_FLOP65,FLIP_FLOP24 (925,770)
FF4 ff_FLIP_FLOP41,FLIP_FLOP3,FLIP_FLOP10,FLIP_FLOP25 (500,1275)
FF4 ff_FLIP_FLOP34,FLIP_FLOP28,FLIP_FLOP78,FLIP_FLOP38 (950,790)
FF4 ff_FLIP_FLOP27,FLIP_FLOP106,FLIP_FLOP114,FLIP_FLOP95 (620,1480)
FF4 ff_FLIP_FLOP103,FLIP_FLOP55,FLIP_FLOP109,FLIP_FLOP112 (1185,955)
FF4 ff_FLIP_FLOP48,NEW_FLIP_FLOP_16,FLIP_FLOP107 (435,1935)
FF4 ff_FLIP_FLOP71,FLIP_FLOP60,FLIP_FLOP47,FLIP_FLOP96 (740,1765)
FF4 ff_FLIP_FLOP92,NEW_FLIP_FLOP_11,FLIP_FLOP13 (1915,560)
FF4 ff_FLIP_FLOP90,FLIP_FLOP16,FLIP_FLOP67,FLIP_FLOP22 (1845,820)
FF4 ff_FLIP_FLOP99,FLIP_FLOP8,FLIP_FLOP15,FLIP_FLOP119 (1430,1330)
FF4 ff_FLIP_FLOP51,FLIP_FLOP17,FLIP_FLOP72,FLIP_FLOP23 (2160,725)
FF4 ff_NEW_FLIP_FLOP_15,FLIP_FLOP6,FLIP_FLOP56 (840,2105)
FF4 ff_NEW_FLIP_FLOP_14,NEW_FLIP_FLOP_12 (410,2345)
FF4 ff_FLIP_FLOP50,FLIP_FLOP74,FLIP_FLOP75,FLIP_FLOP84 (1930,960)
FF2 ff_NEW_FLIP_FLOP_13 (325,2435)
FF4 ff_FLIP_FLOP52,NEW_FLIP_FLOP_10,FLIP_FLOP36 (2405,760)
FF4 ff_FLIP_FLOP102,FLIP_FLOP116,FLIP_FLOP32,FLIP_FLOP33 (1385,1920)
FF2 ff_FLIP_FLOP45,FLIP_FLOP88 (2245,965)
FF2 ff_NEW_FLIP_FLOP_9 (2740,750)
FF4 ff_FLIP_FLOP91,FLIP_FLOP53,FLIP_FLOP73,FLIP_FLOP77 (1875,1675)
FF2 ff_FLIP_FLOP40,FLIP_FLOP46 (1095,2565)
FF2 ff_FLIP_FLOP62,FLIP_FLOP93 (1985,1910)
FF2 ff_FLIP_FLOP113,FLIP_FLOP98 (1370,2325)
FF2 ff_FLIP_FLOP57,FLIP_FLOP12 (2820,1210)
FF4 ff_NEW_FLIP_FLOP_18,NEW_FLIP_FLOP_21 (2195,2165)
FF2 ff_NEW_FLIP_FLOP_22 (2740,2015)
FF2 ff_NEW_FLIP_FLOP_17 (2455,2860)
FF1 ff_FLIP_FLOP105 (1805,2970)
FF1 ff_FLIP_FLOP117 (2840,2910)
FF2 ff_NEW_FLIP_FLOP_19 (2550,2265)
FF2 ff_NEW_FLIP_FLOP_20 (2350,2270)
[END FLIP_FLOP_LIST]
[NET_LIST]
PIN51 ff_NEW_FLIP_FLOP_4,NEW_FLIP_FLOP_2 185
PIN52 ff_NEW_FLIP_FLOP_4,NEW_FLIP_FLOP_2 620
PIN137 ff_NEW_FLIP_FLOP_4,NEW_FLIP_FLOP_2 30
PIN138 ff_NEW_FLIP_FLOP_4,NEW_FLIP_FLOP_2 360
PIN57 ff_NEW_FLIP_FLOP_4,NEW_FLIP_FLOP_2 20
PIN58 ff_NEW_FLIP_FLOP_4,NEW_FLIP_FLOP_2 280
PIN199 ff_NEW_FLIP_FLOP_4,NEW_FLIP_FLOP_2 370
PIN200 ff_NEW_FLIP_FLOP_4,NEW_FLIP_FLOP_2 45
PIN69 ff_NEW_FLIP_FLOP_6,NEW_FLIP_FLOP_5 395
PIN70 ff_NEW_FLIP_FLOP_6,NEW_FLIP_FLOP_5 625
PIN151 ff_NEW_FLIP_FLOP_6,NEW_FLIP_FLOP_5 675
PIN152 ff_NEW_FLIP_FLOP_6,NEW_FLIP_FLOP_5 305
PIN13 ff_NEW_FLIP_FLOP_6,NEW_FLIP_FLOP_5 205
PIN14 ff_NEW_FLIP_FLOP_6,NEW_FLIP_FLOP_5 595
PIN221 ff_NEW_FLIP_FLOP_6,NEW_FLIP_FLOP_5 200
PIN222 ff_NEW_FLIP_FLOP_6,NEW_FLIP_FLOP_5 370
PIN41 ff_NEW_FLIP_FLOP_1,NEW_FLIP_FLOP_7 15
PIN42 ff_NEW_FLIP_FLOP_1,NEW_FLIP_FLOP_7 400
PIN161 ff_NEW_FLIP_FLOP_1,NEW_FLIP_FLOP_7 15
PIN162 ff_NEW_FLIP_FLOP_1,NEW_FLIP_FLOP_7 130
PIN35 ff_NEW_FLIP_FLOP_1,NEW_FLIP_FLOP_7 805
PIN36 ff_NEW_FLIP_FLOP_1,NEW_FLIP_FLOP_7 160
PIN61 ff_NEW_FLIP_FLOP_1,NEW_FLIP_FLOP_7 935
PIN62 ff_NEW_FLIP_FLOP_1,NEW_FLIP_FLOP_7 400
PIN87 ff_NEW_FLIP_FLOP_8,NEW_FLIP_FLOP_3 515
PIN88 ff_NEW_FLIP_FLOP_8,NEW_FLIP_FLOP_3 255
PIN97 ff_NEW_FLIP_FLOP_8,NEW_FLIP_FLOP_3 55
PIN98 ff_NEW_FLIP_FLOP_8,NEW_FLIP_FLOP_3 480
PIN169 ff_NEW_FLIP_FLOP_8,NEW_FLIP_FLOP_3 800
PIN170 ff_NEW_FLIP_FLOP_8,NEW_FLIP_FLOP_3 45
PIN229 ff_NEW_FLIP_FLOP_8,NEW_FLIP_FLOP_3 265
PIN230 ff_NEW_FLIP_FLOP_8,NEW_FLIP_FLOP_3 315
PIN7 ff_FLIP_FLOP4,FLIP_FLOP104,FLIP_FLOP9,FLIP_FLOP11 615
PIN8 ff_FLIP_FLOP4,FLIP_FLOP104,FLIP_FLOP9,FLIP_FLOP11 45
PIN207 ff_FLIP_FLOP4,FLIP_FLOP104,FLIP_FLOP9,FLIP_FLOP11 470
PIN208 ff_FLIP_FLOP4,FLIP_FLOP104,FLIP_FLOP9,FLIP_FLOP11 655
PIN17 ff_FLIP_FLOP4,FLIP_FLOP104,FLIP_FLOP9,FLIP_FLOP11 315
PIN18 ff_FLIP_FLOP4,FLIP_FLOP104,FLIP_FLOP9,FLIP_FLOP11 45
PIN21 ff_FLIP_FLOP4,FLIP_FLOP104,FLIP_FLOP9,FLIP_FLOP11 1095
PIN22 ff_FLIP_FLOP4,FLIP_FLOP104,FLIP_FLOP9,FLIP_FLOP11 930
PIN239 ff_FLIP_FLOP120,FLIP_FLOP54,FLIP_FLOP59,FLIP_FLOP61 25
PIN240 ff_FLIP_FLOP120,FLIP_FLOP54,FLIP_FLOP59,FLIP_FLOP61 330
PIN107 ff_FLIP_FLOP120,FLIP_FLOP54,FLIP_FLOP59,FLIP_FLOP61 515
PIN108 ff_FLIP_FLOP120,FLIP_FLOP54,FLIP_FLOP59,FLIP_FLOP61 960
PIN117 ff_FLIP_FLOP120,FLIP_FLOP54,FLIP_FLOP59,FLIP_FLOP61 340
PIN118 ff_FLIP_FLOP120,FLIP_FLOP54,FLIP_FLOP59,FLIP_FLOP61 20
PIN121 ff_FLIP_FLOP120,FLIP_FLOP54,FLIP_FLOP59,FLIP_FLOP61 95
PIN122 ff_FLIP_FLOP120,FLIP_FLOP54,FLIP_FLOP59,FLIP_FLOP61 195
PIN159 ff_FLIP_FLOP80,FLIP_FLOP64,FLIP_FLOP65,FLIP_FLOP24 55
PIN160 ff_FLIP_FLOP80,FLIP_FLOP64,FLIP_FLOP65,FLIP_FLOP24 50
PIN127 ff_FLIP_FLOP80,FLIP_FLOP64,FLIP_FLOP65,FLIP_FLOP24 45
PIN128 ff_FLIP_FLOP80,FLIP_FLOP64,FLIP_FLOP65,FLIP_FLOP24 600
PIN129 ff_FLIP_FLOP80,FLIP_FLOP64,FLIP_FLOP65,FLIP_FLOP24 500
PIN130 ff_FLIP_FLOP80,FLIP_FLOP64,FLIP_FLOP65,FLIP_FLOP24 40
PIN47 ff_FLIP_FLOP80,FLIP_FLOP64,FLIP_FLOP65,FLIP_FLOP24 105
PIN48 ff_FLIP_FLOP80,FLIP_FLOP64,FLIP_FLOP65,FLIP_FLOP24 720
PIN81 ff_FLIP_FLOP41,FLIP_FLOP3,FLIP_FLOP10,FLIP_FLOP25 40
PIN82 ff_FLIP_FLOP41,FLIP_FLOP3,FLIP_FLOP10,FLIP_FLOP25 415
PIN5 ff_FLIP_FLOP41,FLIP_FLOP3,FLIP_FLOP10,FLIP_FLOP25 30
PIN6 ff_FLIP_FLOP41,FLIP_FLOP3,FLIP_FLOP10,FLIP_FLOP25 135
PIN19 ff_FLIP_FLOP41,FLIP_FLOP3,FLIP_FLOP10,FLIP_FLOP25 25
PIN20 ff_FLIP_FLOP41,FLIP_FLOP3,FLIP_FLOP10,FLIP_FLOP25 510
PIN49 ff_FLIP_FLOP41,FLIP_FLOP3,FLIP_FLOP10,FLIP_FLOP25 975
PIN50 ff_FLIP_FLOP41,FLIP_FLOP3,FLIP_FLOP10,FLIP_FLOP25 520
PIN67 ff_FLIP_FLOP34,FLIP_FLOP28,FLIP_FLOP78,FLIP_FLOP38 15
PIN68 ff_FLIP_FLOP34,FLIP_FLOP28,FLIP_FLOP78,FLIP_FLOP38 585
PIN55 ff_FLIP_FLOP34,FLIP_FLOP28,FLIP_FLOP78,FLIP_FLOP38 15
PIN56 ff_FLIP_FLOP34,FLIP_FLOP28,FLIP_FLOP78,FLIP_FLOP38 1215
PIN155 ff_FLIP_FLOP34,FLIP_FLOP28,FLIP_FLOP78,FLIP_FLOP38 380
PIN156 ff_FLIP_FLOP34,FLIP_FLOP28,FLIP_FLOP78,FLIP_FLOP38 195
PIN75 ff_FLIP_FLOP34,FLIP_FLOP28,FLIP_FLOP78,FLIP_FLOP38 570
PIN76 ff_FLIP_FLOP34,FLIP_FLOP28,FLIP_FLOP78,FLIP_FLOP38 345
PIN53 ff_FLIP_FLOP27,FLIP_FLOP106,FLIP_FLOP114,FLIP_FLOP95 355
PIN54 ff_FLIP_FLOP27,FLIP_FLOP106,FLIP_FLOP114,FLIP_FLOP95 45
PIN211 ff_FLIP_FLOP27,FLIP_FLOP106,FLIP_FLOP114,FLIP_FLOP95 35
PIN212 ff_FLIP_FLOP27,FLIP_FLOP106,FLIP_FLOP114,FLIP_FLOP95 170
PIN227 ff_FLIP_FLOP27,FLIP_FLOP106,FLIP_FLOP114,FLIP_FLOP95 135
PIN228 ff_FLIP_FLOP27,FLIP_FLOP106,FLIP_FLOP114,FLIP_FLOP95 425
PIN189 ff_FLIP_FLOP27,FLIP_FLOP106,FLIP_FLOP114,FLIP_FLOP95 420
PIN190 ff_FLIP_FLOP27,FLIP_FLOP106,FLIP_FLOP114,FLIP_FLOP95 60
PIN205 ff_FLIP_FLOP103,FLIP_FLOP55,FLIP_FLOP109,FLIP_FLOP112 45
PIN206 ff_FLIP_FLOP103,FLIP_FLOP55,FLIP_FLOP109,FLIP_FLOP112 25
PIN109 ff_FLIP_FLOP103,FLIP_FLOP55,FLIP_FLOP109,FLIP_FLOP112 540
PIN110 ff_FLIP_FLOP103,FLIP_FLOP55,FLIP_FLOP109,FLIP_FLOP112 15
PIN217 ff_FLIP_FLOP103,FLIP_FLOP55,FLIP_FLOP109,FLIP_FLOP112 595
PIN218 ff_FLIP_FLOP103,FLIP_FLOP55,FLIP_FLOP109,FLIP_FLOP112 50
PIN223 ff_FLIP_FLOP103,FLIP_FLOP55,FLIP_FLOP109,FLIP_FLOP112 45
PIN224 ff_FLIP_FLOP103,FLIP_FLOP55,FLIP_FLOP109,FLIP_FLOP112 745
PIN95 ff_FLIP_FLOP48,NEW_FLIP_FLOP_16,FLIP_FLOP107 325
PIN96 ff_FLIP_FLOP48,NEW_FLIP_FLOP_16,FLIP_FLOP107 10
PIN1 ff_FLIP_FLOP48,NEW_FLIP_FLOP_16,FLIP_FLOP107 630
PIN2 ff_FLIP_FLOP48,NEW_FLIP_FLOP_16,FLIP_FLOP107 740
PIN219 ff_FLIP_FLOP48,NEW_FLIP_FLOP_16,FLIP_FLOP107 560
PIN220 ff_FLIP_FLOP48,NEW_FLIP_FLOP_16,FLIP_FLOP107 580
PIN213 ff_FLIP_FLOP48,NEW_FLIP_FLOP_16,FLIP_FLOP107 5
PIN214 ff_FLIP_FLOP48,NEW_FLIP_FLOP_16,FLIP_FLOP107 30
PIN141 ff_FLIP_FLOP71,FLIP_FLOP60,FLIP_FLOP47,FLIP_FLOP96 720
PIN142 ff_FLIP_FLOP71,FLIP_FLOP60,FLIP_FLOP47,FLIP_FLOP96 5
PIN119 ff_FLIP_FLOP71,FLIP_FLOP60,FLIP_FLOP47,FLIP_FLOP96 200
PIN120 ff_FLIP_FLOP71,FLIP_FLOP60,FLIP_FLOP47,FLIP_FLOP96 30
PIN93 ff_FLIP_FLOP71,FLIP_FLOP60,FLIP_FLOP47,FLIP_FLOP96 505
PIN94 ff_FLIP_FLOP71,FLIP_FLOP60,FLIP_FLOP47,FLIP_FLOP96 0
PIN191 ff_FLIP_FLOP71,FLIP_FLOP60,FLIP_FLOP47,FLIP_FLOP96 5
PIN192 ff_FLIP_FLOP71,FLIP_FLOP60,FLIP_FLOP47,FLIP_FLOP96 90
PIN183 ff_FLIP_FLOP92,NEW_FLIP_FLOP_11,FLIP_FLOP13 640
PIN184 ff_FLIP_FLOP92,NEW_FLIP_FLOP_11,FLIP_FLOP13 125
PIN9 ff_FLIP_FLOP92,NEW_FLIP_FLOP_11,FLIP_FLOP13 360
PIN10 ff_FLIP_FLOP92,NEW_FLIP_FLOP_11,FLIP_FLOP13 920
PIN139 ff_FLIP_FLOP92,NEW_FLIP_FLOP_11,FLIP_FLOP13 135
PIN140 ff_FLIP_FLOP92,NEW_FLIP_FLOP_11,FLIP_FLOP13 525
PIN25 ff_FLIP_FLOP92,NEW_FLIP_FLOP_11,FLIP_FLOP13 275
PIN26 ff_FLIP_FLOP92,NEW_FLIP_FLOP_11,FLIP_FLOP13 120
PIN179 ff_FLIP_FLOP90,FLIP_FLOP16,FLIP_FLOP67,FLIP_FLOP22 160
PIN180 ff_FLIP_FLOP90,FLIP_FLOP16,FLIP_FLOP67,FLIP_FLOP22 705
PIN31 ff_FLIP_FLOP90,FLIP_FLOP16,FLIP_FLOP67,FLIP_FLOP22 635
PIN32 ff_FLIP_FLOP90,FLIP_FLOP16,FLIP_FLOP67,FLIP_FLOP22 555
PIN133 ff_FLIP_FLOP90,FLIP_FLOP16,FLIP_FLOP67,FLIP_FLOP22 150
PIN134 ff_FLIP_FLOP90,FLIP_FLOP16,FLIP_FLOP67,FLIP_FLOP22 605
PIN43 ff_FLIP_FLOP90,FLIP_FLOP16,FLIP_FLOP67,FLIP_FLOP22 210
PIN44 ff_FLIP_FLOP90,FLIP_FLOP16,FLIP_FLOP67,FLIP_FLOP22 410
PIN197 ff_FLIP_FLOP99,FLIP_FLOP8,FLIP_FLOP15,FLIP_FLOP119 535
PIN198 ff_FLIP_FLOP99,FLIP_FLOP8,FLIP_FLOP15,FLIP_FLOP119 125
PIN15 ff_FLIP_FLOP99,FLIP_FLOP8,FLIP_FLOP15,FLIP_FLOP119 660
PIN16 ff_FLIP_FLOP99,FLIP_FLOP8,FLIP_FLOP15,FLIP_FLOP119 540
PIN29 ff_FLIP_FLOP99,FLIP_FLOP8,FLIP_FLOP15,FLIP_FLOP119 720
PIN30 ff_FLIP_FLOP99,FLIP_FLOP8,FLIP_FLOP15,FLIP_FLOP119 240
PIN237 ff_FLIP_FLOP99,FLIP_FLOP8,FLIP_FLOP15,FLIP_FLOP119 730
PIN238 ff_FLIP_FLOP99,FLIP_FLOP8,FLIP_FLOP15,FLIP_FLOP119 115
PIN101 ff_FLIP_FLOP51,FLIP_FLOP17,FLIP_FLOP72,FLIP_FLOP23 285
PIN102 ff_FLIP_FLOP51,FLIP_FLOP17,FLIP_FLOP72,FLIP_FLOP23 25
PIN33 ff_FLIP_FLOP51,FLIP_FLOP17,FLIP_FLOP72,FLIP_FLOP23 290
PIN34 ff_FLIP_FLOP51,FLIP_FLOP17,FLIP_FLOP72,FLIP_FLOP23 25
PIN143 ff_FLIP_FLOP51,FLIP_FLOP17,FLIP_FLOP72,FLIP_FLOP23 900
PIN144 ff_FLIP_FLOP51,FLIP_FLOP17,FLIP_FLOP72,FLIP_FLOP23 755
PIN45 ff_FLIP_FLOP51,FLIP_FLOP17,FLIP_FLOP72,FLIP_FLOP23 315
PIN46 ff_FLIP_FLOP51,FLIP_FLOP17,FLIP_FLOP72,FLIP_FLOP23 870
PIN39 ff_NEW_FLIP_FLOP_15,FLIP_FLOP6,FLIP_FLOP56 60
PIN40 ff_NEW_FLIP_FLOP_15,FLIP_FLOP6,FLIP_FLOP56 95
PIN125 ff_NEW_FLIP_FLOP_15,FLIP_FLOP6,FLIP_FLOP56 285
PIN126 ff_NEW_FLIP_FLOP_15,FLIP_FLOP6,FLIP_FLOP56 405
PIN11 ff_NEW_FLIP_FLOP_15,FLIP_FLOP6,FLIP_FLOP56 615
PIN12 ff_NEW_FLIP_FLOP_15,FLIP_FLOP6,FLIP_FLOP56 145
PIN111 ff_NEW_FLIP_FLOP_15,FLIP_FLOP6,FLIP_FLOP56 355
PIN112 ff_NEW_FLIP_FLOP_15,FLIP_FLOP6,FLIP_FLOP56 50
PIN187 ff_NEW_FLIP_FLOP_14,NEW_FLIP_FLOP_12 25
PIN188 ff_NEW_FLIP_FLOP_14,NEW_FLIP_FLOP_12 275
PIN215 ff_NEW_FLIP_FLOP_14,NEW_FLIP_FLOP_12 350
PIN216 ff_NEW_FLIP_FLOP_14,NEW_FLIP_FLOP_12 245
PIN171 ff_NEW_FLIP_FLOP_14,NEW_FLIP_FLOP_12 100
PIN172 ff_NEW_FLIP_FLOP_14,NEW_FLIP_FLOP_12 340
PIN193 ff_NEW_FLIP_FLOP_14,NEW_FLIP_FLOP_12 20
PIN194 ff_NEW_FLIP_FLOP_14,NEW_FLIP_FLOP_12 95
PIN99 ff_FLIP_FLOP50,FLIP_FLOP74,FLIP_FLOP75,FLIP_FLOP84 185
PIN100 ff_FLIP_FLOP50,FLIP_FLOP74,FLIP_FLOP75,FLIP_FLOP84 310
PIN147 ff_FLIP_FLOP50,FLIP_FLOP74,FLIP_FLOP75,FLIP_FLOP84 285
PIN148 ff_FLIP_FLOP50,FLIP_FLOP74,FLIP_FLOP75,FLIP_FLOP84 180
PIN149 ff_FLIP_FLOP50,FLIP_FLOP74,FLIP_FLOP75,FLIP_FLOP84 480
PIN150 ff_FLIP_FLOP50,FLIP_FLOP74,FLIP_FLOP75,FLIP_FLOP84 670
PIN167 ff_FLIP_FLOP50,FLIP_FLOP74,FLIP_FLOP75,FLIP_FLOP84 630
PIN168 ff_FLIP_FLOP50,FLIP_FLOP74,FLIP_FLOP75,FLIP_FLOP84 310
PIN131 ff_NEW_FLIP_FLOP_13 125
PIN132 ff_NEW_FLIP_FLOP_13 185
PIN135 ff_NEW_FLIP_FLOP_13 315
PIN136 ff_NEW_FLIP_FLOP_13 130
PIN103 ff_FLIP_FLOP52,NEW_FLIP_FLOP_10,FLIP_FLOP36 35
PIN104 ff_FLIP_FLOP52,NEW_FLIP_FLOP_10,FLIP_FLOP36 210
PIN77 ff_FLIP_FLOP52,NEW_FLIP_FLOP_10,FLIP_FLOP36 610
PIN78 ff_FLIP_FLOP52,NEW_FLIP_FLOP_10,FLIP_FLOP36 25
PIN85 ff_FLIP_FLOP52,NEW_FLIP_FLOP_10,FLIP_FLOP36 345
PIN86 ff_FLIP_FLOP52,NEW_FLIP_FLOP_10,FLIP_FLOP36 95
PIN71 ff_FLIP_FLOP52,NEW_FLIP_FLOP_10,FLIP_FLOP36 910
PIN72 ff_FLIP_FLOP52,NEW_FLIP_FLOP_10,FLIP_FLOP36 465
PIN203 ff_FLIP_FLOP102,FLIP_FLOP116,FLIP_FLOP32,FLIP_FLOP33 80
PIN204 ff_FLIP_FLOP102,FLIP_FLOP116,FLIP_FLOP32,FLIP_FLOP33 480
PIN231 ff_FLIP_FLOP102,FLIP_FLOP116,FLIP_FLOP32,FLIP_FLOP33 180
PIN232 ff_FLIP_FLOP102,FLIP_FLOP116,FLIP_FLOP32,FLIP_FLOP33 75
PIN63 ff_FLIP_FLOP102,FLIP_FLOP116,FLIP_FLOP32,FLIP_FLOP33 680
PIN64 ff_FLIP_FLOP102,FLIP_FLOP116,FLIP_FLOP32,FLIP_FLOP33 300
PIN65 ff_FLIP_FLOP102,FLIP_FLOP116,FLIP_FLOP32,FLIP_FLOP33 355
PIN66 ff_FLIP_FLOP102,FLIP_FLOP116,FLIP_FLOP32,FLIP_FLOP33 240
PIN89 ff_FLIP_FLOP45,FLIP_FLOP88 205
PIN90 ff_FLIP_FLOP45,FLIP_FLOP88 750
PIN175 ff_FLIP_FLOP45,FLIP_FLOP88 500
PIN176 ff_FLIP_FLOP45,FLIP_FLOP88 455
PIN37 ff_NEW_FLIP_FLOP_9 200
PIN38 ff_NEW_FLIP_FLOP_9 65
PIN201 ff_NEW_FLIP_FLOP_9 90
PIN202 ff_NEW_FLIP_FLOP_9 75
PIN181 ff_FLIP_FLOP91,FLIP_FLOP53,FLIP_FLOP73,FLIP_FLOP77 110
PIN182 ff_FLIP_FLOP91,FLIP_FLOP53,FLIP_FLOP73,FLIP_FLOP77 110
PIN105 ff_FLIP_FLOP91,FLIP_FLOP53,FLIP_FLOP73,FLIP_FLOP77 440
PIN106 ff_FLIP_FLOP91,FLIP_FLOP53,FLIP_FLOP73,FLIP_FLOP77 75
PIN145 ff_FLIP_FLOP91,FLIP_FLOP53,FLIP_FLOP73,FLIP_FLOP77 605
PIN146 ff_FLIP_FLOP91,FLIP_FLOP53,FLIP_FLOP73,FLIP_FLOP77 315
PIN153 ff_FLIP_FLOP91,FLIP_FLOP53,FLIP_FLOP73,FLIP_FLOP77 370
PIN154 ff_FLIP_FLOP91,FLIP_FLOP53,FLIP_FLOP73,FLIP_FLOP77 80
PIN79 ff_FLIP_FLOP40,FLIP_FLOP46 45
PIN80 ff_FLIP_FLOP40,FLIP_FLOP46 270
PIN91 ff_FLIP_FLOP40,FLIP_FLOP46 460
PIN92 ff_FLIP_FLOP40,FLIP_FLOP46 45
PIN123 ff_FLIP_FLOP62,FLIP_FLOP93 80
PIN124 ff_FLIP_FLOP62,FLIP_FLOP93 155
PIN185 ff_FLIP_FLOP62,FLIP_FLOP93 75
PIN186 ff_FLIP_FLOP62,FLIP_FLOP93 210
PIN225 ff_FLIP_FLOP113,FLIP_FLOP98 400
PIN226 ff_FLIP_FLOP113,FLIP_FLOP98 395
PIN195 ff_FLIP_FLOP113,FLIP_FLOP98 455
PIN196 ff_FLIP_FLOP113,FLIP_FLOP98 725
PIN113 ff_FLIP_FLOP57,FLIP_FLOP12 85
PIN114 ff_FLIP_FLOP57,FLIP_FLOP12 400
PIN23 ff_FLIP_FLOP57,FLIP_FLOP12 150
PIN24 ff_FLIP_FLOP57,FLIP_FLOP12 505
PIN27 ff_NEW_FLIP_FLOP_18,NEW_FLIP_FLOP_21 60
PIN28 ff_NEW_FLIP_FLOP_18,NEW_FLIP_FLOP_21 525
PIN165 ff_NEW_FLIP_FLOP_18,NEW_FLIP_FLOP_21 270
PIN166 ff_NEW_FLIP_FLOP_18,NEW_FLIP_FLOP_21 40
PIN83 ff_NEW_FLIP_FLOP_18,NEW_FLIP_FLOP_21 520
PIN84 ff_NEW_FLIP_FLOP_18,NEW_FLIP_FLOP_21 40
PIN235 ff_NEW_FLIP_FLOP_18,NEW_FLIP_FLOP_21 175
PIN236 ff_NEW_FLIP_FLOP_18,NEW_FLIP_FLOP_21 675
PIN73 ff_NEW_FLIP_FLOP_22 185
PIN74 ff_NEW_FLIP_FLOP_22 310
PIN177 ff_NEW_FLIP_FLOP_22 185
PIN178 ff_NEW_FLIP_FLOP_22 810
PIN3 ff_NEW_FLIP_FLOP_17 285
PIN4 ff_NEW_FLIP_FLOP_17 15
PIN115 ff_NEW_FLIP_FLOP_17 10
PIN116 ff_NEW_FLIP_FLOP_17 25
PIN209 ff_FLIP_FLOP105 320
PIN210 ff_FLIP_FLOP105 145
PIN233 ff_FLIP_FLOP117 305
PIN234 ff_FLIP_FLOP117 640
PIN59 ff_NEW_FLIP_FLOP_19 135
PIN60 ff_NEW_FLIP_FLOP_19 70
PIN173 ff_NEW_FLIP_FLOP_19 625
PIN174 ff_NEW_FLIP_FLOP_19 65
PIN157 ff_NEW_FLIP_FLOP_20 60
PIN158 ff_NEW_FLIP_FLOP_20 470
PIN163 ff_NEW_FLIP_FLOP_20 55
PIN164 ff_NEW_FLIP_FLOP_20 310
[END NET_LIST]
