[FLIP_FLOP_LIST]
FF4 ff_NEW_FLIP_FLOP_4,NEW_FLIP_FLOP_2 (460,160)
FF4 ff_NEW_FLIP_FLOP_6,NEW_FLIP_FLOP_5 (350,250)
FF4 ff_NEW_FLIP_FLOP_1,NEW_FLIP_FLOP_7 (535,450)
FF4 ff_NEW_FLIP_FLOP_8,NEW_FLIP_FLOP_3 (760,515)
FF4 ff_FLIP_FLOP4_#1_4,FLIP_FLOP104_#1_104,FLIP_FLOP9_#1_9,FLIP_FLOP11_#1_11 (220,1340)
FF4 ff_FLIP_FLOP120_#1_120,FLIP_FLOP54_#1_54,FLIP_FLOP59_#1_59,FLIP_FLOP61_#1_61 (1185,580)
FF4 ff_FLIP_FLOP80_#1_80,FLIP_FLOP64_#1_64,FLIP_FLOP65_#1_65,FLIP_FLOP24_#1_24 (925,770)
FF4 ff_FLIP_FLOP41_#1_41,FLIP_FLOP3_#1_3,FLIP_FLOP10_#1_10,FLIP_FLOP25_#1_25 (500,1275)
FF4 ff_FLIP_FLOP34_#1_34,FLIP_FLOP28_#1_28,FLIP_FLOP78_#1_78,FLIP_FLOP38_#1_38 (950,790)
FF4 ff_FLIP_FLOP27_#1_27,FLIP_FLOP106_#1_106,FLIP_FLOP114_#1_114,FLIP_FLOP95_#1_95 (620,1480)
FF4 ff_FLIP_FLOP103_#1_103,FLIP_FLOP55_#1_55,FLIP_FLOP109_#1_109,FLIP_FLOP112_#1_112 (1185,955)
FF4 ff_FLIP_FLOP48_#1_48,NEW_FLIP_FLOP_22,FLIP_FLOP107_#1_107 (435,1935)
FF4 ff_FLIP_FLOP71_#1_71,FLIP_FLOP60_#1_60,FLIP_FLOP47_#1_47,FLIP_FLOP96_#1_96 (740,1765)
FF4 ff_FLIP_FLOP92_#1_92,NEW_FLIP_FLOP_11,FLIP_FLOP13_#1_13 (1915,560)
FF4 ff_FLIP_FLOP90_#1_90,FLIP_FLOP16_#1_16,FLIP_FLOP67_#1_67,FLIP_FLOP22_#1_22 (1845,820)
FF4 ff_FLIP_FLOP99_#1_99,FLIP_FLOP8_#1_8,FLIP_FLOP15_#1_15,FLIP_FLOP119_#1_119 (1430,1330)
FF4 ff_FLIP_FLOP51_#1_51,FLIP_FLOP17_#1_17,FLIP_FLOP23_#1_23,FLIP_FLOP72_#1_72 (2160,725)
FF4 ff_NEW_FLIP_FLOP_21,FLIP_FLOP56_#1_56,FLIP_FLOP6_#1_6 (840,2105)
FF4 ff_NEW_FLIP_FLOP_20,NEW_FLIP_FLOP_18 (410,2345)
FF4 ff_FLIP_FLOP50_#1_50,FLIP_FLOP74_#1_74,FLIP_FLOP75_#1_75,FLIP_FLOP84_#1_84 (1930,960)
FF4 ff_NEW_FLIP_FLOP_19,FLIP_FLOP49_#3_49,FLIP_FLOP111_#3_111 (405,2585)
FF4 ff_FLIP_FLOP52_#1_52,NEW_FLIP_FLOP_10,FLIP_FLOP36_#1_36 (2405,760)
FF4 ff_FLIP_FLOP102_#1_102,FLIP_FLOP116_#1_116,FLIP_FLOP32_#1_32,FLIP_FLOP33_#1_33 (1385,1920)
FF4 ff_FLIP_FLOP45_#1_45,FLIP_FLOP11_#2_11,FLIP_FLOP88_#1_88,FLIP_FLOP93_#1_93 (2290,1070)
FF4 ff_NEW_FLIP_FLOP_9,FLIP_FLOP18_#2_18,FLIP_FLOP49_#2_49 (2795,695)
FF4 ff_FLIP_FLOP69_#2_69,FLIP_FLOP26_#2_26,FLIP_FLOP111_#2_111,FLIP_FLOP29_#2_29 (3370,250)
FF4 ff_FLIP_FLOP69_#3_69,FLIP_FLOP29_#3_29,FLIP_FLOP44_#3_44,FLIP_FLOP7_#3_7 (310,3310)
FF4 ff_FLIP_FLOP91_#1_91,FLIP_FLOP53_#1_53,FLIP_FLOP73_#1_73,FLIP_FLOP77_#1_77 (1875,1675)
FF4 ff_FLIP_FLOP40_#1_40,FLIP_FLOP100_#3_100,FLIP_FLOP65_#3_65,FLIP_FLOP115_#3_115 (900,2685)
FF4 ff_FLIP_FLOP76_#2_76,FLIP_FLOP115_#2_115,FLIP_FLOP31_#2_31,FLIP_FLOP35_#2_35 (3380,170)
FF4 ff_FLIP_FLOP76_#3_76,FLIP_FLOP38_#3_38,FLIP_FLOP50_#3_50,FLIP_FLOP18_#3_18 (495,3345)
FF4 ff_FLIP_FLOP7_#2_7,FLIP_FLOP38_#2_38,FLIP_FLOP44_#2_44,FLIP_FLOP100_#2_100 (3555,275)
FF2 ff_FLIP_FLOP21_#2_21,FLIP_FLOP81_#2_81 (3535,450)
FF4 ff_FLIP_FLOP21_#3_21,FLIP_FLOP81_#3_81,FLIP_FLOP26_#3_26,FLIP_FLOP31_#3_31 (535,3450)
FF2 ff_FLIP_FLOP62_#1_62,FLIP_FLOP98_#1_98 (1965,1930)
FF2 ff_FLIP_FLOP113_#1_113,FLIP_FLOP46_#1_46 (1445,2400)
FF4 ff_FLIP_FLOP57_#1_57,FLIP_FLOP27_#2_27,FLIP_FLOP12_#1_12,FLIP_FLOP64_#2_64 (2855,1245)
FF4 ff_NEW_FLIP_FLOP_24,NEW_FLIP_FLOP_27 (2195,2165)
FF4 ff_FLIP_FLOP4_#2_4,FLIP_FLOP25_#2_25,FLIP_FLOP71_#2_71,FLIP_FLOP28_#2_28 (3260,1315)
FF4 ff_NEW_FLIP_FLOP_36,NEW_FLIP_FLOP_42 (305,4190)
FF4 ff_FLIP_FLOP35_#3_35,FLIP_FLOP80_#3_80,FLIP_FLOP78_#3_78,FLIP_FLOP120_#3_120 (1090,3520)
FF4 ff_FLIP_FLOP85_#2_85,NEW_FLIP_FLOP_14,FLIP_FLOP78_#2_78 (4055,580)
FF4 ff_FLIP_FLOP85_#3_85,FLIP_FLOP51_#3_51,FLIP_FLOP54_#3_54,FLIP_FLOP64_#3_64 (935,3750)
FF4 ff_NEW_FLIP_FLOP_17,NEW_FLIP_FLOP_12 (4115,605)
FF4 ff_FLIP_FLOP41_#2_41,FLIP_FLOP1_#2_1,FLIP_FLOP3_#2_3,FLIP_FLOP10_#2_10 (3500,1275)
FF4 ff_NEW_FLIP_FLOP_41,NEW_FLIP_FLOP_37 (500,4275)
FF4 ff_NEW_FLIP_FLOP_25,FLIP_FLOP110_#2_110,FLIP_FLOP9_#2_9 (2630,2205)
FF2 ff_FLIP_FLOP105_#1_105,FLIP_FLOP61_#3_61 (1805,2970)
FF2 ff_FLIP_FLOP34_#3_34,FLIP_FLOP59_#3_59 (1130,3705)
FF2 ff_NEW_FLIP_FLOP_26 (2350,2270)
FF2 ff_FLIP_FLOP24_#3_24,FLIP_FLOP109_#3_109 (1165,3850)
FF4 ff_NEW_FLIP_FLOP_38,FLIP_FLOP1_#3_1,FLIP_FLOP94_#3_94 (305,4785)
FF4 ff_FLIP_FLOP95_#2_95,FLIP_FLOP55_#2_55,FLIP_FLOP16_#2_16,FLIP_FLOP59_#2_59 (3970,1165)
FF4 ff_NEW_FLIP_FLOP_40,FLIP_FLOP9_#3_9,FLIP_FLOP106_#3_106 (470,4640)
FF4 ff_FLIP_FLOP103_#2_103,NEW_FLIP_FLOP_13,FLIP_FLOP112_#2_112 (4175,950)
FF2 ff_NEW_FLIP_FLOP_28 (2740,2015)
FF4 ff_FLIP_FLOP48_#2_48,FLIP_FLOP104_#2_104,FLIP_FLOP86_#2_86,FLIP_FLOP94_#2_94 (3415,1915)
FF4 ff_NEW_FLIP_FLOP_23,FLIP_FLOP49_#4_49,FLIP_FLOP18_#4_18 (2545,2945)
FF4 ff_FLIP_FLOP60_#2_60,FLIP_FLOP47_#2_47,FLIP_FLOP114_#2_114,FLIP_FLOP102_#2_102 (3785,1740)
FF4 ff_NEW_FLIP_FLOP_39,FLIP_FLOP47_#3_47,FLIP_FLOP96_#3_96 (775,4740)
FF4 ff_FLIP_FLOP92_#3_92,NEW_FLIP_FLOP_49,FLIP_FLOP90_#3_90 (1835,3715)
FF4 ff_NEW_FLIP_FLOP_16,FLIP_FLOP22_#2_22,FLIP_FLOP23_#2_23 (4865,715)
FF4 ff_NEW_FLIP_FLOP_15,FLIP_FLOP67_#2_67,FLIP_FLOP72_#2_72 (4785,830)
FF4 ff_FLIP_FLOP99_#2_99,FLIP_FLOP73_#2_73,FLIP_FLOP75_#2_75,FLIP_FLOP119_#2_119 (4560,1295)
FF4 ff_FLIP_FLOP99_#3_99,NEW_FLIP_FLOP_50,FLIP_FLOP119_#3_119 (1525,4290)
FF4 ff_FLIP_FLOP5_#2_5,FLIP_FLOP70_#2_70,FLIP_FLOP74_#2_74,FLIP_FLOP36_#2_36 (5150,680)
FF4 ff_FLIP_FLOP5_#3_5,NEW_FLIP_FLOP_46,FLIP_FLOP101_#3_101 (2185,3715)
FF4 ff_FLIP_FLOP20_#2_20,NEW_FLIP_FLOP_35,FLIP_FLOP63_#2_63 (3780,2050)
FF4 ff_FLIP_FLOP20_#3_20,FLIP_FLOP86_#3_86,FLIP_FLOP6_#3_6,FLIP_FLOP56_#3_56 (840,5105)
FF4 ff_FLIP_FLOP117_#1_117,FLIP_FLOP31_#4_31,FLIP_FLOP68_#2_68,FLIP_FLOP69_#4_69 (3010,3040)
FF4 ff_FLIP_FLOP66_#2_66,FLIP_FLOP108_#2_108,FLIP_FLOP111_#4_111,FLIP_FLOP44_#4_44 (3405,2585)
FF4 ff_FLIP_FLOP66_#3_66,FLIP_FLOP63_#3_63,FLIP_FLOP107_#3_107,FLIP_FLOP108_#3_108 (575,5290)
FF4 ff_FLIP_FLOP70_#3_70,FLIP_FLOP72_#3_72,FLIP_FLOP75_#3_75,FLIP_FLOP43_#3_43 (2255,3830)
FF4 ff_FLIP_FLOP52_#2_52,FLIP_FLOP39_#2_39,FLIP_FLOP43_#2_43,FLIP_FLOP88_#2_88 (5405,760)
FF4 ff_NEW_FLIP_FLOP_45,NEW_FLIP_FLOP_48 (1980,4035)
FF4 ff_FLIP_FLOP97_#2_97,FLIP_FLOP76_#4_76,FLIP_FLOP115_#4_115,FLIP_FLOP35_#4_35 (3270,2950)
FF2 ff_FLIP_FLOP97_#3_97,FLIP_FLOP68_#3_68 (215,5630)
FF4 ff_FLIP_FLOP114_#3_114,FLIP_FLOP91_#3_91,FLIP_FLOP55_#3_55,FLIP_FLOP98_#3_98 (1335,4645)
FF4 ff_FLIP_FLOP112_#3_112,FLIP_FLOP8_#3_8,FLIP_FLOP15_#3_15,FLIP_FLOP33_#3_33 (1645,4460)
FF4 ff_FLIP_FLOP15_#2_15,FLIP_FLOP8_#2_8,FLIP_FLOP91_#2_91,FLIP_FLOP93_#2_93 (4580,1425)
FF4 ff_FLIP_FLOP84_#2_84,FLIP_FLOP45_#2_45,FLIP_FLOP101_#2_101,FLIP_FLOP13_#2_13 (5195,965)
FF4 ff_FLIP_FLOP102_#3_102,FLIP_FLOP32_#3_32,FLIP_FLOP113_#3_113,FLIP_FLOP116_#3_116 (1325,5010)
FF2 ff_NEW_FLIP_FLOP_47 (2215,3995)
FF2 ff_FLIP_FLOP110_#3_110,FLIP_FLOP40_#3_40 (890,5495)
FF4 ff_NEW_FLIP_FLOP_31,NEW_FLIP_FLOP_32 (4435,2185)
FF4 ff_FLIP_FLOP53_#2_53,NEW_FLIP_FLOP_30,FLIP_FLOP37_#2_37 (4955,1815)
FF4 ff_FLIP_FLOP53_#3_53,FLIP_FLOP37_#3_37,FLIP_FLOP83_#3_83,FLIP_FLOP62_#3_62 (1965,4825)
FF2 ff_FLIP_FLOP19_#2_19,FLIP_FLOP17_#2_17 (5800,810)
FF4 ff_FLIP_FLOP19_#3_19,FLIP_FLOP39_#3_39,FLIP_FLOP11_#4_11,FLIP_FLOP50_#4_50 (2895,3905)
FF4 ff_FLIP_FLOP7_#4_7,FLIP_FLOP38_#4_38,FLIP_FLOP26_#4_26,FLIP_FLOP29_#4_29 (3445,3385)
FF2 ff_FLIP_FLOP21_#4_21,FLIP_FLOP81_#4_81 (3535,3450)
FF2 ff_NEW_FLIP_FLOP_43 (2790,4195)
FF2 ff_FLIP_FLOP57_#2_57,FLIP_FLOP12_#2_12 (5820,1210)
FF4 ff_NEW_FLIP_FLOP_34,NEW_FLIP_FLOP_33 (4405,2210)
FF4 ff_FLIP_FLOP100_#4_100,FLIP_FLOP34_#4_34,FLIP_FLOP80_#4_80,FLIP_FLOP85_#4_85 (3805,3430)
FF4 ff_FLIP_FLOP83_#2_83,FLIP_FLOP30_#2_30,FLIP_FLOP118_#2_118,FLIP_FLOP79_#2_79 (5290,2055)
FF4 ff_FLIP_FLOP77_#3_77,FLIP_FLOP79_#3_79,FLIP_FLOP118_#3_118,FLIP_FLOP82_#3_82 (2240,5160)
FF4 ff_FLIP_FLOP4_#4_4,FLIP_FLOP104_#4_104,FLIP_FLOP1_#4_1,FLIP_FLOP71_#4_71 (3270,4360)
FF4 ff_FLIP_FLOP120_#4_120,FLIP_FLOP51_#4_51,FLIP_FLOP54_#4_54,FLIP_FLOP59_#4_59 (4170,3595)
FF4 ff_FLIP_FLOP41_#4_41,FLIP_FLOP3_#4_3,FLIP_FLOP10_#4_10,FLIP_FLOP94_#4_94 (3520,4310)
FF4 ff_FLIP_FLOP46_#3_46,FLIP_FLOP14_#3_14,FLIP_FLOP2_#3_2,FLIP_FLOP42_#3_42 (2090,5565)
FF4 ff_FLIP_FLOP42_#2_42,FLIP_FLOP70_#4_70,FLIP_FLOP2_#2_2,FLIP_FLOP82_#2_82 (5070,2800)
FF4 ff_FLIP_FLOP30_#3_30,FLIP_FLOP9_#4_9,FLIP_FLOP110_#4_110,FLIP_FLOP87_#3_87 (2630,5205)
FF1 ff_FLIP_FLOP14_#2_14 (5180,2415)
FF2 ff_FLIP_FLOP105_#2_105,FLIP_FLOP61_#4_61 (4805,2970)
FF1 ff_FLIP_FLOP105_#3_105 (1805,5970)
FF4 ff_FLIP_FLOP24_#4_24,FLIP_FLOP109_#4_109,FLIP_FLOP65_#4_65,FLIP_FLOP103_#4_103 (4120,3895)
FF4 ff_FLIP_FLOP27_#4_27,FLIP_FLOP106_#4_106,FLIP_FLOP95_#4_95,FLIP_FLOP25_#4_25 (3620,4480)
FF2 ff_FLIP_FLOP89_#2_89,FLIP_FLOP87_#2_87 (5885,2095)
FF2 ff_FLIP_FLOP89_#3_89,FLIP_FLOP48_#4_48 (3265,4865)
FF4 ff_FLIP_FLOP60_#4_60,FLIP_FLOP96_#4_96,FLIP_FLOP107_#4_107,FLIP_FLOP28_#4_28 (3760,4755)
FF4 ff_FLIP_FLOP92_#4_92,FLIP_FLOP67_#4_67,FLIP_FLOP72_#4_72,FLIP_FLOP36_#4_36 (4870,3685)
FF4 ff_FLIP_FLOP90_#4_90,FLIP_FLOP101_#4_101,FLIP_FLOP74_#4_74,FLIP_FLOP5_#4_5 (4910,3855)
FF4 ff_NEW_FLIP_FLOP_55,NEW_FLIP_FLOP_54 (4405,4225)
FF4 ff_NEW_FLIP_FLOP_52,FLIP_FLOP6_#4_6,FLIP_FLOP33_#4_33 (4135,4815)
FF4 ff_FLIP_FLOP20_#4_20,FLIP_FLOP86_#4_86,FLIP_FLOP56_#4_56,FLIP_FLOP98_#4_98 (3840,5105)
FF2 ff_FLIP_FLOP117_#2_117,FLIP_FLOP58_#2_58 (5840,2910)
FF4 ff_FLIP_FLOP117_#3_117,FLIP_FLOP68_#4_68,FLIP_FLOP108_#4_108,FLIP_FLOP58_#3_58 (2910,5870)
FF2 ff_FLIP_FLOP66_#4_66,FLIP_FLOP97_#4_97 (3340,5415)
FF4 ff_FLIP_FLOP52_#4_52,FLIP_FLOP39_#4_39,FLIP_FLOP43_#4_43,FLIP_FLOP13_#4_13 (5345,3820)
FF4 ff_NEW_FLIP_FLOP_57,FLIP_FLOP73_#4_73,FLIP_FLOP84_#4_84 (4845,4180)
FF4 ff_NEW_FLIP_FLOP_51,NEW_FLIP_FLOP_56 (4285,4590)
FF4 ff_FLIP_FLOP45_#4_45,FLIP_FLOP16_#4_16,FLIP_FLOP17_#4_17,FLIP_FLOP88_#4_88 (5325,3880)
FF4 ff_FLIP_FLOP23_#4_23,FLIP_FLOP22_#4_22,FLIP_FLOP12_#4_12,FLIP_FLOP93_#4_93 (5335,4105)
FF4 ff_NEW_FLIP_FLOP_53,FLIP_FLOP77_#4_77,FLIP_FLOP37_#4_37 (4875,4675)
FF2 ff_FLIP_FLOP40_#4_40,FLIP_FLOP63_#4_63 (3965,5570)
FF1 ff_FLIP_FLOP19_#4_19 (5800,3810)
FF4 ff_FLIP_FLOP62_#4_62,FLIP_FLOP32_#4_32,FLIP_FLOP116_#4_116,FLIP_FLOP42_#4_42 (4975,5015)
FF2 ff_FLIP_FLOP113_#4_113,FLIP_FLOP46_#4_46 (4445,5400)
FF1 ff_FLIP_FLOP57_#4_57 (5820,4210)
FF4 ff_FLIP_FLOP83_#4_83,FLIP_FLOP79_#4_79,FLIP_FLOP118_#4_118,FLIP_FLOP82_#4_82 (5210,5135)
FF2 ff_FLIP_FLOP30_#4_30,FLIP_FLOP87_#4_87 (5550,5265)
FF2 ff_FLIP_FLOP14_#4_14,FLIP_FLOP2_#4_2 (5105,5580)
FF2 ff_FLIP_FLOP89_#4_89,FLIP_FLOP58_#4_58 (5890,5270)
FF1 ff_FLIP_FLOP105_#4_105 (4805,5970)
FF1 ff_FLIP_FLOP117_#4_117 (5840,5910)
FF2 ff_NEW_FLIP_FLOP_29 (4095,2565)
FF2 ff_NEW_FLIP_FLOP_44 (2475,3965)
[END FLIP_FLOP_LIST]
[NET_LIST]
PIN51_#1_51 ff_NEW_FLIP_FLOP_4,NEW_FLIP_FLOP_2 185
PIN52_#1_52 ff_NEW_FLIP_FLOP_4,NEW_FLIP_FLOP_2 620
PIN137_#1_137 ff_NEW_FLIP_FLOP_4,NEW_FLIP_FLOP_2 30
PIN138_#1_138 ff_NEW_FLIP_FLOP_4,NEW_FLIP_FLOP_2 360
PIN57_#1_57 ff_NEW_FLIP_FLOP_4,NEW_FLIP_FLOP_2 20
PIN58_#1_58 ff_NEW_FLIP_FLOP_4,NEW_FLIP_FLOP_2 280
PIN199_#1_199 ff_NEW_FLIP_FLOP_4,NEW_FLIP_FLOP_2 370
PIN200_#1_200 ff_NEW_FLIP_FLOP_4,NEW_FLIP_FLOP_2 45
PIN69_#1_69 ff_NEW_FLIP_FLOP_6,NEW_FLIP_FLOP_5 395
PIN70_#1_70 ff_NEW_FLIP_FLOP_6,NEW_FLIP_FLOP_5 625
PIN151_#1_151 ff_NEW_FLIP_FLOP_6,NEW_FLIP_FLOP_5 675
PIN152_#1_152 ff_NEW_FLIP_FLOP_6,NEW_FLIP_FLOP_5 305
PIN13_#1_13 ff_NEW_FLIP_FLOP_6,NEW_FLIP_FLOP_5 205
PIN14_#1_14 ff_NEW_FLIP_FLOP_6,NEW_FLIP_FLOP_5 595
PIN221_#1_221 ff_NEW_FLIP_FLOP_6,NEW_FLIP_FLOP_5 200
PIN222_#1_222 ff_NEW_FLIP_FLOP_6,NEW_FLIP_FLOP_5 370
PIN41_#1_41 ff_NEW_FLIP_FLOP_1,NEW_FLIP_FLOP_7 15
PIN42_#1_42 ff_NEW_FLIP_FLOP_1,NEW_FLIP_FLOP_7 400
PIN161_#1_161 ff_NEW_FLIP_FLOP_1,NEW_FLIP_FLOP_7 15
PIN162_#1_162 ff_NEW_FLIP_FLOP_1,NEW_FLIP_FLOP_7 130
PIN35_#1_35 ff_NEW_FLIP_FLOP_1,NEW_FLIP_FLOP_7 805
PIN36_#1_36 ff_NEW_FLIP_FLOP_1,NEW_FLIP_FLOP_7 160
PIN61_#1_61 ff_NEW_FLIP_FLOP_1,NEW_FLIP_FLOP_7 935
PIN62_#1_62 ff_NEW_FLIP_FLOP_1,NEW_FLIP_FLOP_7 400
PIN87_#1_87 ff_NEW_FLIP_FLOP_8,NEW_FLIP_FLOP_3 515
PIN88_#1_88 ff_NEW_FLIP_FLOP_8,NEW_FLIP_FLOP_3 255
PIN97_#1_97 ff_NEW_FLIP_FLOP_8,NEW_FLIP_FLOP_3 55
PIN98_#1_98 ff_NEW_FLIP_FLOP_8,NEW_FLIP_FLOP_3 480
PIN169_#1_169 ff_NEW_FLIP_FLOP_8,NEW_FLIP_FLOP_3 800
PIN170_#1_170 ff_NEW_FLIP_FLOP_8,NEW_FLIP_FLOP_3 45
PIN229_#1_229 ff_NEW_FLIP_FLOP_8,NEW_FLIP_FLOP_3 265
PIN230_#1_230 ff_NEW_FLIP_FLOP_8,NEW_FLIP_FLOP_3 315
PIN7_#1_7 ff_FLIP_FLOP4_#1_4,FLIP_FLOP104_#1_104,FLIP_FLOP9_#1_9,FLIP_FLOP11_#1_11 615
PIN8_#1_8 ff_FLIP_FLOP4_#1_4,FLIP_FLOP104_#1_104,FLIP_FLOP9_#1_9,FLIP_FLOP11_#1_11 45
PIN207_#1_207 ff_FLIP_FLOP4_#1_4,FLIP_FLOP104_#1_104,FLIP_FLOP9_#1_9,FLIP_FLOP11_#1_11 470
PIN208_#1_208 ff_FLIP_FLOP4_#1_4,FLIP_FLOP104_#1_104,FLIP_FLOP9_#1_9,FLIP_FLOP11_#1_11 655
PIN17_#1_17 ff_FLIP_FLOP4_#1_4,FLIP_FLOP104_#1_104,FLIP_FLOP9_#1_9,FLIP_FLOP11_#1_11 315
PIN18_#1_18 ff_FLIP_FLOP4_#1_4,FLIP_FLOP104_#1_104,FLIP_FLOP9_#1_9,FLIP_FLOP11_#1_11 45
PIN21_#1_21 ff_FLIP_FLOP4_#1_4,FLIP_FLOP104_#1_104,FLIP_FLOP9_#1_9,FLIP_FLOP11_#1_11 1095
PIN22_#1_22 ff_FLIP_FLOP4_#1_4,FLIP_FLOP104_#1_104,FLIP_FLOP9_#1_9,FLIP_FLOP11_#1_11 930
PIN239_#1_239 ff_FLIP_FLOP120_#1_120,FLIP_FLOP54_#1_54,FLIP_FLOP59_#1_59,FLIP_FLOP61_#1_61 25
PIN240_#1_240 ff_FLIP_FLOP120_#1_120,FLIP_FLOP54_#1_54,FLIP_FLOP59_#1_59,FLIP_FLOP61_#1_61 330
PIN107_#1_107 ff_FLIP_FLOP120_#1_120,FLIP_FLOP54_#1_54,FLIP_FLOP59_#1_59,FLIP_FLOP61_#1_61 515
PIN108_#1_108 ff_FLIP_FLOP120_#1_120,FLIP_FLOP54_#1_54,FLIP_FLOP59_#1_59,FLIP_FLOP61_#1_61 960
PIN117_#1_117 ff_FLIP_FLOP120_#1_120,FLIP_FLOP54_#1_54,FLIP_FLOP59_#1_59,FLIP_FLOP61_#1_61 340
PIN118_#1_118 ff_FLIP_FLOP120_#1_120,FLIP_FLOP54_#1_54,FLIP_FLOP59_#1_59,FLIP_FLOP61_#1_61 20
PIN121_#1_121 ff_FLIP_FLOP120_#1_120,FLIP_FLOP54_#1_54,FLIP_FLOP59_#1_59,FLIP_FLOP61_#1_61 95
PIN122_#1_122 ff_FLIP_FLOP120_#1_120,FLIP_FLOP54_#1_54,FLIP_FLOP59_#1_59,FLIP_FLOP61_#1_61 195
PIN159_#1_159 ff_FLIP_FLOP80_#1_80,FLIP_FLOP64_#1_64,FLIP_FLOP65_#1_65,FLIP_FLOP24_#1_24 55
PIN160_#1_160 ff_FLIP_FLOP80_#1_80,FLIP_FLOP64_#1_64,FLIP_FLOP65_#1_65,FLIP_FLOP24_#1_24 50
PIN127_#1_127 ff_FLIP_FLOP80_#1_80,FLIP_FLOP64_#1_64,FLIP_FLOP65_#1_65,FLIP_FLOP24_#1_24 45
PIN128_#1_128 ff_FLIP_FLOP80_#1_80,FLIP_FLOP64_#1_64,FLIP_FLOP65_#1_65,FLIP_FLOP24_#1_24 600
PIN129_#1_129 ff_FLIP_FLOP80_#1_80,FLIP_FLOP64_#1_64,FLIP_FLOP65_#1_65,FLIP_FLOP24_#1_24 500
PIN130_#1_130 ff_FLIP_FLOP80_#1_80,FLIP_FLOP64_#1_64,FLIP_FLOP65_#1_65,FLIP_FLOP24_#1_24 40
PIN47_#1_47 ff_FLIP_FLOP80_#1_80,FLIP_FLOP64_#1_64,FLIP_FLOP65_#1_65,FLIP_FLOP24_#1_24 105
PIN48_#1_48 ff_FLIP_FLOP80_#1_80,FLIP_FLOP64_#1_64,FLIP_FLOP65_#1_65,FLIP_FLOP24_#1_24 720
PIN81_#1_81 ff_FLIP_FLOP41_#1_41,FLIP_FLOP3_#1_3,FLIP_FLOP10_#1_10,FLIP_FLOP25_#1_25 40
PIN82_#1_82 ff_FLIP_FLOP41_#1_41,FLIP_FLOP3_#1_3,FLIP_FLOP10_#1_10,FLIP_FLOP25_#1_25 415
PIN5_#1_5 ff_FLIP_FLOP41_#1_41,FLIP_FLOP3_#1_3,FLIP_FLOP10_#1_10,FLIP_FLOP25_#1_25 30
PIN6_#1_6 ff_FLIP_FLOP41_#1_41,FLIP_FLOP3_#1_3,FLIP_FLOP10_#1_10,FLIP_FLOP25_#1_25 135
PIN19_#1_19 ff_FLIP_FLOP41_#1_41,FLIP_FLOP3_#1_3,FLIP_FLOP10_#1_10,FLIP_FLOP25_#1_25 25
PIN20_#1_20 ff_FLIP_FLOP41_#1_41,FLIP_FLOP3_#1_3,FLIP_FLOP10_#1_10,FLIP_FLOP25_#1_25 510
PIN49_#1_49 ff_FLIP_FLOP41_#1_41,FLIP_FLOP3_#1_3,FLIP_FLOP10_#1_10,FLIP_FLOP25_#1_25 975
PIN50_#1_50 ff_FLIP_FLOP41_#1_41,FLIP_FLOP3_#1_3,FLIP_FLOP10_#1_10,FLIP_FLOP25_#1_25 520
PIN67_#1_67 ff_FLIP_FLOP34_#1_34,FLIP_FLOP28_#1_28,FLIP_FLOP78_#1_78,FLIP_FLOP38_#1_38 15
PIN68_#1_68 ff_FLIP_FLOP34_#1_34,FLIP_FLOP28_#1_28,FLIP_FLOP78_#1_78,FLIP_FLOP38_#1_38 585
PIN55_#1_55 ff_FLIP_FLOP34_#1_34,FLIP_FLOP28_#1_28,FLIP_FLOP78_#1_78,FLIP_FLOP38_#1_38 15
PIN56_#1_56 ff_FLIP_FLOP34_#1_34,FLIP_FLOP28_#1_28,FLIP_FLOP78_#1_78,FLIP_FLOP38_#1_38 1215
PIN155_#1_155 ff_FLIP_FLOP34_#1_34,FLIP_FLOP28_#1_28,FLIP_FLOP78_#1_78,FLIP_FLOP38_#1_38 380
PIN156_#1_156 ff_FLIP_FLOP34_#1_34,FLIP_FLOP28_#1_28,FLIP_FLOP78_#1_78,FLIP_FLOP38_#1_38 195
PIN75_#1_75 ff_FLIP_FLOP34_#1_34,FLIP_FLOP28_#1_28,FLIP_FLOP78_#1_78,FLIP_FLOP38_#1_38 570
PIN76_#1_76 ff_FLIP_FLOP34_#1_34,FLIP_FLOP28_#1_28,FLIP_FLOP78_#1_78,FLIP_FLOP38_#1_38 345
PIN53_#1_53 ff_FLIP_FLOP27_#1_27,FLIP_FLOP106_#1_106,FLIP_FLOP114_#1_114,FLIP_FLOP95_#1_95 355
PIN54_#1_54 ff_FLIP_FLOP27_#1_27,FLIP_FLOP106_#1_106,FLIP_FLOP114_#1_114,FLIP_FLOP95_#1_95 45
PIN211_#1_211 ff_FLIP_FLOP27_#1_27,FLIP_FLOP106_#1_106,FLIP_FLOP114_#1_114,FLIP_FLOP95_#1_95 35
PIN212_#1_212 ff_FLIP_FLOP27_#1_27,FLIP_FLOP106_#1_106,FLIP_FLOP114_#1_114,FLIP_FLOP95_#1_95 170
PIN227_#1_227 ff_FLIP_FLOP27_#1_27,FLIP_FLOP106_#1_106,FLIP_FLOP114_#1_114,FLIP_FLOP95_#1_95 135
PIN228_#1_228 ff_FLIP_FLOP27_#1_27,FLIP_FLOP106_#1_106,FLIP_FLOP114_#1_114,FLIP_FLOP95_#1_95 425
PIN189_#1_189 ff_FLIP_FLOP27_#1_27,FLIP_FLOP106_#1_106,FLIP_FLOP114_#1_114,FLIP_FLOP95_#1_95 420
PIN190_#1_190 ff_FLIP_FLOP27_#1_27,FLIP_FLOP106_#1_106,FLIP_FLOP114_#1_114,FLIP_FLOP95_#1_95 60
PIN205_#1_205 ff_FLIP_FLOP103_#1_103,FLIP_FLOP55_#1_55,FLIP_FLOP109_#1_109,FLIP_FLOP112_#1_112 45
PIN206_#1_206 ff_FLIP_FLOP103_#1_103,FLIP_FLOP55_#1_55,FLIP_FLOP109_#1_109,FLIP_FLOP112_#1_112 25
PIN109_#1_109 ff_FLIP_FLOP103_#1_103,FLIP_FLOP55_#1_55,FLIP_FLOP109_#1_109,FLIP_FLOP112_#1_112 540
PIN110_#1_110 ff_FLIP_FLOP103_#1_103,FLIP_FLOP55_#1_55,FLIP_FLOP109_#1_109,FLIP_FLOP112_#1_112 15
PIN217_#1_217 ff_FLIP_FLOP103_#1_103,FLIP_FLOP55_#1_55,FLIP_FLOP109_#1_109,FLIP_FLOP112_#1_112 595
PIN218_#1_218 ff_FLIP_FLOP103_#1_103,FLIP_FLOP55_#1_55,FLIP_FLOP109_#1_109,FLIP_FLOP112_#1_112 50
PIN223_#1_223 ff_FLIP_FLOP103_#1_103,FLIP_FLOP55_#1_55,FLIP_FLOP109_#1_109,FLIP_FLOP112_#1_112 45
PIN224_#1_224 ff_FLIP_FLOP103_#1_103,FLIP_FLOP55_#1_55,FLIP_FLOP109_#1_109,FLIP_FLOP112_#1_112 745
PIN95_#1_95 ff_FLIP_FLOP48_#1_48,NEW_FLIP_FLOP_22,FLIP_FLOP107_#1_107 325
PIN96_#1_96 ff_FLIP_FLOP48_#1_48,NEW_FLIP_FLOP_22,FLIP_FLOP107_#1_107 10
PIN1_#1_1 ff_FLIP_FLOP48_#1_48,NEW_FLIP_FLOP_22,FLIP_FLOP107_#1_107 630
PIN2_#1_2 ff_FLIP_FLOP48_#1_48,NEW_FLIP_FLOP_22,FLIP_FLOP107_#1_107 740
PIN219_#1_219 ff_FLIP_FLOP48_#1_48,NEW_FLIP_FLOP_22,FLIP_FLOP107_#1_107 560
PIN220_#1_220 ff_FLIP_FLOP48_#1_48,NEW_FLIP_FLOP_22,FLIP_FLOP107_#1_107 580
PIN213_#1_213 ff_FLIP_FLOP48_#1_48,NEW_FLIP_FLOP_22,FLIP_FLOP107_#1_107 5
PIN214_#1_214 ff_FLIP_FLOP48_#1_48,NEW_FLIP_FLOP_22,FLIP_FLOP107_#1_107 30
PIN141_#1_141 ff_FLIP_FLOP71_#1_71,FLIP_FLOP60_#1_60,FLIP_FLOP47_#1_47,FLIP_FLOP96_#1_96 720
PIN142_#1_142 ff_FLIP_FLOP71_#1_71,FLIP_FLOP60_#1_60,FLIP_FLOP47_#1_47,FLIP_FLOP96_#1_96 5
PIN119_#1_119 ff_FLIP_FLOP71_#1_71,FLIP_FLOP60_#1_60,FLIP_FLOP47_#1_47,FLIP_FLOP96_#1_96 200
PIN120_#1_120 ff_FLIP_FLOP71_#1_71,FLIP_FLOP60_#1_60,FLIP_FLOP47_#1_47,FLIP_FLOP96_#1_96 30
PIN93_#1_93 ff_FLIP_FLOP71_#1_71,FLIP_FLOP60_#1_60,FLIP_FLOP47_#1_47,FLIP_FLOP96_#1_96 505
PIN94_#1_94 ff_FLIP_FLOP71_#1_71,FLIP_FLOP60_#1_60,FLIP_FLOP47_#1_47,FLIP_FLOP96_#1_96 0
PIN191_#1_191 ff_FLIP_FLOP71_#1_71,FLIP_FLOP60_#1_60,FLIP_FLOP47_#1_47,FLIP_FLOP96_#1_96 5
PIN192_#1_192 ff_FLIP_FLOP71_#1_71,FLIP_FLOP60_#1_60,FLIP_FLOP47_#1_47,FLIP_FLOP96_#1_96 90
PIN183_#1_183 ff_FLIP_FLOP92_#1_92,NEW_FLIP_FLOP_11,FLIP_FLOP13_#1_13 640
PIN184_#1_184 ff_FLIP_FLOP92_#1_92,NEW_FLIP_FLOP_11,FLIP_FLOP13_#1_13 125
PIN9_#1_9 ff_FLIP_FLOP92_#1_92,NEW_FLIP_FLOP_11,FLIP_FLOP13_#1_13 360
PIN10_#1_10 ff_FLIP_FLOP92_#1_92,NEW_FLIP_FLOP_11,FLIP_FLOP13_#1_13 920
PIN139_#1_139 ff_FLIP_FLOP92_#1_92,NEW_FLIP_FLOP_11,FLIP_FLOP13_#1_13 135
PIN140_#1_140 ff_FLIP_FLOP92_#1_92,NEW_FLIP_FLOP_11,FLIP_FLOP13_#1_13 525
PIN25_#1_25 ff_FLIP_FLOP92_#1_92,NEW_FLIP_FLOP_11,FLIP_FLOP13_#1_13 275
PIN26_#1_26 ff_FLIP_FLOP92_#1_92,NEW_FLIP_FLOP_11,FLIP_FLOP13_#1_13 120
PIN179_#1_179 ff_FLIP_FLOP90_#1_90,FLIP_FLOP16_#1_16,FLIP_FLOP67_#1_67,FLIP_FLOP22_#1_22 160
PIN180_#1_180 ff_FLIP_FLOP90_#1_90,FLIP_FLOP16_#1_16,FLIP_FLOP67_#1_67,FLIP_FLOP22_#1_22 705
PIN31_#1_31 ff_FLIP_FLOP90_#1_90,FLIP_FLOP16_#1_16,FLIP_FLOP67_#1_67,FLIP_FLOP22_#1_22 635
PIN32_#1_32 ff_FLIP_FLOP90_#1_90,FLIP_FLOP16_#1_16,FLIP_FLOP67_#1_67,FLIP_FLOP22_#1_22 555
PIN133_#1_133 ff_FLIP_FLOP90_#1_90,FLIP_FLOP16_#1_16,FLIP_FLOP67_#1_67,FLIP_FLOP22_#1_22 150
PIN134_#1_134 ff_FLIP_FLOP90_#1_90,FLIP_FLOP16_#1_16,FLIP_FLOP67_#1_67,FLIP_FLOP22_#1_22 605
PIN43_#1_43 ff_FLIP_FLOP90_#1_90,FLIP_FLOP16_#1_16,FLIP_FLOP67_#1_67,FLIP_FLOP22_#1_22 210
PIN44_#1_44 ff_FLIP_FLOP90_#1_90,FLIP_FLOP16_#1_16,FLIP_FLOP67_#1_67,FLIP_FLOP22_#1_22 410
PIN197_#1_197 ff_FLIP_FLOP99_#1_99,FLIP_FLOP8_#1_8,FLIP_FLOP15_#1_15,FLIP_FLOP119_#1_119 535
PIN198_#1_198 ff_FLIP_FLOP99_#1_99,FLIP_FLOP8_#1_8,FLIP_FLOP15_#1_15,FLIP_FLOP119_#1_119 125
PIN15_#1_15 ff_FLIP_FLOP99_#1_99,FLIP_FLOP8_#1_8,FLIP_FLOP15_#1_15,FLIP_FLOP119_#1_119 660
PIN16_#1_16 ff_FLIP_FLOP99_#1_99,FLIP_FLOP8_#1_8,FLIP_FLOP15_#1_15,FLIP_FLOP119_#1_119 540
PIN29_#1_29 ff_FLIP_FLOP99_#1_99,FLIP_FLOP8_#1_8,FLIP_FLOP15_#1_15,FLIP_FLOP119_#1_119 720
PIN30_#1_30 ff_FLIP_FLOP99_#1_99,FLIP_FLOP8_#1_8,FLIP_FLOP15_#1_15,FLIP_FLOP119_#1_119 240
PIN237_#1_237 ff_FLIP_FLOP99_#1_99,FLIP_FLOP8_#1_8,FLIP_FLOP15_#1_15,FLIP_FLOP119_#1_119 730
PIN238_#1_238 ff_FLIP_FLOP99_#1_99,FLIP_FLOP8_#1_8,FLIP_FLOP15_#1_15,FLIP_FLOP119_#1_119 115
PIN101_#1_101 ff_FLIP_FLOP51_#1_51,FLIP_FLOP17_#1_17,FLIP_FLOP23_#1_23,FLIP_FLOP72_#1_72 285
PIN102_#1_102 ff_FLIP_FLOP51_#1_51,FLIP_FLOP17_#1_17,FLIP_FLOP23_#1_23,FLIP_FLOP72_#1_72 25
PIN33_#1_33 ff_FLIP_FLOP51_#1_51,FLIP_FLOP17_#1_17,FLIP_FLOP23_#1_23,FLIP_FLOP72_#1_72 290
PIN34_#1_34 ff_FLIP_FLOP51_#1_51,FLIP_FLOP17_#1_17,FLIP_FLOP23_#1_23,FLIP_FLOP72_#1_72 25
PIN45_#1_45 ff_FLIP_FLOP51_#1_51,FLIP_FLOP17_#1_17,FLIP_FLOP23_#1_23,FLIP_FLOP72_#1_72 315
PIN46_#1_46 ff_FLIP_FLOP51_#1_51,FLIP_FLOP17_#1_17,FLIP_FLOP23_#1_23,FLIP_FLOP72_#1_72 870
PIN143_#1_143 ff_FLIP_FLOP51_#1_51,FLIP_FLOP17_#1_17,FLIP_FLOP23_#1_23,FLIP_FLOP72_#1_72 900
PIN144_#1_144 ff_FLIP_FLOP51_#1_51,FLIP_FLOP17_#1_17,FLIP_FLOP23_#1_23,FLIP_FLOP72_#1_72 755
PIN39_#1_39 ff_NEW_FLIP_FLOP_21,FLIP_FLOP56_#1_56,FLIP_FLOP6_#1_6 60
PIN40_#1_40 ff_NEW_FLIP_FLOP_21,FLIP_FLOP56_#1_56,FLIP_FLOP6_#1_6 95
PIN125_#1_125 ff_NEW_FLIP_FLOP_21,FLIP_FLOP56_#1_56,FLIP_FLOP6_#1_6 285
PIN126_#1_126 ff_NEW_FLIP_FLOP_21,FLIP_FLOP56_#1_56,FLIP_FLOP6_#1_6 405
PIN111_#1_111 ff_NEW_FLIP_FLOP_21,FLIP_FLOP56_#1_56,FLIP_FLOP6_#1_6 355
PIN112_#1_112 ff_NEW_FLIP_FLOP_21,FLIP_FLOP56_#1_56,FLIP_FLOP6_#1_6 50
PIN11_#1_11 ff_NEW_FLIP_FLOP_21,FLIP_FLOP56_#1_56,FLIP_FLOP6_#1_6 615
PIN12_#1_12 ff_NEW_FLIP_FLOP_21,FLIP_FLOP56_#1_56,FLIP_FLOP6_#1_6 145
PIN187_#1_187 ff_NEW_FLIP_FLOP_20,NEW_FLIP_FLOP_18 25
PIN188_#1_188 ff_NEW_FLIP_FLOP_20,NEW_FLIP_FLOP_18 275
PIN215_#1_215 ff_NEW_FLIP_FLOP_20,NEW_FLIP_FLOP_18 350
PIN216_#1_216 ff_NEW_FLIP_FLOP_20,NEW_FLIP_FLOP_18 245
PIN171_#1_171 ff_NEW_FLIP_FLOP_20,NEW_FLIP_FLOP_18 100
PIN172_#1_172 ff_NEW_FLIP_FLOP_20,NEW_FLIP_FLOP_18 340
PIN193_#1_193 ff_NEW_FLIP_FLOP_20,NEW_FLIP_FLOP_18 20
PIN194_#1_194 ff_NEW_FLIP_FLOP_20,NEW_FLIP_FLOP_18 95
PIN99_#1_99 ff_FLIP_FLOP50_#1_50,FLIP_FLOP74_#1_74,FLIP_FLOP75_#1_75,FLIP_FLOP84_#1_84 185
PIN100_#1_100 ff_FLIP_FLOP50_#1_50,FLIP_FLOP74_#1_74,FLIP_FLOP75_#1_75,FLIP_FLOP84_#1_84 310
PIN147_#1_147 ff_FLIP_FLOP50_#1_50,FLIP_FLOP74_#1_74,FLIP_FLOP75_#1_75,FLIP_FLOP84_#1_84 285
PIN148_#1_148 ff_FLIP_FLOP50_#1_50,FLIP_FLOP74_#1_74,FLIP_FLOP75_#1_75,FLIP_FLOP84_#1_84 180
PIN149_#1_149 ff_FLIP_FLOP50_#1_50,FLIP_FLOP74_#1_74,FLIP_FLOP75_#1_75,FLIP_FLOP84_#1_84 480
PIN150_#1_150 ff_FLIP_FLOP50_#1_50,FLIP_FLOP74_#1_74,FLIP_FLOP75_#1_75,FLIP_FLOP84_#1_84 670
PIN167_#1_167 ff_FLIP_FLOP50_#1_50,FLIP_FLOP74_#1_74,FLIP_FLOP75_#1_75,FLIP_FLOP84_#1_84 630
PIN168_#1_168 ff_FLIP_FLOP50_#1_50,FLIP_FLOP74_#1_74,FLIP_FLOP75_#1_75,FLIP_FLOP84_#1_84 310
PIN131_#1_131 ff_NEW_FLIP_FLOP_19,FLIP_FLOP49_#3_49,FLIP_FLOP111_#3_111 55
PIN132_#1_132 ff_NEW_FLIP_FLOP_19,FLIP_FLOP49_#3_49,FLIP_FLOP111_#3_111 115
PIN135_#1_135 ff_NEW_FLIP_FLOP_19,FLIP_FLOP49_#3_49,FLIP_FLOP111_#3_111 385
PIN136_#1_136 ff_NEW_FLIP_FLOP_19,FLIP_FLOP49_#3_49,FLIP_FLOP111_#3_111 200
PIN97_#3_97 ff_NEW_FLIP_FLOP_19,FLIP_FLOP49_#3_49,FLIP_FLOP111_#3_111 260
PIN98_#3_98 ff_NEW_FLIP_FLOP_19,FLIP_FLOP49_#3_49,FLIP_FLOP111_#3_111 155
PIN221_#3_221 ff_NEW_FLIP_FLOP_19,FLIP_FLOP49_#3_49,FLIP_FLOP111_#3_111 80
PIN222_#3_222 ff_NEW_FLIP_FLOP_19,FLIP_FLOP49_#3_49,FLIP_FLOP111_#3_111 60
PIN103_#1_103 ff_FLIP_FLOP52_#1_52,NEW_FLIP_FLOP_10,FLIP_FLOP36_#1_36 35
PIN104_#1_104 ff_FLIP_FLOP52_#1_52,NEW_FLIP_FLOP_10,FLIP_FLOP36_#1_36 210
PIN77_#1_77 ff_FLIP_FLOP52_#1_52,NEW_FLIP_FLOP_10,FLIP_FLOP36_#1_36 610
PIN78_#1_78 ff_FLIP_FLOP52_#1_52,NEW_FLIP_FLOP_10,FLIP_FLOP36_#1_36 25
PIN85_#1_85 ff_FLIP_FLOP52_#1_52,NEW_FLIP_FLOP_10,FLIP_FLOP36_#1_36 345
PIN86_#1_86 ff_FLIP_FLOP52_#1_52,NEW_FLIP_FLOP_10,FLIP_FLOP36_#1_36 95
PIN71_#1_71 ff_FLIP_FLOP52_#1_52,NEW_FLIP_FLOP_10,FLIP_FLOP36_#1_36 910
PIN72_#1_72 ff_FLIP_FLOP52_#1_52,NEW_FLIP_FLOP_10,FLIP_FLOP36_#1_36 465
PIN203_#1_203 ff_FLIP_FLOP102_#1_102,FLIP_FLOP116_#1_116,FLIP_FLOP32_#1_32,FLIP_FLOP33_#1_33 80
PIN204_#1_204 ff_FLIP_FLOP102_#1_102,FLIP_FLOP116_#1_116,FLIP_FLOP32_#1_32,FLIP_FLOP33_#1_33 480
PIN231_#1_231 ff_FLIP_FLOP102_#1_102,FLIP_FLOP116_#1_116,FLIP_FLOP32_#1_32,FLIP_FLOP33_#1_33 180
PIN232_#1_232 ff_FLIP_FLOP102_#1_102,FLIP_FLOP116_#1_116,FLIP_FLOP32_#1_32,FLIP_FLOP33_#1_33 75
PIN63_#1_63 ff_FLIP_FLOP102_#1_102,FLIP_FLOP116_#1_116,FLIP_FLOP32_#1_32,FLIP_FLOP33_#1_33 680
PIN64_#1_64 ff_FLIP_FLOP102_#1_102,FLIP_FLOP116_#1_116,FLIP_FLOP32_#1_32,FLIP_FLOP33_#1_33 300
PIN65_#1_65 ff_FLIP_FLOP102_#1_102,FLIP_FLOP116_#1_116,FLIP_FLOP32_#1_32,FLIP_FLOP33_#1_33 355
PIN66_#1_66 ff_FLIP_FLOP102_#1_102,FLIP_FLOP116_#1_116,FLIP_FLOP32_#1_32,FLIP_FLOP33_#1_33 240
PIN89_#1_89 ff_FLIP_FLOP45_#1_45,FLIP_FLOP11_#2_11,FLIP_FLOP88_#1_88,FLIP_FLOP93_#1_93 55
PIN90_#1_90 ff_FLIP_FLOP45_#1_45,FLIP_FLOP11_#2_11,FLIP_FLOP88_#1_88,FLIP_FLOP93_#1_93 720
PIN21_#2_21 ff_FLIP_FLOP45_#1_45,FLIP_FLOP11_#2_11,FLIP_FLOP88_#1_88,FLIP_FLOP93_#1_93 225
PIN22_#2_22 ff_FLIP_FLOP45_#1_45,FLIP_FLOP11_#2_11,FLIP_FLOP88_#1_88,FLIP_FLOP93_#1_93 40
PIN175_#1_175 ff_FLIP_FLOP45_#1_45,FLIP_FLOP11_#2_11,FLIP_FLOP88_#1_88,FLIP_FLOP93_#1_93 650
PIN176_#1_176 ff_FLIP_FLOP45_#1_45,FLIP_FLOP11_#2_11,FLIP_FLOP88_#1_88,FLIP_FLOP93_#1_93 595
PIN185_#1_185 ff_FLIP_FLOP45_#1_45,FLIP_FLOP11_#2_11,FLIP_FLOP88_#1_88,FLIP_FLOP93_#1_93 470
PIN186_#1_186 ff_FLIP_FLOP45_#1_45,FLIP_FLOP11_#2_11,FLIP_FLOP88_#1_88,FLIP_FLOP93_#1_93 145
PIN37_#1_37 ff_NEW_FLIP_FLOP_9,FLIP_FLOP18_#2_18,FLIP_FLOP49_#2_49 190
PIN38_#1_38 ff_NEW_FLIP_FLOP_9,FLIP_FLOP18_#2_18,FLIP_FLOP49_#2_49 65
PIN201_#1_201 ff_NEW_FLIP_FLOP_9,FLIP_FLOP18_#2_18,FLIP_FLOP49_#2_49 90
PIN202_#1_202 ff_NEW_FLIP_FLOP_9,FLIP_FLOP18_#2_18,FLIP_FLOP49_#2_49 75
PIN35_#2_35 ff_NEW_FLIP_FLOP_9,FLIP_FLOP18_#2_18,FLIP_FLOP49_#2_49 140
PIN36_#2_36 ff_NEW_FLIP_FLOP_9,FLIP_FLOP18_#2_18,FLIP_FLOP49_#2_49 95
PIN97_#2_97 ff_NEW_FLIP_FLOP_9,FLIP_FLOP18_#2_18,FLIP_FLOP49_#2_49 210
PIN98_#2_98 ff_NEW_FLIP_FLOP_9,FLIP_FLOP18_#2_18,FLIP_FLOP49_#2_49 525
PIN137_#2_137 ff_FLIP_FLOP69_#2_69,FLIP_FLOP26_#2_26,FLIP_FLOP111_#2_111,FLIP_FLOP29_#2_29 30
PIN138_#2_138 ff_FLIP_FLOP69_#2_69,FLIP_FLOP26_#2_26,FLIP_FLOP111_#2_111,FLIP_FLOP29_#2_29 540
PIN51_#2_51 ff_FLIP_FLOP69_#2_69,FLIP_FLOP26_#2_26,FLIP_FLOP111_#2_111,FLIP_FLOP29_#2_29 185
PIN52_#2_52 ff_FLIP_FLOP69_#2_69,FLIP_FLOP26_#2_26,FLIP_FLOP111_#2_111,FLIP_FLOP29_#2_29 530
PIN221_#2_221 ff_FLIP_FLOP69_#2_69,FLIP_FLOP26_#2_26,FLIP_FLOP111_#2_111,FLIP_FLOP29_#2_29 220
PIN222_#2_222 ff_FLIP_FLOP69_#2_69,FLIP_FLOP26_#2_26,FLIP_FLOP111_#2_111,FLIP_FLOP29_#2_29 350
PIN57_#2_57 ff_FLIP_FLOP69_#2_69,FLIP_FLOP26_#2_26,FLIP_FLOP111_#2_111,FLIP_FLOP29_#2_29 20
PIN58_#2_58 ff_FLIP_FLOP69_#2_69,FLIP_FLOP26_#2_26,FLIP_FLOP111_#2_111,FLIP_FLOP29_#2_29 460
PIN137_#3_137 ff_FLIP_FLOP69_#3_69,FLIP_FLOP29_#3_29,FLIP_FLOP44_#3_44,FLIP_FLOP7_#3_7 30
PIN138_#3_138 ff_FLIP_FLOP69_#3_69,FLIP_FLOP29_#3_29,FLIP_FLOP44_#3_44,FLIP_FLOP7_#3_7 590
PIN57_#3_57 ff_FLIP_FLOP69_#3_69,FLIP_FLOP29_#3_29,FLIP_FLOP44_#3_44,FLIP_FLOP7_#3_7 20
PIN58_#3_58 ff_FLIP_FLOP69_#3_69,FLIP_FLOP29_#3_29,FLIP_FLOP44_#3_44,FLIP_FLOP7_#3_7 580
PIN87_#3_87 ff_FLIP_FLOP69_#3_69,FLIP_FLOP29_#3_29,FLIP_FLOP44_#3_44,FLIP_FLOP7_#3_7 1040
PIN88_#3_88 ff_FLIP_FLOP69_#3_69,FLIP_FLOP29_#3_29,FLIP_FLOP44_#3_44,FLIP_FLOP7_#3_7 540
PIN13_#3_13 ff_FLIP_FLOP69_#3_69,FLIP_FLOP29_#3_29,FLIP_FLOP44_#3_44,FLIP_FLOP7_#3_7 295
PIN14_#3_14 ff_FLIP_FLOP69_#3_69,FLIP_FLOP29_#3_29,FLIP_FLOP44_#3_44,FLIP_FLOP7_#3_7 615
PIN181_#1_181 ff_FLIP_FLOP91_#1_91,FLIP_FLOP53_#1_53,FLIP_FLOP73_#1_73,FLIP_FLOP77_#1_77 110
PIN182_#1_182 ff_FLIP_FLOP91_#1_91,FLIP_FLOP53_#1_53,FLIP_FLOP73_#1_73,FLIP_FLOP77_#1_77 110
PIN105_#1_105 ff_FLIP_FLOP91_#1_91,FLIP_FLOP53_#1_53,FLIP_FLOP73_#1_73,FLIP_FLOP77_#1_77 440
PIN106_#1_106 ff_FLIP_FLOP91_#1_91,FLIP_FLOP53_#1_53,FLIP_FLOP73_#1_73,FLIP_FLOP77_#1_77 75
PIN145_#1_145 ff_FLIP_FLOP91_#1_91,FLIP_FLOP53_#1_53,FLIP_FLOP73_#1_73,FLIP_FLOP77_#1_77 605
PIN146_#1_146 ff_FLIP_FLOP91_#1_91,FLIP_FLOP53_#1_53,FLIP_FLOP73_#1_73,FLIP_FLOP77_#1_77 315
PIN153_#1_153 ff_FLIP_FLOP91_#1_91,FLIP_FLOP53_#1_53,FLIP_FLOP73_#1_73,FLIP_FLOP77_#1_77 370
PIN154_#1_154 ff_FLIP_FLOP91_#1_91,FLIP_FLOP53_#1_53,FLIP_FLOP73_#1_73,FLIP_FLOP77_#1_77 80
PIN79_#1_79 ff_FLIP_FLOP40_#1_40,FLIP_FLOP100_#3_100,FLIP_FLOP65_#3_65,FLIP_FLOP115_#3_115 0
PIN80_#1_80 ff_FLIP_FLOP40_#1_40,FLIP_FLOP100_#3_100,FLIP_FLOP65_#3_65,FLIP_FLOP115_#3_115 345
PIN199_#3_199 ff_FLIP_FLOP40_#1_40,FLIP_FLOP100_#3_100,FLIP_FLOP65_#3_65,FLIP_FLOP115_#3_115 5
PIN200_#3_200 ff_FLIP_FLOP40_#1_40,FLIP_FLOP100_#3_100,FLIP_FLOP65_#3_65,FLIP_FLOP115_#3_115 20
PIN129_#3_129 ff_FLIP_FLOP40_#1_40,FLIP_FLOP100_#3_100,FLIP_FLOP65_#3_65,FLIP_FLOP115_#3_115 420
PIN130_#3_130 ff_FLIP_FLOP40_#1_40,FLIP_FLOP100_#3_100,FLIP_FLOP65_#3_65,FLIP_FLOP115_#3_115 120
PIN229_#3_229 ff_FLIP_FLOP40_#1_40,FLIP_FLOP100_#3_100,FLIP_FLOP65_#3_65,FLIP_FLOP115_#3_115 45
PIN230_#3_230 ff_FLIP_FLOP40_#1_40,FLIP_FLOP100_#3_100,FLIP_FLOP65_#3_65,FLIP_FLOP115_#3_115 225
PIN151_#2_151 ff_FLIP_FLOP76_#2_76,FLIP_FLOP115_#2_115,FLIP_FLOP31_#2_31,FLIP_FLOP35_#2_35 565
PIN152_#2_152 ff_FLIP_FLOP76_#2_76,FLIP_FLOP115_#2_115,FLIP_FLOP31_#2_31,FLIP_FLOP35_#2_35 275
PIN229_#2_229 ff_FLIP_FLOP76_#2_76,FLIP_FLOP115_#2_115,FLIP_FLOP31_#2_31,FLIP_FLOP35_#2_35 570
PIN230_#2_230 ff_FLIP_FLOP76_#2_76,FLIP_FLOP115_#2_115,FLIP_FLOP31_#2_31,FLIP_FLOP35_#2_35 280
PIN61_#2_61 ff_FLIP_FLOP76_#2_76,FLIP_FLOP115_#2_115,FLIP_FLOP31_#2_31,FLIP_FLOP35_#2_35 500
PIN62_#2_62 ff_FLIP_FLOP76_#2_76,FLIP_FLOP115_#2_115,FLIP_FLOP31_#2_31,FLIP_FLOP35_#2_35 385
PIN69_#2_69 ff_FLIP_FLOP76_#2_76,FLIP_FLOP115_#2_115,FLIP_FLOP31_#2_31,FLIP_FLOP35_#2_35 345
PIN70_#2_70 ff_FLIP_FLOP76_#2_76,FLIP_FLOP115_#2_115,FLIP_FLOP31_#2_31,FLIP_FLOP35_#2_35 735
PIN151_#3_151 ff_FLIP_FLOP76_#3_76,FLIP_FLOP38_#3_38,FLIP_FLOP50_#3_50,FLIP_FLOP18_#3_18 625
PIN152_#3_152 ff_FLIP_FLOP76_#3_76,FLIP_FLOP38_#3_38,FLIP_FLOP50_#3_50,FLIP_FLOP18_#3_18 65
PIN75_#3_75 ff_FLIP_FLOP76_#3_76,FLIP_FLOP38_#3_38,FLIP_FLOP50_#3_50,FLIP_FLOP18_#3_18 90
PIN76_#3_76 ff_FLIP_FLOP76_#3_76,FLIP_FLOP38_#3_38,FLIP_FLOP50_#3_50,FLIP_FLOP18_#3_18 215
PIN99_#3_99 ff_FLIP_FLOP76_#3_76,FLIP_FLOP38_#3_38,FLIP_FLOP50_#3_50,FLIP_FLOP18_#3_18 445
PIN100_#3_100 ff_FLIP_FLOP76_#3_76,FLIP_FLOP38_#3_38,FLIP_FLOP50_#3_50,FLIP_FLOP18_#3_18 50
PIN35_#3_35 ff_FLIP_FLOP76_#3_76,FLIP_FLOP38_#3_38,FLIP_FLOP50_#3_50,FLIP_FLOP18_#3_18 950
PIN36_#3_36 ff_FLIP_FLOP76_#3_76,FLIP_FLOP38_#3_38,FLIP_FLOP50_#3_50,FLIP_FLOP18_#3_18 305
PIN13_#2_13 ff_FLIP_FLOP7_#2_7,FLIP_FLOP38_#2_38,FLIP_FLOP44_#2_44,FLIP_FLOP100_#2_100 25
PIN14_#2_14 ff_FLIP_FLOP7_#2_7,FLIP_FLOP38_#2_38,FLIP_FLOP44_#2_44,FLIP_FLOP100_#2_100 825
PIN75_#2_75 ff_FLIP_FLOP7_#2_7,FLIP_FLOP38_#2_38,FLIP_FLOP44_#2_44,FLIP_FLOP100_#2_100 80
PIN76_#2_76 ff_FLIP_FLOP7_#2_7,FLIP_FLOP38_#2_38,FLIP_FLOP44_#2_44,FLIP_FLOP100_#2_100 205
PIN87_#2_87 ff_FLIP_FLOP7_#2_7,FLIP_FLOP38_#2_38,FLIP_FLOP44_#2_44,FLIP_FLOP100_#2_100 760
PIN88_#2_88 ff_FLIP_FLOP7_#2_7,FLIP_FLOP38_#2_38,FLIP_FLOP44_#2_44,FLIP_FLOP100_#2_100 700
PIN199_#2_199 ff_FLIP_FLOP7_#2_7,FLIP_FLOP38_#2_38,FLIP_FLOP44_#2_44,FLIP_FLOP100_#2_100 410
PIN200_#2_200 ff_FLIP_FLOP7_#2_7,FLIP_FLOP38_#2_38,FLIP_FLOP44_#2_44,FLIP_FLOP100_#2_100 25
PIN41_#2_41 ff_FLIP_FLOP21_#2_21,FLIP_FLOP81_#2_81 15
PIN42_#2_42 ff_FLIP_FLOP21_#2_21,FLIP_FLOP81_#2_81 400
PIN161_#2_161 ff_FLIP_FLOP21_#2_21,FLIP_FLOP81_#2_81 15
PIN162_#2_162 ff_FLIP_FLOP21_#2_21,FLIP_FLOP81_#2_81 130
PIN41_#3_41 ff_FLIP_FLOP21_#3_21,FLIP_FLOP81_#3_81,FLIP_FLOP26_#3_26,FLIP_FLOP31_#3_31 15
PIN42_#3_42 ff_FLIP_FLOP21_#3_21,FLIP_FLOP81_#3_81,FLIP_FLOP26_#3_26,FLIP_FLOP31_#3_31 400
PIN161_#3_161 ff_FLIP_FLOP21_#3_21,FLIP_FLOP81_#3_81,FLIP_FLOP26_#3_26,FLIP_FLOP31_#3_31 15
PIN162_#3_162 ff_FLIP_FLOP21_#3_21,FLIP_FLOP81_#3_81,FLIP_FLOP26_#3_26,FLIP_FLOP31_#3_31 130
PIN51_#3_51 ff_FLIP_FLOP21_#3_21,FLIP_FLOP81_#3_81,FLIP_FLOP26_#3_26,FLIP_FLOP31_#3_31 550
PIN52_#3_52 ff_FLIP_FLOP21_#3_21,FLIP_FLOP81_#3_81,FLIP_FLOP26_#3_26,FLIP_FLOP31_#3_31 255
PIN61_#3_61 ff_FLIP_FLOP21_#3_21,FLIP_FLOP81_#3_81,FLIP_FLOP26_#3_26,FLIP_FLOP31_#3_31 935
PIN62_#3_62 ff_FLIP_FLOP21_#3_21,FLIP_FLOP81_#3_81,FLIP_FLOP26_#3_26,FLIP_FLOP31_#3_31 400
PIN123_#1_123 ff_FLIP_FLOP62_#1_62,FLIP_FLOP98_#1_98 120
PIN124_#1_124 ff_FLIP_FLOP62_#1_62,FLIP_FLOP98_#1_98 125
PIN195_#1_195 ff_FLIP_FLOP62_#1_62,FLIP_FLOP98_#1_98 275
PIN196_#1_196 ff_FLIP_FLOP62_#1_62,FLIP_FLOP98_#1_98 525
PIN225_#1_225 ff_FLIP_FLOP113_#1_113,FLIP_FLOP46_#1_46 250
PIN226_#1_226 ff_FLIP_FLOP113_#1_113,FLIP_FLOP46_#1_46 245
PIN91_#1_91 ff_FLIP_FLOP113_#1_113,FLIP_FLOP46_#1_46 725
PIN92_#1_92 ff_FLIP_FLOP113_#1_113,FLIP_FLOP46_#1_46 230
PIN113_#1_113 ff_FLIP_FLOP57_#1_57,FLIP_FLOP27_#2_27,FLIP_FLOP12_#1_12,FLIP_FLOP64_#2_64 15
PIN114_#1_114 ff_FLIP_FLOP57_#1_57,FLIP_FLOP27_#2_27,FLIP_FLOP12_#1_12,FLIP_FLOP64_#2_64 330
PIN53_#2_53 ff_FLIP_FLOP57_#1_57,FLIP_FLOP27_#2_27,FLIP_FLOP12_#1_12,FLIP_FLOP64_#2_64 125
PIN54_#2_54 ff_FLIP_FLOP57_#1_57,FLIP_FLOP27_#2_27,FLIP_FLOP12_#1_12,FLIP_FLOP64_#2_64 245
PIN23_#1_23 ff_FLIP_FLOP57_#1_57,FLIP_FLOP27_#2_27,FLIP_FLOP12_#1_12,FLIP_FLOP64_#2_64 80
PIN24_#1_24 ff_FLIP_FLOP57_#1_57,FLIP_FLOP27_#2_27,FLIP_FLOP12_#1_12,FLIP_FLOP64_#2_64 435
PIN127_#2_127 ff_FLIP_FLOP57_#1_57,FLIP_FLOP27_#2_27,FLIP_FLOP12_#1_12,FLIP_FLOP64_#2_64 60
PIN128_#2_128 ff_FLIP_FLOP57_#1_57,FLIP_FLOP27_#2_27,FLIP_FLOP12_#1_12,FLIP_FLOP64_#2_64 5
PIN27_#1_27 ff_NEW_FLIP_FLOP_24,NEW_FLIP_FLOP_27 60
PIN28_#1_28 ff_NEW_FLIP_FLOP_24,NEW_FLIP_FLOP_27 525
PIN165_#1_165 ff_NEW_FLIP_FLOP_24,NEW_FLIP_FLOP_27 270
PIN166_#1_166 ff_NEW_FLIP_FLOP_24,NEW_FLIP_FLOP_27 40
PIN83_#1_83 ff_NEW_FLIP_FLOP_24,NEW_FLIP_FLOP_27 520
PIN84_#1_84 ff_NEW_FLIP_FLOP_24,NEW_FLIP_FLOP_27 40
PIN235_#1_235 ff_NEW_FLIP_FLOP_24,NEW_FLIP_FLOP_27 175
PIN236_#1_236 ff_NEW_FLIP_FLOP_24,NEW_FLIP_FLOP_27 675
PIN7_#2_7 ff_FLIP_FLOP4_#2_4,FLIP_FLOP25_#2_25,FLIP_FLOP71_#2_71,FLIP_FLOP28_#2_28 600
PIN8_#2_8 ff_FLIP_FLOP4_#2_4,FLIP_FLOP25_#2_25,FLIP_FLOP71_#2_71,FLIP_FLOP28_#2_28 60
PIN49_#2_49 ff_FLIP_FLOP4_#2_4,FLIP_FLOP25_#2_25,FLIP_FLOP71_#2_71,FLIP_FLOP28_#2_28 745
PIN50_#2_50 ff_FLIP_FLOP4_#2_4,FLIP_FLOP25_#2_25,FLIP_FLOP71_#2_71,FLIP_FLOP28_#2_28 420
PIN141_#2_141 ff_FLIP_FLOP4_#2_4,FLIP_FLOP25_#2_25,FLIP_FLOP71_#2_71,FLIP_FLOP28_#2_28 500
PIN142_#2_142 ff_FLIP_FLOP4_#2_4,FLIP_FLOP25_#2_25,FLIP_FLOP71_#2_71,FLIP_FLOP28_#2_28 45
PIN55_#2_55 ff_FLIP_FLOP4_#2_4,FLIP_FLOP25_#2_25,FLIP_FLOP71_#2_71,FLIP_FLOP28_#2_28 140
PIN56_#2_56 ff_FLIP_FLOP4_#2_4,FLIP_FLOP25_#2_25,FLIP_FLOP71_#2_71,FLIP_FLOP28_#2_28 40
PIN7_#3_7 ff_NEW_FLIP_FLOP_36,NEW_FLIP_FLOP_42 530
PIN8_#3_8 ff_NEW_FLIP_FLOP_36,NEW_FLIP_FLOP_42 0
PIN205_#3_205 ff_NEW_FLIP_FLOP_36,NEW_FLIP_FLOP_42 610
PIN206_#3_206 ff_NEW_FLIP_FLOP_36,NEW_FLIP_FLOP_42 0
PIN21_#3_21 ff_NEW_FLIP_FLOP_36,NEW_FLIP_FLOP_42 1100
PIN22_#3_22 ff_NEW_FLIP_FLOP_36,NEW_FLIP_FLOP_42 835
PIN49_#3_49 ff_NEW_FLIP_FLOP_36,NEW_FLIP_FLOP_42 915
PIN50_#3_50 ff_NEW_FLIP_FLOP_36,NEW_FLIP_FLOP_42 340
PIN69_#3_69 ff_FLIP_FLOP35_#3_35,FLIP_FLOP80_#3_80,FLIP_FLOP78_#3_78,FLIP_FLOP120_#3_120 445
PIN70_#3_70 ff_FLIP_FLOP35_#3_35,FLIP_FLOP80_#3_80,FLIP_FLOP78_#3_78,FLIP_FLOP120_#3_120 75
PIN159_#3_159 ff_FLIP_FLOP35_#3_35,FLIP_FLOP80_#3_80,FLIP_FLOP78_#3_78,FLIP_FLOP120_#3_120 200
PIN160_#3_160 ff_FLIP_FLOP35_#3_35,FLIP_FLOP80_#3_80,FLIP_FLOP78_#3_78,FLIP_FLOP120_#3_120 465
PIN155_#3_155 ff_FLIP_FLOP35_#3_35,FLIP_FLOP80_#3_80,FLIP_FLOP78_#3_78,FLIP_FLOP120_#3_120 250
PIN156_#3_156 ff_FLIP_FLOP35_#3_35,FLIP_FLOP80_#3_80,FLIP_FLOP78_#3_78,FLIP_FLOP120_#3_120 65
PIN239_#3_239 ff_FLIP_FLOP35_#3_35,FLIP_FLOP80_#3_80,FLIP_FLOP78_#3_78,FLIP_FLOP120_#3_120 100
PIN240_#3_240 ff_FLIP_FLOP35_#3_35,FLIP_FLOP80_#3_80,FLIP_FLOP78_#3_78,FLIP_FLOP120_#3_120 485
PIN169_#2_169 ff_FLIP_FLOP85_#2_85,NEW_FLIP_FLOP_14,FLIP_FLOP78_#2_78 550
PIN170_#2_170 ff_FLIP_FLOP85_#2_85,NEW_FLIP_FLOP_14,FLIP_FLOP78_#2_78 25
PIN67_#2_67 ff_FLIP_FLOP85_#2_85,NEW_FLIP_FLOP_14,FLIP_FLOP78_#2_78 300
PIN68_#2_68 ff_FLIP_FLOP85_#2_85,NEW_FLIP_FLOP_14,FLIP_FLOP78_#2_78 410
PIN239_#2_239 ff_FLIP_FLOP85_#2_85,NEW_FLIP_FLOP_14,FLIP_FLOP78_#2_78 25
PIN240_#2_240 ff_FLIP_FLOP85_#2_85,NEW_FLIP_FLOP_14,FLIP_FLOP78_#2_78 460
PIN155_#2_155 ff_FLIP_FLOP85_#2_85,NEW_FLIP_FLOP_14,FLIP_FLOP78_#2_78 275
PIN156_#2_156 ff_FLIP_FLOP85_#2_85,NEW_FLIP_FLOP_14,FLIP_FLOP78_#2_78 90
PIN169_#3_169 ff_FLIP_FLOP85_#3_85,FLIP_FLOP51_#3_51,FLIP_FLOP54_#3_54,FLIP_FLOP64_#3_64 500
PIN170_#3_170 ff_FLIP_FLOP85_#3_85,FLIP_FLOP51_#3_51,FLIP_FLOP54_#3_54,FLIP_FLOP64_#3_64 55
PIN101_#3_101 ff_FLIP_FLOP85_#3_85,FLIP_FLOP51_#3_51,FLIP_FLOP54_#3_54,FLIP_FLOP64_#3_64 465
PIN102_#3_102 ff_FLIP_FLOP85_#3_85,FLIP_FLOP51_#3_51,FLIP_FLOP54_#3_54,FLIP_FLOP64_#3_64 15
PIN107_#3_107 ff_FLIP_FLOP85_#3_85,FLIP_FLOP51_#3_51,FLIP_FLOP54_#3_54,FLIP_FLOP64_#3_64 555
PIN108_#3_108 ff_FLIP_FLOP85_#3_85,FLIP_FLOP51_#3_51,FLIP_FLOP54_#3_54,FLIP_FLOP64_#3_64 1020
PIN127_#3_127 ff_FLIP_FLOP85_#3_85,FLIP_FLOP51_#3_51,FLIP_FLOP54_#3_54,FLIP_FLOP64_#3_64 15
PIN128_#3_128 ff_FLIP_FLOP85_#3_85,FLIP_FLOP51_#3_51,FLIP_FLOP54_#3_54,FLIP_FLOP64_#3_64 590
PIN101_#2_101 ff_NEW_FLIP_FLOP_17,NEW_FLIP_FLOP_12 550
PIN102_#2_102 ff_NEW_FLIP_FLOP_17,NEW_FLIP_FLOP_12 90
PIN159_#2_159 ff_NEW_FLIP_FLOP_17,NEW_FLIP_FLOP_12 90
PIN160_#2_160 ff_NEW_FLIP_FLOP_17,NEW_FLIP_FLOP_12 405
PIN47_#2_47 ff_NEW_FLIP_FLOP_17,NEW_FLIP_FLOP_12 0
PIN48_#2_48 ff_NEW_FLIP_FLOP_17,NEW_FLIP_FLOP_12 365
PIN121_#2_121 ff_NEW_FLIP_FLOP_17,NEW_FLIP_FLOP_12 0
PIN122_#2_122 ff_NEW_FLIP_FLOP_17,NEW_FLIP_FLOP_12 100
PIN81_#2_81 ff_FLIP_FLOP41_#2_41,FLIP_FLOP1_#2_1,FLIP_FLOP3_#2_3,FLIP_FLOP10_#2_10 40
PIN82_#2_82 ff_FLIP_FLOP41_#2_41,FLIP_FLOP1_#2_1,FLIP_FLOP3_#2_3,FLIP_FLOP10_#2_10 415
PIN1_#2_1 ff_FLIP_FLOP41_#2_41,FLIP_FLOP1_#2_1,FLIP_FLOP3_#2_3,FLIP_FLOP10_#2_10 335
PIN2_#2_2 ff_FLIP_FLOP41_#2_41,FLIP_FLOP1_#2_1,FLIP_FLOP3_#2_3,FLIP_FLOP10_#2_10 115
PIN5_#2_5 ff_FLIP_FLOP41_#2_41,FLIP_FLOP1_#2_1,FLIP_FLOP3_#2_3,FLIP_FLOP10_#2_10 30
PIN6_#2_6 ff_FLIP_FLOP41_#2_41,FLIP_FLOP1_#2_1,FLIP_FLOP3_#2_3,FLIP_FLOP10_#2_10 135
PIN19_#2_19 ff_FLIP_FLOP41_#2_41,FLIP_FLOP1_#2_1,FLIP_FLOP3_#2_3,FLIP_FLOP10_#2_10 25
PIN20_#2_20 ff_FLIP_FLOP41_#2_41,FLIP_FLOP1_#2_1,FLIP_FLOP3_#2_3,FLIP_FLOP10_#2_10 510
PIN81_#3_81 ff_NEW_FLIP_FLOP_41,NEW_FLIP_FLOP_37 40
PIN82_#3_82 ff_NEW_FLIP_FLOP_41,NEW_FLIP_FLOP_37 415
PIN207_#3_207 ff_NEW_FLIP_FLOP_41,NEW_FLIP_FLOP_37 335
PIN208_#3_208 ff_NEW_FLIP_FLOP_41,NEW_FLIP_FLOP_37 400
PIN5_#3_5 ff_NEW_FLIP_FLOP_41,NEW_FLIP_FLOP_37 30
PIN6_#3_6 ff_NEW_FLIP_FLOP_41,NEW_FLIP_FLOP_37 135
PIN19_#3_19 ff_NEW_FLIP_FLOP_41,NEW_FLIP_FLOP_37 25
PIN20_#3_20 ff_NEW_FLIP_FLOP_41,NEW_FLIP_FLOP_37 510
PIN59_#1_59 ff_NEW_FLIP_FLOP_25,FLIP_FLOP110_#2_110,FLIP_FLOP9_#2_9 115
PIN60_#1_60 ff_NEW_FLIP_FLOP_25,FLIP_FLOP110_#2_110,FLIP_FLOP9_#2_9 20
PIN173_#1_173 ff_NEW_FLIP_FLOP_25,FLIP_FLOP110_#2_110,FLIP_FLOP9_#2_9 605
PIN174_#1_174 ff_NEW_FLIP_FLOP_25,FLIP_FLOP110_#2_110,FLIP_FLOP9_#2_9 85
PIN219_#2_219 ff_NEW_FLIP_FLOP_25,FLIP_FLOP110_#2_110,FLIP_FLOP9_#2_9 15
PIN220_#2_220 ff_NEW_FLIP_FLOP_25,FLIP_FLOP110_#2_110,FLIP_FLOP9_#2_9 45
PIN17_#2_17 ff_NEW_FLIP_FLOP_25,FLIP_FLOP110_#2_110,FLIP_FLOP9_#2_9 660
PIN18_#2_18 ff_NEW_FLIP_FLOP_25,FLIP_FLOP110_#2_110,FLIP_FLOP9_#2_9 350
PIN209_#1_209 ff_FLIP_FLOP105_#1_105,FLIP_FLOP61_#3_61 320
PIN210_#1_210 ff_FLIP_FLOP105_#1_105,FLIP_FLOP61_#3_61 145
PIN121_#3_121 ff_FLIP_FLOP105_#1_105,FLIP_FLOP61_#3_61 325
PIN122_#3_122 ff_FLIP_FLOP105_#1_105,FLIP_FLOP61_#3_61 465
PIN67_#3_67 ff_FLIP_FLOP34_#3_34,FLIP_FLOP59_#3_59 100
PIN68_#3_68 ff_FLIP_FLOP34_#3_34,FLIP_FLOP59_#3_59 460
PIN117_#3_117 ff_FLIP_FLOP34_#3_34,FLIP_FLOP59_#3_59 410
PIN118_#3_118 ff_FLIP_FLOP34_#3_34,FLIP_FLOP59_#3_59 90
PIN157_#1_157 ff_NEW_FLIP_FLOP_26 60
PIN158_#1_158 ff_NEW_FLIP_FLOP_26 470
PIN163_#1_163 ff_NEW_FLIP_FLOP_26 55
PIN164_#1_164 ff_NEW_FLIP_FLOP_26 310
PIN47_#3_47 ff_FLIP_FLOP24_#3_24,FLIP_FLOP109_#3_109 45
PIN48_#3_48 ff_FLIP_FLOP24_#3_24,FLIP_FLOP109_#3_109 560
PIN217_#3_217 ff_FLIP_FLOP24_#3_24,FLIP_FLOP109_#3_109 680
PIN218_#3_218 ff_FLIP_FLOP24_#3_24,FLIP_FLOP109_#3_109 35
PIN53_#3_53 ff_NEW_FLIP_FLOP_38,FLIP_FLOP1_#3_1,FLIP_FLOP94_#3_94 365
PIN54_#3_54 ff_NEW_FLIP_FLOP_38,FLIP_FLOP1_#3_1,FLIP_FLOP94_#3_94 55
PIN95_#3_95 ff_NEW_FLIP_FLOP_38,FLIP_FLOP1_#3_1,FLIP_FLOP94_#3_94 605
PIN96_#3_96 ff_NEW_FLIP_FLOP_38,FLIP_FLOP1_#3_1,FLIP_FLOP94_#3_94 50
PIN1_#3_1 ff_NEW_FLIP_FLOP_38,FLIP_FLOP1_#3_1,FLIP_FLOP94_#3_94 650
PIN2_#3_2 ff_NEW_FLIP_FLOP_38,FLIP_FLOP1_#3_1,FLIP_FLOP94_#3_94 460
PIN187_#3_187 ff_NEW_FLIP_FLOP_38,FLIP_FLOP1_#3_1,FLIP_FLOP94_#3_94 260
PIN188_#3_188 ff_NEW_FLIP_FLOP_38,FLIP_FLOP1_#3_1,FLIP_FLOP94_#3_94 540
PIN189_#2_189 ff_FLIP_FLOP95_#2_95,FLIP_FLOP55_#2_55,FLIP_FLOP16_#2_16,FLIP_FLOP59_#2_59 385
PIN190_#2_190 ff_FLIP_FLOP95_#2_95,FLIP_FLOP55_#2_55,FLIP_FLOP16_#2_16,FLIP_FLOP59_#2_59 25
PIN109_#2_109 ff_FLIP_FLOP95_#2_95,FLIP_FLOP55_#2_55,FLIP_FLOP16_#2_16,FLIP_FLOP59_#2_59 125
PIN110_#2_110 ff_FLIP_FLOP95_#2_95,FLIP_FLOP55_#2_55,FLIP_FLOP16_#2_16,FLIP_FLOP59_#2_59 10
PIN31_#2_31 ff_FLIP_FLOP95_#2_95,FLIP_FLOP55_#2_55,FLIP_FLOP16_#2_16,FLIP_FLOP59_#2_59 805
PIN32_#2_32 ff_FLIP_FLOP95_#2_95,FLIP_FLOP55_#2_55,FLIP_FLOP16_#2_16,FLIP_FLOP59_#2_59 25
PIN117_#2_117 ff_FLIP_FLOP95_#2_95,FLIP_FLOP55_#2_55,FLIP_FLOP16_#2_16,FLIP_FLOP59_#2_59 710
PIN118_#2_118 ff_FLIP_FLOP95_#2_95,FLIP_FLOP55_#2_55,FLIP_FLOP16_#2_16,FLIP_FLOP59_#2_59 390
PIN141_#3_141 ff_NEW_FLIP_FLOP_40,FLIP_FLOP9_#3_9,FLIP_FLOP106_#3_106 865
PIN142_#3_142 ff_NEW_FLIP_FLOP_40,FLIP_FLOP9_#3_9,FLIP_FLOP106_#3_106 160
PIN189_#3_189 ff_NEW_FLIP_FLOP_40,FLIP_FLOP9_#3_9,FLIP_FLOP106_#3_106 410
PIN190_#3_190 ff_NEW_FLIP_FLOP_40,FLIP_FLOP9_#3_9,FLIP_FLOP106_#3_106 50
PIN17_#3_17 ff_NEW_FLIP_FLOP_40,FLIP_FLOP9_#3_9,FLIP_FLOP106_#3_106 365
PIN18_#3_18 ff_NEW_FLIP_FLOP_40,FLIP_FLOP9_#3_9,FLIP_FLOP106_#3_106 95
PIN211_#3_211 ff_NEW_FLIP_FLOP_40,FLIP_FLOP9_#3_9,FLIP_FLOP106_#3_106 45
PIN212_#3_212 ff_NEW_FLIP_FLOP_40,FLIP_FLOP9_#3_9,FLIP_FLOP106_#3_106 180
PIN205_#2_205 ff_FLIP_FLOP103_#2_103,NEW_FLIP_FLOP_13,FLIP_FLOP112_#2_112 50
PIN206_#2_206 ff_FLIP_FLOP103_#2_103,NEW_FLIP_FLOP_13,FLIP_FLOP112_#2_112 40
PIN129_#2_129 ff_FLIP_FLOP103_#2_103,NEW_FLIP_FLOP_13,FLIP_FLOP112_#2_112 90
PIN130_#2_130 ff_FLIP_FLOP103_#2_103,NEW_FLIP_FLOP_13,FLIP_FLOP112_#2_112 60
PIN217_#2_217 ff_FLIP_FLOP103_#2_103,NEW_FLIP_FLOP_13,FLIP_FLOP112_#2_112 590
PIN218_#2_218 ff_FLIP_FLOP103_#2_103,NEW_FLIP_FLOP_13,FLIP_FLOP112_#2_112 45
PIN223_#2_223 ff_FLIP_FLOP103_#2_103,NEW_FLIP_FLOP_13,FLIP_FLOP112_#2_112 30
PIN224_#2_224 ff_FLIP_FLOP103_#2_103,NEW_FLIP_FLOP_13,FLIP_FLOP112_#2_112 740
PIN73_#1_73 ff_NEW_FLIP_FLOP_28 185
PIN74_#1_74 ff_NEW_FLIP_FLOP_28 310
PIN177_#1_177 ff_NEW_FLIP_FLOP_28 185
PIN178_#1_178 ff_NEW_FLIP_FLOP_28 810
PIN95_#2_95 ff_FLIP_FLOP48_#2_48,FLIP_FLOP104_#2_104,FLIP_FLOP86_#2_86,FLIP_FLOP94_#2_94 365
PIN96_#2_96 ff_FLIP_FLOP48_#2_48,FLIP_FLOP104_#2_104,FLIP_FLOP86_#2_86,FLIP_FLOP94_#2_94 50
PIN207_#2_207 ff_FLIP_FLOP48_#2_48,FLIP_FLOP104_#2_104,FLIP_FLOP86_#2_86,FLIP_FLOP94_#2_94 180
PIN208_#2_208 ff_FLIP_FLOP48_#2_48,FLIP_FLOP104_#2_104,FLIP_FLOP86_#2_86,FLIP_FLOP94_#2_94 235
PIN171_#2_171 ff_FLIP_FLOP48_#2_48,FLIP_FLOP104_#2_104,FLIP_FLOP86_#2_86,FLIP_FLOP94_#2_94 245
PIN172_#2_172 ff_FLIP_FLOP48_#2_48,FLIP_FLOP104_#2_104,FLIP_FLOP86_#2_86,FLIP_FLOP94_#2_94 45
PIN187_#2_187 ff_FLIP_FLOP48_#2_48,FLIP_FLOP104_#2_104,FLIP_FLOP86_#2_86,FLIP_FLOP94_#2_94 460
PIN188_#2_188 ff_FLIP_FLOP48_#2_48,FLIP_FLOP104_#2_104,FLIP_FLOP86_#2_86,FLIP_FLOP94_#2_94 710
PIN3_#1_3 ff_NEW_FLIP_FLOP_23,FLIP_FLOP49_#4_49,FLIP_FLOP18_#4_18 110
PIN4_#1_4 ff_NEW_FLIP_FLOP_23,FLIP_FLOP49_#4_49,FLIP_FLOP18_#4_18 10
PIN115_#1_115 ff_NEW_FLIP_FLOP_23,FLIP_FLOP49_#4_49,FLIP_FLOP18_#4_18 15
PIN116_#1_116 ff_NEW_FLIP_FLOP_23,FLIP_FLOP49_#4_49,FLIP_FLOP18_#4_18 30
PIN97_#4_97 ff_NEW_FLIP_FLOP_23,FLIP_FLOP49_#4_49,FLIP_FLOP18_#4_18 350
PIN98_#4_98 ff_NEW_FLIP_FLOP_23,FLIP_FLOP49_#4_49,FLIP_FLOP18_#4_18 135
PIN35_#4_35 ff_NEW_FLIP_FLOP_23,FLIP_FLOP49_#4_49,FLIP_FLOP18_#4_18 200
PIN36_#4_36 ff_NEW_FLIP_FLOP_23,FLIP_FLOP49_#4_49,FLIP_FLOP18_#4_18 35
PIN119_#2_119 ff_FLIP_FLOP60_#2_60,FLIP_FLOP47_#2_47,FLIP_FLOP114_#2_114,FLIP_FLOP102_#2_102 180
PIN120_#2_120 ff_FLIP_FLOP60_#2_60,FLIP_FLOP47_#2_47,FLIP_FLOP114_#2_114,FLIP_FLOP102_#2_102 10
PIN93_#2_93 ff_FLIP_FLOP60_#2_60,FLIP_FLOP47_#2_47,FLIP_FLOP114_#2_114,FLIP_FLOP102_#2_102 575
PIN94_#2_94 ff_FLIP_FLOP60_#2_60,FLIP_FLOP47_#2_47,FLIP_FLOP114_#2_114,FLIP_FLOP102_#2_102 20
PIN227_#2_227 ff_FLIP_FLOP60_#2_60,FLIP_FLOP47_#2_47,FLIP_FLOP114_#2_114,FLIP_FLOP102_#2_102 560
PIN228_#2_228 ff_FLIP_FLOP60_#2_60,FLIP_FLOP47_#2_47,FLIP_FLOP114_#2_114,FLIP_FLOP102_#2_102 330
PIN203_#2_203 ff_FLIP_FLOP60_#2_60,FLIP_FLOP47_#2_47,FLIP_FLOP114_#2_114,FLIP_FLOP102_#2_102 10
PIN204_#2_204 ff_FLIP_FLOP60_#2_60,FLIP_FLOP47_#2_47,FLIP_FLOP114_#2_114,FLIP_FLOP102_#2_102 60
PIN55_#3_55 ff_NEW_FLIP_FLOP_39,FLIP_FLOP47_#3_47,FLIP_FLOP96_#3_96 130
PIN56_#3_56 ff_NEW_FLIP_FLOP_39,FLIP_FLOP47_#3_47,FLIP_FLOP96_#3_96 130
PIN119_#3_119 ff_NEW_FLIP_FLOP_39,FLIP_FLOP47_#3_47,FLIP_FLOP96_#3_96 190
PIN120_#3_120 ff_NEW_FLIP_FLOP_39,FLIP_FLOP47_#3_47,FLIP_FLOP96_#3_96 20
PIN93_#3_93 ff_NEW_FLIP_FLOP_39,FLIP_FLOP47_#3_47,FLIP_FLOP96_#3_96 565
PIN94_#3_94 ff_NEW_FLIP_FLOP_39,FLIP_FLOP47_#3_47,FLIP_FLOP96_#3_96 10
PIN191_#3_191 ff_NEW_FLIP_FLOP_39,FLIP_FLOP47_#3_47,FLIP_FLOP96_#3_96 15
PIN192_#3_192 ff_NEW_FLIP_FLOP_39,FLIP_FLOP47_#3_47,FLIP_FLOP96_#3_96 100
PIN183_#3_183 ff_FLIP_FLOP92_#3_92,NEW_FLIP_FLOP_49,FLIP_FLOP90_#3_90 565
PIN184_#3_184 ff_FLIP_FLOP92_#3_92,NEW_FLIP_FLOP_49,FLIP_FLOP90_#3_90 50
PIN43_#3_43 ff_FLIP_FLOP92_#3_92,NEW_FLIP_FLOP_49,FLIP_FLOP90_#3_90 95
PIN44_#3_44 ff_FLIP_FLOP92_#3_92,NEW_FLIP_FLOP_49,FLIP_FLOP90_#3_90 315
PIN71_#3_71 ff_FLIP_FLOP92_#3_92,NEW_FLIP_FLOP_49,FLIP_FLOP90_#3_90 385
PIN72_#3_72 ff_FLIP_FLOP92_#3_92,NEW_FLIP_FLOP_49,FLIP_FLOP90_#3_90 40
PIN179_#3_179 ff_FLIP_FLOP92_#3_92,NEW_FLIP_FLOP_49,FLIP_FLOP90_#3_90 145
PIN180_#3_180 ff_FLIP_FLOP92_#3_92,NEW_FLIP_FLOP_49,FLIP_FLOP90_#3_90 820
PIN99_#2_99 ff_NEW_FLIP_FLOP_16,FLIP_FLOP22_#2_22,FLIP_FLOP23_#2_23 105
PIN100_#2_100 ff_NEW_FLIP_FLOP_16,FLIP_FLOP22_#2_22,FLIP_FLOP23_#2_23 130
PIN183_#2_183 ff_NEW_FLIP_FLOP_16,FLIP_FLOP22_#2_22,FLIP_FLOP23_#2_23 535
PIN184_#2_184 ff_NEW_FLIP_FLOP_16,FLIP_FLOP22_#2_22,FLIP_FLOP23_#2_23 20
PIN43_#2_43 ff_NEW_FLIP_FLOP_16,FLIP_FLOP22_#2_22,FLIP_FLOP23_#2_23 125
PIN44_#2_44 ff_NEW_FLIP_FLOP_16,FLIP_FLOP22_#2_22,FLIP_FLOP23_#2_23 285
PIN45_#2_45 ff_NEW_FLIP_FLOP_16,FLIP_FLOP22_#2_22,FLIP_FLOP23_#2_23 10
PIN46_#2_46 ff_NEW_FLIP_FLOP_16,FLIP_FLOP22_#2_22,FLIP_FLOP23_#2_23 585
PIN107_#2_107 ff_NEW_FLIP_FLOP_15,FLIP_FLOP67_#2_67,FLIP_FLOP72_#2_72 165
PIN108_#2_108 ff_NEW_FLIP_FLOP_15,FLIP_FLOP67_#2_67,FLIP_FLOP72_#2_72 110
PIN179_#2_179 ff_NEW_FLIP_FLOP_15,FLIP_FLOP67_#2_67,FLIP_FLOP72_#2_72 170
PIN180_#2_180 ff_NEW_FLIP_FLOP_15,FLIP_FLOP67_#2_67,FLIP_FLOP72_#2_72 755
PIN133_#2_133 ff_NEW_FLIP_FLOP_15,FLIP_FLOP67_#2_67,FLIP_FLOP72_#2_72 100
PIN134_#2_134 ff_NEW_FLIP_FLOP_15,FLIP_FLOP67_#2_67,FLIP_FLOP72_#2_72 555
PIN143_#2_143 ff_NEW_FLIP_FLOP_15,FLIP_FLOP67_#2_67,FLIP_FLOP72_#2_72 1020
PIN144_#2_144 ff_NEW_FLIP_FLOP_15,FLIP_FLOP67_#2_67,FLIP_FLOP72_#2_72 555
PIN197_#2_197 ff_FLIP_FLOP99_#2_99,FLIP_FLOP73_#2_73,FLIP_FLOP75_#2_75,FLIP_FLOP119_#2_119 440
PIN198_#2_198 ff_FLIP_FLOP99_#2_99,FLIP_FLOP73_#2_73,FLIP_FLOP75_#2_75,FLIP_FLOP119_#2_119 30
PIN145_#2_145 ff_FLIP_FLOP99_#2_99,FLIP_FLOP73_#2_73,FLIP_FLOP75_#2_75,FLIP_FLOP119_#2_119 20
PIN146_#2_146 ff_FLIP_FLOP99_#2_99,FLIP_FLOP73_#2_73,FLIP_FLOP75_#2_75,FLIP_FLOP119_#2_119 160
PIN149_#2_149 ff_FLIP_FLOP99_#2_99,FLIP_FLOP73_#2_73,FLIP_FLOP75_#2_75,FLIP_FLOP119_#2_119 105
PIN150_#2_150 ff_FLIP_FLOP99_#2_99,FLIP_FLOP73_#2_73,FLIP_FLOP75_#2_75,FLIP_FLOP119_#2_119 1015
PIN237_#2_237 ff_FLIP_FLOP99_#2_99,FLIP_FLOP73_#2_73,FLIP_FLOP75_#2_75,FLIP_FLOP119_#2_119 825
PIN238_#2_238 ff_FLIP_FLOP99_#2_99,FLIP_FLOP73_#2_73,FLIP_FLOP75_#2_75,FLIP_FLOP119_#2_119 160
PIN197_#3_197 ff_FLIP_FLOP99_#3_99,NEW_FLIP_FLOP_50,FLIP_FLOP119_#3_119 480
PIN198_#3_198 ff_FLIP_FLOP99_#3_99,NEW_FLIP_FLOP_50,FLIP_FLOP119_#3_119 70
PIN133_#3_133 ff_FLIP_FLOP99_#3_99,NEW_FLIP_FLOP_50,FLIP_FLOP119_#3_119 300
PIN134_#3_134 ff_FLIP_FLOP99_#3_99,NEW_FLIP_FLOP_50,FLIP_FLOP119_#3_119 755
PIN175_#3_175 ff_FLIP_FLOP99_#3_99,NEW_FLIP_FLOP_50,FLIP_FLOP119_#3_119 105
PIN176_#3_176 ff_FLIP_FLOP99_#3_99,NEW_FLIP_FLOP_50,FLIP_FLOP119_#3_119 60
PIN237_#3_237 ff_FLIP_FLOP99_#3_99,NEW_FLIP_FLOP_50,FLIP_FLOP119_#3_119 785
PIN238_#3_238 ff_FLIP_FLOP99_#3_99,NEW_FLIP_FLOP_50,FLIP_FLOP119_#3_119 170
PIN9_#2_9 ff_FLIP_FLOP5_#2_5,FLIP_FLOP70_#2_70,FLIP_FLOP74_#2_74,FLIP_FLOP36_#2_36 125
PIN10_#2_10 ff_FLIP_FLOP5_#2_5,FLIP_FLOP70_#2_70,FLIP_FLOP74_#2_74,FLIP_FLOP36_#2_36 595
PIN139_#2_139 ff_FLIP_FLOP5_#2_5,FLIP_FLOP70_#2_70,FLIP_FLOP74_#2_74,FLIP_FLOP36_#2_36 250
PIN140_#2_140 ff_FLIP_FLOP5_#2_5,FLIP_FLOP70_#2_70,FLIP_FLOP74_#2_74,FLIP_FLOP36_#2_36 640
PIN147_#2_147 ff_FLIP_FLOP5_#2_5,FLIP_FLOP70_#2_70,FLIP_FLOP74_#2_74,FLIP_FLOP36_#2_36 305
PIN148_#2_148 ff_FLIP_FLOP5_#2_5,FLIP_FLOP70_#2_70,FLIP_FLOP74_#2_74,FLIP_FLOP36_#2_36 120
PIN71_#2_71 ff_FLIP_FLOP5_#2_5,FLIP_FLOP70_#2_70,FLIP_FLOP74_#2_74,FLIP_FLOP36_#2_36 685
PIN72_#2_72 ff_FLIP_FLOP5_#2_5,FLIP_FLOP70_#2_70,FLIP_FLOP74_#2_74,FLIP_FLOP36_#2_36 320
PIN9_#3_9 ff_FLIP_FLOP5_#3_5,NEW_FLIP_FLOP_46,FLIP_FLOP101_#3_101 55
PIN10_#3_10 ff_FLIP_FLOP5_#3_5,NEW_FLIP_FLOP_46,FLIP_FLOP101_#3_101 525
PIN25_#3_25 ff_FLIP_FLOP5_#3_5,NEW_FLIP_FLOP_46,FLIP_FLOP101_#3_101 160
PIN26_#3_26 ff_FLIP_FLOP5_#3_5,NEW_FLIP_FLOP_46,FLIP_FLOP101_#3_101 55
PIN33_#3_33 ff_FLIP_FLOP5_#3_5,NEW_FLIP_FLOP_46,FLIP_FLOP101_#3_101 305
PIN34_#3_34 ff_FLIP_FLOP5_#3_5,NEW_FLIP_FLOP_46,FLIP_FLOP101_#3_101 50
PIN201_#3_201 ff_FLIP_FLOP5_#3_5,NEW_FLIP_FLOP_46,FLIP_FLOP101_#3_101 680
PIN202_#3_202 ff_FLIP_FLOP5_#3_5,NEW_FLIP_FLOP_46,FLIP_FLOP101_#3_101 665
PIN39_#2_39 ff_FLIP_FLOP20_#2_20,NEW_FLIP_FLOP_35,FLIP_FLOP63_#2_63 145
PIN40_#2_40 ff_FLIP_FLOP20_#2_20,NEW_FLIP_FLOP_35,FLIP_FLOP63_#2_63 210
PIN195_#2_195 ff_FLIP_FLOP20_#2_20,NEW_FLIP_FLOP_35,FLIP_FLOP63_#2_63 140
PIN196_#2_196 ff_FLIP_FLOP20_#2_20,NEW_FLIP_FLOP_35,FLIP_FLOP63_#2_63 760
PIN213_#2_213 ff_FLIP_FLOP20_#2_20,NEW_FLIP_FLOP_35,FLIP_FLOP63_#2_63 465
PIN214_#2_214 ff_FLIP_FLOP20_#2_20,NEW_FLIP_FLOP_35,FLIP_FLOP63_#2_63 490
PIN125_#2_125 ff_FLIP_FLOP20_#2_20,NEW_FLIP_FLOP_35,FLIP_FLOP63_#2_63 170
PIN126_#2_126 ff_FLIP_FLOP20_#2_20,NEW_FLIP_FLOP_35,FLIP_FLOP63_#2_63 410
PIN39_#3_39 ff_FLIP_FLOP20_#3_20,FLIP_FLOP86_#3_86,FLIP_FLOP6_#3_6,FLIP_FLOP56_#3_56 60
PIN40_#3_40 ff_FLIP_FLOP20_#3_20,FLIP_FLOP86_#3_86,FLIP_FLOP6_#3_6,FLIP_FLOP56_#3_56 95
PIN171_#3_171 ff_FLIP_FLOP20_#3_20,FLIP_FLOP86_#3_86,FLIP_FLOP6_#3_6,FLIP_FLOP56_#3_56 480
PIN172_#3_172 ff_FLIP_FLOP20_#3_20,FLIP_FLOP86_#3_86,FLIP_FLOP6_#3_6,FLIP_FLOP56_#3_56 140
PIN11_#3_11 ff_FLIP_FLOP20_#3_20,FLIP_FLOP86_#3_86,FLIP_FLOP6_#3_6,FLIP_FLOP56_#3_56 615
PIN12_#3_12 ff_FLIP_FLOP20_#3_20,FLIP_FLOP86_#3_86,FLIP_FLOP6_#3_6,FLIP_FLOP56_#3_56 145
PIN111_#3_111 ff_FLIP_FLOP20_#3_20,FLIP_FLOP86_#3_86,FLIP_FLOP6_#3_6,FLIP_FLOP56_#3_56 355
PIN112_#3_112 ff_FLIP_FLOP20_#3_20,FLIP_FLOP86_#3_86,FLIP_FLOP6_#3_6,FLIP_FLOP56_#3_56 50
PIN233_#1_233 ff_FLIP_FLOP117_#1_117,FLIP_FLOP31_#4_31,FLIP_FLOP68_#2_68,FLIP_FLOP69_#4_69 5
PIN234_#1_234 ff_FLIP_FLOP117_#1_117,FLIP_FLOP31_#4_31,FLIP_FLOP68_#2_68,FLIP_FLOP69_#4_69 480
PIN61_#4_61 ff_FLIP_FLOP117_#1_117,FLIP_FLOP31_#4_31,FLIP_FLOP68_#2_68,FLIP_FLOP69_#4_69 0
PIN62_#4_62 ff_FLIP_FLOP117_#1_117,FLIP_FLOP31_#4_31,FLIP_FLOP68_#2_68,FLIP_FLOP69_#4_69 5
PIN135_#2_135 ff_FLIP_FLOP117_#1_117,FLIP_FLOP31_#4_31,FLIP_FLOP68_#2_68,FLIP_FLOP69_#4_69 585
PIN136_#2_136 ff_FLIP_FLOP117_#1_117,FLIP_FLOP31_#4_31,FLIP_FLOP68_#2_68,FLIP_FLOP69_#4_69 270
PIN137_#4_137 ff_FLIP_FLOP117_#1_117,FLIP_FLOP31_#4_31,FLIP_FLOP68_#2_68,FLIP_FLOP69_#4_69 300
PIN138_#4_138 ff_FLIP_FLOP117_#1_117,FLIP_FLOP31_#4_31,FLIP_FLOP68_#2_68,FLIP_FLOP69_#4_69 430
PIN131_#2_131 ff_FLIP_FLOP66_#2_66,FLIP_FLOP108_#2_108,FLIP_FLOP111_#4_111,FLIP_FLOP44_#4_44 55
PIN132_#2_132 ff_FLIP_FLOP66_#2_66,FLIP_FLOP108_#2_108,FLIP_FLOP111_#4_111,FLIP_FLOP44_#4_44 115
PIN215_#2_215 ff_FLIP_FLOP66_#2_66,FLIP_FLOP108_#2_108,FLIP_FLOP111_#4_111,FLIP_FLOP44_#4_44 595
PIN216_#2_216 ff_FLIP_FLOP66_#2_66,FLIP_FLOP108_#2_108,FLIP_FLOP111_#4_111,FLIP_FLOP44_#4_44 480
PIN221_#4_221 ff_FLIP_FLOP66_#2_66,FLIP_FLOP108_#2_108,FLIP_FLOP111_#4_111,FLIP_FLOP44_#4_44 80
PIN222_#4_222 ff_FLIP_FLOP66_#2_66,FLIP_FLOP108_#2_108,FLIP_FLOP111_#4_111,FLIP_FLOP44_#4_44 60
PIN87_#4_87 ff_FLIP_FLOP66_#2_66,FLIP_FLOP108_#2_108,FLIP_FLOP111_#4_111,FLIP_FLOP44_#4_44 220
PIN88_#4_88 ff_FLIP_FLOP66_#2_66,FLIP_FLOP108_#2_108,FLIP_FLOP111_#4_111,FLIP_FLOP44_#4_44 420
PIN131_#3_131 ff_FLIP_FLOP66_#3_66,FLIP_FLOP63_#3_63,FLIP_FLOP107_#3_107,FLIP_FLOP108_#3_108 210
PIN132_#3_132 ff_FLIP_FLOP66_#3_66,FLIP_FLOP63_#3_63,FLIP_FLOP107_#3_107,FLIP_FLOP108_#3_108 270
PIN125_#3_125 ff_FLIP_FLOP66_#3_66,FLIP_FLOP63_#3_63,FLIP_FLOP107_#3_107,FLIP_FLOP108_#3_108 205
PIN126_#3_126 ff_FLIP_FLOP66_#3_66,FLIP_FLOP63_#3_63,FLIP_FLOP107_#3_107,FLIP_FLOP108_#3_108 855
PIN213_#3_213 ff_FLIP_FLOP66_#3_66,FLIP_FLOP63_#3_63,FLIP_FLOP107_#3_107,FLIP_FLOP108_#3_108 130
PIN214_#3_214 ff_FLIP_FLOP66_#3_66,FLIP_FLOP63_#3_63,FLIP_FLOP107_#3_107,FLIP_FLOP108_#3_108 435
PIN215_#3_215 ff_FLIP_FLOP66_#3_66,FLIP_FLOP63_#3_63,FLIP_FLOP107_#3_107,FLIP_FLOP108_#3_108 130
PIN216_#3_216 ff_FLIP_FLOP66_#3_66,FLIP_FLOP63_#3_63,FLIP_FLOP107_#3_107,FLIP_FLOP108_#3_108 155
PIN139_#3_139 ff_FLIP_FLOP70_#3_70,FLIP_FLOP72_#3_72,FLIP_FLOP75_#3_75,FLIP_FLOP43_#3_43 25
PIN140_#3_140 ff_FLIP_FLOP70_#3_70,FLIP_FLOP72_#3_72,FLIP_FLOP75_#3_75,FLIP_FLOP43_#3_43 595
PIN143_#3_143 ff_FLIP_FLOP70_#3_70,FLIP_FLOP72_#3_72,FLIP_FLOP75_#3_75,FLIP_FLOP43_#3_43 910
PIN144_#3_144 ff_FLIP_FLOP70_#3_70,FLIP_FLOP72_#3_72,FLIP_FLOP75_#3_75,FLIP_FLOP43_#3_43 765
PIN149_#3_149 ff_FLIP_FLOP70_#3_70,FLIP_FLOP72_#3_72,FLIP_FLOP75_#3_75,FLIP_FLOP43_#3_43 35
PIN150_#3_150 ff_FLIP_FLOP70_#3_70,FLIP_FLOP72_#3_72,FLIP_FLOP75_#3_75,FLIP_FLOP43_#3_43 215
PIN85_#3_85 ff_FLIP_FLOP70_#3_70,FLIP_FLOP72_#3_72,FLIP_FLOP75_#3_75,FLIP_FLOP43_#3_43 425
PIN86_#3_86 ff_FLIP_FLOP70_#3_70,FLIP_FLOP72_#3_72,FLIP_FLOP75_#3_75,FLIP_FLOP43_#3_43 15
PIN103_#2_103 ff_FLIP_FLOP52_#2_52,FLIP_FLOP39_#2_39,FLIP_FLOP43_#2_43,FLIP_FLOP88_#2_88 35
PIN104_#2_104 ff_FLIP_FLOP52_#2_52,FLIP_FLOP39_#2_39,FLIP_FLOP43_#2_43,FLIP_FLOP88_#2_88 210
PIN77_#2_77 ff_FLIP_FLOP52_#2_52,FLIP_FLOP39_#2_39,FLIP_FLOP43_#2_43,FLIP_FLOP88_#2_88 610
PIN78_#2_78 ff_FLIP_FLOP52_#2_52,FLIP_FLOP39_#2_39,FLIP_FLOP43_#2_43,FLIP_FLOP88_#2_88 25
PIN85_#2_85 ff_FLIP_FLOP52_#2_52,FLIP_FLOP39_#2_39,FLIP_FLOP43_#2_43,FLIP_FLOP88_#2_88 345
PIN86_#2_86 ff_FLIP_FLOP52_#2_52,FLIP_FLOP39_#2_39,FLIP_FLOP43_#2_43,FLIP_FLOP88_#2_88 95
PIN175_#2_175 ff_FLIP_FLOP52_#2_52,FLIP_FLOP39_#2_39,FLIP_FLOP43_#2_43,FLIP_FLOP88_#2_88 305
PIN176_#2_176 ff_FLIP_FLOP52_#2_52,FLIP_FLOP39_#2_39,FLIP_FLOP43_#2_43,FLIP_FLOP88_#2_88 170
PIN103_#3_103 ff_NEW_FLIP_FLOP_45,NEW_FLIP_FLOP_48 85
PIN104_#3_104 ff_NEW_FLIP_FLOP_45,NEW_FLIP_FLOP_48 550
PIN145_#3_145 ff_NEW_FLIP_FLOP_45,NEW_FLIP_FLOP_48 80
PIN146_#3_146 ff_NEW_FLIP_FLOP_45,NEW_FLIP_FLOP_48 320
PIN147_#3_147 ff_NEW_FLIP_FLOP_45,NEW_FLIP_FLOP_48 260
PIN148_#3_148 ff_NEW_FLIP_FLOP_45,NEW_FLIP_FLOP_48 305
PIN167_#3_167 ff_NEW_FLIP_FLOP_45,NEW_FLIP_FLOP_48 655
PIN168_#3_168 ff_NEW_FLIP_FLOP_45,NEW_FLIP_FLOP_48 305
PIN193_#2_193 ff_FLIP_FLOP97_#2_97,FLIP_FLOP76_#4_76,FLIP_FLOP115_#4_115,FLIP_FLOP35_#4_35 455
PIN194_#2_194 ff_FLIP_FLOP97_#2_97,FLIP_FLOP76_#4_76,FLIP_FLOP115_#4_115,FLIP_FLOP35_#4_35 20
PIN151_#4_151 ff_FLIP_FLOP97_#2_97,FLIP_FLOP76_#4_76,FLIP_FLOP115_#4_115,FLIP_FLOP35_#4_35 455
PIN152_#4_152 ff_FLIP_FLOP97_#2_97,FLIP_FLOP76_#4_76,FLIP_FLOP115_#4_115,FLIP_FLOP35_#4_35 165
PIN229_#4_229 ff_FLIP_FLOP97_#2_97,FLIP_FLOP76_#4_76,FLIP_FLOP115_#4_115,FLIP_FLOP35_#4_35 300
PIN230_#4_230 ff_FLIP_FLOP97_#2_97,FLIP_FLOP76_#4_76,FLIP_FLOP115_#4_115,FLIP_FLOP35_#4_35 40
PIN69_#4_69 ff_FLIP_FLOP97_#2_97,FLIP_FLOP76_#4_76,FLIP_FLOP115_#4_115,FLIP_FLOP35_#4_35 15
PIN70_#4_70 ff_FLIP_FLOP97_#2_97,FLIP_FLOP76_#4_76,FLIP_FLOP115_#4_115,FLIP_FLOP35_#4_35 705
PIN193_#3_193 ff_FLIP_FLOP97_#3_97,FLIP_FLOP68_#3_68 400
PIN194_#3_194 ff_FLIP_FLOP97_#3_97,FLIP_FLOP68_#3_68 395
PIN135_#3_135 ff_FLIP_FLOP97_#3_97,FLIP_FLOP68_#3_68 620
PIN136_#3_136 ff_FLIP_FLOP97_#3_97,FLIP_FLOP68_#3_68 395
PIN227_#3_227 ff_FLIP_FLOP114_#3_114,FLIP_FLOP91_#3_91,FLIP_FLOP55_#3_55,FLIP_FLOP98_#3_98 15
PIN228_#3_228 ff_FLIP_FLOP114_#3_114,FLIP_FLOP91_#3_91,FLIP_FLOP55_#3_55,FLIP_FLOP98_#3_98 265
PIN181_#3_181 ff_FLIP_FLOP114_#3_114,FLIP_FLOP91_#3_91,FLIP_FLOP55_#3_55,FLIP_FLOP98_#3_98 260
PIN182_#3_182 ff_FLIP_FLOP114_#3_114,FLIP_FLOP91_#3_91,FLIP_FLOP55_#3_55,FLIP_FLOP98_#3_98 200
PIN109_#3_109 ff_FLIP_FLOP114_#3_114,FLIP_FLOP91_#3_91,FLIP_FLOP55_#3_55,FLIP_FLOP98_#3_98 10
PIN110_#3_110 ff_FLIP_FLOP114_#3_114,FLIP_FLOP91_#3_91,FLIP_FLOP55_#3_55,FLIP_FLOP98_#3_98 215
PIN195_#3_195 ff_FLIP_FLOP114_#3_114,FLIP_FLOP91_#3_91,FLIP_FLOP55_#3_55,FLIP_FLOP98_#3_98 370
PIN196_#3_196 ff_FLIP_FLOP114_#3_114,FLIP_FLOP91_#3_91,FLIP_FLOP55_#3_55,FLIP_FLOP98_#3_98 940
PIN223_#3_223 ff_FLIP_FLOP112_#3_112,FLIP_FLOP8_#3_8,FLIP_FLOP15_#3_15,FLIP_FLOP33_#3_33 50
PIN224_#3_224 ff_FLIP_FLOP112_#3_112,FLIP_FLOP8_#3_8,FLIP_FLOP15_#3_15,FLIP_FLOP33_#3_33 160
PIN15_#3_15 ff_FLIP_FLOP112_#3_112,FLIP_FLOP8_#3_8,FLIP_FLOP15_#3_15,FLIP_FLOP33_#3_33 715
PIN16_#3_16 ff_FLIP_FLOP112_#3_112,FLIP_FLOP8_#3_8,FLIP_FLOP15_#3_15,FLIP_FLOP33_#3_33 595
PIN29_#3_29 ff_FLIP_FLOP112_#3_112,FLIP_FLOP8_#3_8,FLIP_FLOP15_#3_15,FLIP_FLOP33_#3_33 375
PIN30_#3_30 ff_FLIP_FLOP112_#3_112,FLIP_FLOP8_#3_8,FLIP_FLOP15_#3_15,FLIP_FLOP33_#3_33 155
PIN65_#3_65 ff_FLIP_FLOP112_#3_112,FLIP_FLOP8_#3_8,FLIP_FLOP15_#3_15,FLIP_FLOP33_#3_33 45
PIN66_#3_66 ff_FLIP_FLOP112_#3_112,FLIP_FLOP8_#3_8,FLIP_FLOP15_#3_15,FLIP_FLOP33_#3_33 80
PIN29_#2_29 ff_FLIP_FLOP15_#2_15,FLIP_FLOP8_#2_8,FLIP_FLOP91_#2_91,FLIP_FLOP93_#2_93 475
PIN30_#2_30 ff_FLIP_FLOP15_#2_15,FLIP_FLOP8_#2_8,FLIP_FLOP91_#2_91,FLIP_FLOP93_#2_93 185
PIN15_#2_15 ff_FLIP_FLOP15_#2_15,FLIP_FLOP8_#2_8,FLIP_FLOP91_#2_91,FLIP_FLOP93_#2_93 715
PIN16_#2_16 ff_FLIP_FLOP15_#2_15,FLIP_FLOP8_#2_8,FLIP_FLOP91_#2_91,FLIP_FLOP93_#2_93 695
PIN181_#2_181 ff_FLIP_FLOP15_#2_15,FLIP_FLOP8_#2_8,FLIP_FLOP91_#2_91,FLIP_FLOP93_#2_93 155
PIN182_#2_182 ff_FLIP_FLOP15_#2_15,FLIP_FLOP8_#2_8,FLIP_FLOP91_#2_91,FLIP_FLOP93_#2_93 345
PIN185_#2_185 ff_FLIP_FLOP15_#2_15,FLIP_FLOP8_#2_8,FLIP_FLOP91_#2_91,FLIP_FLOP93_#2_93 155
PIN186_#2_186 ff_FLIP_FLOP15_#2_15,FLIP_FLOP8_#2_8,FLIP_FLOP91_#2_91,FLIP_FLOP93_#2_93 280
PIN167_#2_167 ff_FLIP_FLOP84_#2_84,FLIP_FLOP45_#2_45,FLIP_FLOP101_#2_101,FLIP_FLOP13_#2_13 510
PIN168_#2_168 ff_FLIP_FLOP84_#2_84,FLIP_FLOP45_#2_45,FLIP_FLOP101_#2_101,FLIP_FLOP13_#2_13 150
PIN89_#2_89 ff_FLIP_FLOP84_#2_84,FLIP_FLOP45_#2_45,FLIP_FLOP101_#2_101,FLIP_FLOP13_#2_13 155
PIN90_#2_90 ff_FLIP_FLOP84_#2_84,FLIP_FLOP45_#2_45,FLIP_FLOP101_#2_101,FLIP_FLOP13_#2_13 800
PIN201_#2_201 ff_FLIP_FLOP84_#2_84,FLIP_FLOP45_#2_45,FLIP_FLOP101_#2_101,FLIP_FLOP13_#2_13 420
PIN202_#2_202 ff_FLIP_FLOP84_#2_84,FLIP_FLOP45_#2_45,FLIP_FLOP101_#2_101,FLIP_FLOP13_#2_13 405
PIN25_#2_25 ff_FLIP_FLOP84_#2_84,FLIP_FLOP45_#2_45,FLIP_FLOP101_#2_101,FLIP_FLOP13_#2_13 400
PIN26_#2_26 ff_FLIP_FLOP84_#2_84,FLIP_FLOP45_#2_45,FLIP_FLOP101_#2_101,FLIP_FLOP13_#2_13 295
PIN203_#3_203 ff_FLIP_FLOP102_#3_102,FLIP_FLOP32_#3_32,FLIP_FLOP113_#3_113,FLIP_FLOP116_#3_116 50
PIN204_#3_204 ff_FLIP_FLOP102_#3_102,FLIP_FLOP32_#3_32,FLIP_FLOP113_#3_113,FLIP_FLOP116_#3_116 330
PIN63_#3_63 ff_FLIP_FLOP102_#3_102,FLIP_FLOP32_#3_32,FLIP_FLOP113_#3_113,FLIP_FLOP116_#3_116 730
PIN64_#3_64 ff_FLIP_FLOP102_#3_102,FLIP_FLOP32_#3_32,FLIP_FLOP113_#3_113,FLIP_FLOP116_#3_116 330
PIN225_#3_225 ff_FLIP_FLOP102_#3_102,FLIP_FLOP32_#3_32,FLIP_FLOP113_#3_113,FLIP_FLOP116_#3_116 250
PIN226_#3_226 ff_FLIP_FLOP102_#3_102,FLIP_FLOP32_#3_32,FLIP_FLOP113_#3_113,FLIP_FLOP116_#3_116 35
PIN231_#3_231 ff_FLIP_FLOP102_#3_102,FLIP_FLOP32_#3_32,FLIP_FLOP113_#3_113,FLIP_FLOP116_#3_116 210
PIN232_#3_232 ff_FLIP_FLOP102_#3_102,FLIP_FLOP32_#3_32,FLIP_FLOP113_#3_113,FLIP_FLOP116_#3_116 105
PIN89_#3_89 ff_NEW_FLIP_FLOP_47 145
PIN90_#3_90 ff_NEW_FLIP_FLOP_47 810
PIN185_#3_185 ff_NEW_FLIP_FLOP_47 470
PIN186_#3_186 ff_NEW_FLIP_FLOP_47 145
PIN219_#3_219 ff_FLIP_FLOP110_#3_110,FLIP_FLOP40_#3_40 45
PIN220_#3_220 ff_FLIP_FLOP110_#3_110,FLIP_FLOP40_#3_40 315
PIN79_#3_79 ff_FLIP_FLOP110_#3_110,FLIP_FLOP40_#3_40 30
PIN80_#3_80 ff_FLIP_FLOP110_#3_110,FLIP_FLOP40_#3_40 545
PIN111_#2_111 ff_NEW_FLIP_FLOP_31,NEW_FLIP_FLOP_32 180
PIN112_#2_112 ff_NEW_FLIP_FLOP_31,NEW_FLIP_FLOP_32 65
PIN231_#2_231 ff_NEW_FLIP_FLOP_31,NEW_FLIP_FLOP_32 155
PIN232_#2_232 ff_NEW_FLIP_FLOP_31,NEW_FLIP_FLOP_32 60
PIN153_#2_153 ff_NEW_FLIP_FLOP_31,NEW_FLIP_FLOP_32 90
PIN154_#2_154 ff_NEW_FLIP_FLOP_31,NEW_FLIP_FLOP_32 170
PIN225_#2_225 ff_NEW_FLIP_FLOP_31,NEW_FLIP_FLOP_32 315
PIN226_#2_226 ff_NEW_FLIP_FLOP_31,NEW_FLIP_FLOP_32 190
PIN105_#2_105 ff_FLIP_FLOP53_#2_53,NEW_FLIP_FLOP_30,FLIP_FLOP37_#2_37 220
PIN106_#2_106 ff_FLIP_FLOP53_#2_53,NEW_FLIP_FLOP_30,FLIP_FLOP37_#2_37 15
PIN65_#2_65 ff_FLIP_FLOP53_#2_53,NEW_FLIP_FLOP_30,FLIP_FLOP37_#2_37 90
PIN66_#2_66 ff_FLIP_FLOP53_#2_53,NEW_FLIP_FLOP_30,FLIP_FLOP37_#2_37 125
PIN123_#2_123 ff_FLIP_FLOP53_#2_53,NEW_FLIP_FLOP_30,FLIP_FLOP37_#2_37 15
PIN124_#2_124 ff_FLIP_FLOP53_#2_53,NEW_FLIP_FLOP_30,FLIP_FLOP37_#2_37 230
PIN73_#2_73 ff_FLIP_FLOP53_#2_53,NEW_FLIP_FLOP_30,FLIP_FLOP37_#2_37 360
PIN74_#2_74 ff_FLIP_FLOP53_#2_53,NEW_FLIP_FLOP_30,FLIP_FLOP37_#2_37 845
PIN105_#3_105 ff_FLIP_FLOP53_#3_53,FLIP_FLOP37_#3_37,FLIP_FLOP83_#3_83,FLIP_FLOP62_#3_62 200
PIN106_#3_106 ff_FLIP_FLOP53_#3_53,FLIP_FLOP37_#3_37,FLIP_FLOP83_#3_83,FLIP_FLOP62_#3_62 15
PIN73_#3_73 ff_FLIP_FLOP53_#3_53,FLIP_FLOP37_#3_37,FLIP_FLOP83_#3_83,FLIP_FLOP62_#3_62 380
PIN74_#3_74 ff_FLIP_FLOP53_#3_53,FLIP_FLOP37_#3_37,FLIP_FLOP83_#3_83,FLIP_FLOP62_#3_62 865
PIN165_#3_165 ff_FLIP_FLOP53_#3_53,FLIP_FLOP37_#3_37,FLIP_FLOP83_#3_83,FLIP_FLOP62_#3_62 10
PIN166_#3_166 ff_FLIP_FLOP53_#3_53,FLIP_FLOP37_#3_37,FLIP_FLOP83_#3_83,FLIP_FLOP62_#3_62 80
PIN123_#3_123 ff_FLIP_FLOP53_#3_53,FLIP_FLOP37_#3_37,FLIP_FLOP83_#3_83,FLIP_FLOP62_#3_62 15
PIN124_#3_124 ff_FLIP_FLOP53_#3_53,FLIP_FLOP37_#3_37,FLIP_FLOP83_#3_83,FLIP_FLOP62_#3_62 230
PIN37_#2_37 ff_FLIP_FLOP19_#2_19,FLIP_FLOP17_#2_17 200
PIN38_#2_38 ff_FLIP_FLOP19_#2_19,FLIP_FLOP17_#2_17 185
PIN33_#2_33 ff_FLIP_FLOP19_#2_19,FLIP_FLOP17_#2_17 985
PIN34_#2_34 ff_FLIP_FLOP19_#2_19,FLIP_FLOP17_#2_17 580
PIN37_#3_37 ff_FLIP_FLOP19_#3_19,FLIP_FLOP39_#3_39,FLIP_FLOP11_#4_11,FLIP_FLOP50_#4_50 10
PIN38_#3_38 ff_FLIP_FLOP19_#3_19,FLIP_FLOP39_#3_39,FLIP_FLOP11_#4_11,FLIP_FLOP50_#4_50 35
PIN77_#3_77 ff_FLIP_FLOP19_#3_19,FLIP_FLOP39_#3_39,FLIP_FLOP11_#4_11,FLIP_FLOP50_#4_50 505
PIN78_#3_78 ff_FLIP_FLOP19_#3_19,FLIP_FLOP39_#3_39,FLIP_FLOP11_#4_11,FLIP_FLOP50_#4_50 60
PIN21_#4_21 ff_FLIP_FLOP19_#3_19,FLIP_FLOP39_#3_39,FLIP_FLOP11_#4_11,FLIP_FLOP50_#4_50 665
PIN22_#4_22 ff_FLIP_FLOP19_#3_19,FLIP_FLOP39_#3_39,FLIP_FLOP11_#4_11,FLIP_FLOP50_#4_50 480
PIN99_#4_99 ff_FLIP_FLOP19_#3_19,FLIP_FLOP39_#3_39,FLIP_FLOP11_#4_11,FLIP_FLOP50_#4_50 405
PIN100_#4_100 ff_FLIP_FLOP19_#3_19,FLIP_FLOP39_#3_39,FLIP_FLOP11_#4_11,FLIP_FLOP50_#4_50 10
PIN13_#4_13 ff_FLIP_FLOP7_#4_7,FLIP_FLOP38_#4_38,FLIP_FLOP26_#4_26,FLIP_FLOP29_#4_29 85
PIN14_#4_14 ff_FLIP_FLOP7_#4_7,FLIP_FLOP38_#4_38,FLIP_FLOP26_#4_26,FLIP_FLOP29_#4_29 825
PIN75_#4_75 ff_FLIP_FLOP7_#4_7,FLIP_FLOP38_#4_38,FLIP_FLOP26_#4_26,FLIP_FLOP29_#4_29 80
PIN76_#4_76 ff_FLIP_FLOP7_#4_7,FLIP_FLOP38_#4_38,FLIP_FLOP26_#4_26,FLIP_FLOP29_#4_29 205
PIN51_#4_51 ff_FLIP_FLOP7_#4_7,FLIP_FLOP38_#4_38,FLIP_FLOP26_#4_26,FLIP_FLOP29_#4_29 395
PIN52_#4_52 ff_FLIP_FLOP7_#4_7,FLIP_FLOP38_#4_38,FLIP_FLOP26_#4_26,FLIP_FLOP29_#4_29 410
PIN57_#4_57 ff_FLIP_FLOP7_#4_7,FLIP_FLOP38_#4_38,FLIP_FLOP26_#4_26,FLIP_FLOP29_#4_29 230
PIN58_#4_58 ff_FLIP_FLOP7_#4_7,FLIP_FLOP38_#4_38,FLIP_FLOP26_#4_26,FLIP_FLOP29_#4_29 520
PIN41_#4_41 ff_FLIP_FLOP21_#4_21,FLIP_FLOP81_#4_81 15
PIN42_#4_42 ff_FLIP_FLOP21_#4_21,FLIP_FLOP81_#4_81 400
PIN161_#4_161 ff_FLIP_FLOP21_#4_21,FLIP_FLOP81_#4_81 15
PIN162_#4_162 ff_FLIP_FLOP21_#4_21,FLIP_FLOP81_#4_81 130
PIN31_#3_31 ff_NEW_FLIP_FLOP_43 65
PIN32_#3_32 ff_NEW_FLIP_FLOP_43 45
PIN113_#3_113 ff_NEW_FLIP_FLOP_43 40
PIN114_#3_114 ff_NEW_FLIP_FLOP_43 445
PIN113_#2_113 ff_FLIP_FLOP57_#2_57,FLIP_FLOP12_#2_12 85
PIN114_#2_114 ff_FLIP_FLOP57_#2_57,FLIP_FLOP12_#2_12 400
PIN23_#2_23 ff_FLIP_FLOP57_#2_57,FLIP_FLOP12_#2_12 150
PIN24_#2_24 ff_FLIP_FLOP57_#2_57,FLIP_FLOP12_#2_12 505
PIN11_#2_11 ff_NEW_FLIP_FLOP_34,NEW_FLIP_FLOP_33 635
PIN12_#2_12 ff_NEW_FLIP_FLOP_34,NEW_FLIP_FLOP_33 605
PIN191_#2_191 ff_NEW_FLIP_FLOP_34,NEW_FLIP_FLOP_33 355
PIN192_#2_192 ff_NEW_FLIP_FLOP_34,NEW_FLIP_FLOP_33 520
PIN63_#2_63 ff_NEW_FLIP_FLOP_34,NEW_FLIP_FLOP_33 950
PIN64_#2_64 ff_NEW_FLIP_FLOP_34,NEW_FLIP_FLOP_33 600
PIN211_#2_211 ff_NEW_FLIP_FLOP_34,NEW_FLIP_FLOP_33 350
PIN212_#2_212 ff_NEW_FLIP_FLOP_34,NEW_FLIP_FLOP_33 835
PIN199_#4_199 ff_FLIP_FLOP100_#4_100,FLIP_FLOP34_#4_34,FLIP_FLOP80_#4_80,FLIP_FLOP85_#4_85 365
PIN200_#4_200 ff_FLIP_FLOP100_#4_100,FLIP_FLOP34_#4_34,FLIP_FLOP80_#4_80,FLIP_FLOP85_#4_85 10
PIN67_#4_67 ff_FLIP_FLOP100_#4_100,FLIP_FLOP34_#4_34,FLIP_FLOP80_#4_80,FLIP_FLOP85_#4_85 230
PIN68_#4_68 ff_FLIP_FLOP100_#4_100,FLIP_FLOP34_#4_34,FLIP_FLOP80_#4_80,FLIP_FLOP85_#4_85 80
PIN159_#4_159 ff_FLIP_FLOP100_#4_100,FLIP_FLOP34_#4_34,FLIP_FLOP80_#4_80,FLIP_FLOP85_#4_85 275
PIN160_#4_160 ff_FLIP_FLOP100_#4_100,FLIP_FLOP34_#4_34,FLIP_FLOP80_#4_80,FLIP_FLOP85_#4_85 160
PIN169_#4_169 ff_FLIP_FLOP100_#4_100,FLIP_FLOP34_#4_34,FLIP_FLOP80_#4_80,FLIP_FLOP85_#4_85 670
PIN170_#4_170 ff_FLIP_FLOP100_#4_100,FLIP_FLOP34_#4_34,FLIP_FLOP80_#4_80,FLIP_FLOP85_#4_85 5
PIN165_#2_165 ff_FLIP_FLOP83_#2_83,FLIP_FLOP30_#2_30,FLIP_FLOP118_#2_118,FLIP_FLOP79_#2_79 295
PIN166_#2_166 ff_FLIP_FLOP83_#2_83,FLIP_FLOP30_#2_30,FLIP_FLOP118_#2_118,FLIP_FLOP79_#2_79 105
PIN59_#2_59 ff_FLIP_FLOP83_#2_83,FLIP_FLOP30_#2_30,FLIP_FLOP118_#2_118,FLIP_FLOP79_#2_79 545
PIN60_#2_60 ff_FLIP_FLOP83_#2_83,FLIP_FLOP30_#2_30,FLIP_FLOP118_#2_118,FLIP_FLOP79_#2_79 100
PIN235_#2_235 ff_FLIP_FLOP83_#2_83,FLIP_FLOP30_#2_30,FLIP_FLOP118_#2_118,FLIP_FLOP79_#2_79 260
PIN236_#2_236 ff_FLIP_FLOP83_#2_83,FLIP_FLOP30_#2_30,FLIP_FLOP118_#2_118,FLIP_FLOP79_#2_79 660
PIN157_#2_157 ff_FLIP_FLOP83_#2_83,FLIP_FLOP30_#2_30,FLIP_FLOP118_#2_118,FLIP_FLOP79_#2_79 185
PIN158_#2_158 ff_FLIP_FLOP83_#2_83,FLIP_FLOP30_#2_30,FLIP_FLOP118_#2_118,FLIP_FLOP79_#2_79 745
PIN153_#3_153 ff_FLIP_FLOP77_#3_77,FLIP_FLOP79_#3_79,FLIP_FLOP118_#3_118,FLIP_FLOP82_#3_82 160
PIN154_#3_154 ff_FLIP_FLOP77_#3_77,FLIP_FLOP79_#3_79,FLIP_FLOP118_#3_118,FLIP_FLOP82_#3_82 200
PIN157_#3_157 ff_FLIP_FLOP77_#3_77,FLIP_FLOP79_#3_79,FLIP_FLOP118_#3_118,FLIP_FLOP82_#3_82 60
PIN158_#3_158 ff_FLIP_FLOP77_#3_77,FLIP_FLOP79_#3_79,FLIP_FLOP118_#3_118,FLIP_FLOP82_#3_82 690
PIN235_#3_235 ff_FLIP_FLOP77_#3_77,FLIP_FLOP79_#3_79,FLIP_FLOP118_#3_118,FLIP_FLOP82_#3_82 225
PIN236_#3_236 ff_FLIP_FLOP77_#3_77,FLIP_FLOP79_#3_79,FLIP_FLOP118_#3_118,FLIP_FLOP82_#3_82 715
PIN163_#3_163 ff_FLIP_FLOP77_#3_77,FLIP_FLOP79_#3_79,FLIP_FLOP118_#3_118,FLIP_FLOP82_#3_82 55
PIN164_#3_164 ff_FLIP_FLOP77_#3_77,FLIP_FLOP79_#3_79,FLIP_FLOP118_#3_118,FLIP_FLOP82_#3_82 310
PIN7_#4_7 ff_FLIP_FLOP4_#4_4,FLIP_FLOP104_#4_104,FLIP_FLOP1_#4_1,FLIP_FLOP71_#4_71 545
PIN8_#4_8 ff_FLIP_FLOP4_#4_4,FLIP_FLOP104_#4_104,FLIP_FLOP1_#4_1,FLIP_FLOP71_#4_71 5
PIN207_#4_207 ff_FLIP_FLOP4_#4_4,FLIP_FLOP104_#4_104,FLIP_FLOP1_#4_1,FLIP_FLOP71_#4_71 540
PIN208_#4_208 ff_FLIP_FLOP4_#4_4,FLIP_FLOP104_#4_104,FLIP_FLOP1_#4_1,FLIP_FLOP71_#4_71 715
PIN1_#4_1 ff_FLIP_FLOP4_#4_4,FLIP_FLOP104_#4_104,FLIP_FLOP1_#4_1,FLIP_FLOP71_#4_71 190
PIN2_#4_2 ff_FLIP_FLOP4_#4_4,FLIP_FLOP104_#4_104,FLIP_FLOP1_#4_1,FLIP_FLOP71_#4_71 0
PIN141_#4_141 ff_FLIP_FLOP4_#4_4,FLIP_FLOP104_#4_104,FLIP_FLOP1_#4_1,FLIP_FLOP71_#4_71 555
PIN142_#4_142 ff_FLIP_FLOP4_#4_4,FLIP_FLOP104_#4_104,FLIP_FLOP1_#4_1,FLIP_FLOP71_#4_71 80
PIN239_#4_239 ff_FLIP_FLOP120_#4_120,FLIP_FLOP51_#4_51,FLIP_FLOP54_#4_54,FLIP_FLOP59_#4_59 25
PIN240_#4_240 ff_FLIP_FLOP120_#4_120,FLIP_FLOP51_#4_51,FLIP_FLOP54_#4_54,FLIP_FLOP59_#4_59 330
PIN101_#4_101 ff_FLIP_FLOP120_#4_120,FLIP_FLOP51_#4_51,FLIP_FLOP54_#4_54,FLIP_FLOP59_#4_59 595
PIN102_#4_102 ff_FLIP_FLOP120_#4_120,FLIP_FLOP51_#4_51,FLIP_FLOP54_#4_54,FLIP_FLOP59_#4_59 135
PIN107_#4_107 ff_FLIP_FLOP120_#4_120,FLIP_FLOP51_#4_51,FLIP_FLOP54_#4_54,FLIP_FLOP59_#4_59 545
PIN108_#4_108 ff_FLIP_FLOP120_#4_120,FLIP_FLOP51_#4_51,FLIP_FLOP54_#4_54,FLIP_FLOP59_#4_59 960
PIN117_#4_117 ff_FLIP_FLOP120_#4_120,FLIP_FLOP51_#4_51,FLIP_FLOP54_#4_54,FLIP_FLOP59_#4_59 340
PIN118_#4_118 ff_FLIP_FLOP120_#4_120,FLIP_FLOP51_#4_51,FLIP_FLOP54_#4_54,FLIP_FLOP59_#4_59 20
PIN81_#4_81 ff_FLIP_FLOP41_#4_41,FLIP_FLOP3_#4_3,FLIP_FLOP10_#4_10,FLIP_FLOP94_#4_94 5
PIN82_#4_82 ff_FLIP_FLOP41_#4_41,FLIP_FLOP3_#4_3,FLIP_FLOP10_#4_10,FLIP_FLOP94_#4_94 360
PIN5_#4_5 ff_FLIP_FLOP41_#4_41,FLIP_FLOP3_#4_3,FLIP_FLOP10_#4_10,FLIP_FLOP94_#4_94 45
PIN6_#4_6 ff_FLIP_FLOP41_#4_41,FLIP_FLOP3_#4_3,FLIP_FLOP10_#4_10,FLIP_FLOP94_#4_94 150
PIN19_#4_19 ff_FLIP_FLOP41_#4_41,FLIP_FLOP3_#4_3,FLIP_FLOP10_#4_10,FLIP_FLOP94_#4_94 10
PIN20_#4_20 ff_FLIP_FLOP41_#4_41,FLIP_FLOP3_#4_3,FLIP_FLOP10_#4_10,FLIP_FLOP94_#4_94 485
PIN187_#4_187 ff_FLIP_FLOP41_#4_41,FLIP_FLOP3_#4_3,FLIP_FLOP10_#4_10,FLIP_FLOP94_#4_94 0
PIN188_#4_188 ff_FLIP_FLOP41_#4_41,FLIP_FLOP3_#4_3,FLIP_FLOP10_#4_10,FLIP_FLOP94_#4_94 280
PIN91_#3_91 ff_FLIP_FLOP46_#3_46,FLIP_FLOP14_#3_14,FLIP_FLOP2_#3_2,FLIP_FLOP42_#3_42 265
PIN92_#3_92 ff_FLIP_FLOP46_#3_46,FLIP_FLOP14_#3_14,FLIP_FLOP2_#3_2,FLIP_FLOP42_#3_42 210
PIN27_#3_27 ff_FLIP_FLOP46_#3_46,FLIP_FLOP14_#3_14,FLIP_FLOP2_#3_2,FLIP_FLOP42_#3_42 85
PIN28_#3_28 ff_FLIP_FLOP46_#3_46,FLIP_FLOP14_#3_14,FLIP_FLOP2_#3_2,FLIP_FLOP42_#3_42 570
PIN3_#3_3 ff_FLIP_FLOP46_#3_46,FLIP_FLOP14_#3_14,FLIP_FLOP2_#3_2,FLIP_FLOP42_#3_42 575
PIN4_#3_4 ff_FLIP_FLOP46_#3_46,FLIP_FLOP14_#3_14,FLIP_FLOP2_#3_2,FLIP_FLOP42_#3_42 85
PIN83_#3_83 ff_FLIP_FLOP46_#3_46,FLIP_FLOP14_#3_14,FLIP_FLOP2_#3_2,FLIP_FLOP42_#3_42 225
PIN84_#3_84 ff_FLIP_FLOP46_#3_46,FLIP_FLOP14_#3_14,FLIP_FLOP2_#3_2,FLIP_FLOP42_#3_42 275
PIN83_#2_83 ff_FLIP_FLOP42_#2_42,FLIP_FLOP70_#4_70,FLIP_FLOP2_#2_2,FLIP_FLOP82_#2_82 10
PIN84_#2_84 ff_FLIP_FLOP42_#2_42,FLIP_FLOP70_#4_70,FLIP_FLOP2_#2_2,FLIP_FLOP82_#2_82 60
PIN139_#4_139 ff_FLIP_FLOP42_#2_42,FLIP_FLOP70_#4_70,FLIP_FLOP2_#2_2,FLIP_FLOP82_#2_82 0
PIN140_#4_140 ff_FLIP_FLOP42_#2_42,FLIP_FLOP70_#4_70,FLIP_FLOP2_#2_2,FLIP_FLOP82_#2_82 150
PIN3_#2_3 ff_FLIP_FLOP42_#2_42,FLIP_FLOP70_#4_70,FLIP_FLOP2_#2_2,FLIP_FLOP82_#2_82 700
PIN4_#2_4 ff_FLIP_FLOP42_#2_42,FLIP_FLOP70_#4_70,FLIP_FLOP2_#2_2,FLIP_FLOP82_#2_82 340
PIN163_#2_163 ff_FLIP_FLOP42_#2_42,FLIP_FLOP70_#4_70,FLIP_FLOP2_#2_2,FLIP_FLOP82_#2_82 605
PIN164_#2_164 ff_FLIP_FLOP42_#2_42,FLIP_FLOP70_#4_70,FLIP_FLOP2_#2_2,FLIP_FLOP82_#2_82 940
PIN59_#3_59 ff_FLIP_FLOP30_#3_30,FLIP_FLOP9_#4_9,FLIP_FLOP110_#4_110,FLIP_FLOP87_#3_87 115
PIN60_#3_60 ff_FLIP_FLOP30_#3_30,FLIP_FLOP9_#4_9,FLIP_FLOP110_#4_110,FLIP_FLOP87_#3_87 20
PIN17_#4_17 ff_FLIP_FLOP30_#3_30,FLIP_FLOP9_#4_9,FLIP_FLOP110_#4_110,FLIP_FLOP87_#3_87 660
PIN18_#4_18 ff_FLIP_FLOP30_#3_30,FLIP_FLOP9_#4_9,FLIP_FLOP110_#4_110,FLIP_FLOP87_#3_87 350
PIN219_#4_219 ff_FLIP_FLOP30_#3_30,FLIP_FLOP9_#4_9,FLIP_FLOP110_#4_110,FLIP_FLOP87_#3_87 15
PIN220_#4_220 ff_FLIP_FLOP30_#3_30,FLIP_FLOP9_#4_9,FLIP_FLOP110_#4_110,FLIP_FLOP87_#3_87 45
PIN173_#3_173 ff_FLIP_FLOP30_#3_30,FLIP_FLOP9_#4_9,FLIP_FLOP110_#4_110,FLIP_FLOP87_#3_87 605
PIN174_#3_174 ff_FLIP_FLOP30_#3_30,FLIP_FLOP9_#4_9,FLIP_FLOP110_#4_110,FLIP_FLOP87_#3_87 85
PIN27_#2_27 ff_FLIP_FLOP14_#2_14 325
PIN28_#2_28 ff_FLIP_FLOP14_#2_14 630
PIN209_#2_209 ff_FLIP_FLOP105_#2_105,FLIP_FLOP61_#4_61 320
PIN210_#2_210 ff_FLIP_FLOP105_#2_105,FLIP_FLOP61_#4_61 145
PIN121_#4_121 ff_FLIP_FLOP105_#2_105,FLIP_FLOP61_#4_61 325
PIN122_#4_122 ff_FLIP_FLOP105_#2_105,FLIP_FLOP61_#4_61 465
PIN209_#3_209 ff_FLIP_FLOP105_#3_105 320
PIN210_#3_210 ff_FLIP_FLOP105_#3_105 145
PIN47_#4_47 ff_FLIP_FLOP24_#4_24,FLIP_FLOP109_#4_109,FLIP_FLOP65_#4_65,FLIP_FLOP103_#4_103 45
PIN48_#4_48 ff_FLIP_FLOP24_#4_24,FLIP_FLOP109_#4_109,FLIP_FLOP65_#4_65,FLIP_FLOP103_#4_103 640
PIN217_#4_217 ff_FLIP_FLOP24_#4_24,FLIP_FLOP109_#4_109,FLIP_FLOP65_#4_65,FLIP_FLOP103_#4_103 590
PIN218_#4_218 ff_FLIP_FLOP24_#4_24,FLIP_FLOP109_#4_109,FLIP_FLOP65_#4_65,FLIP_FLOP103_#4_103 35
PIN129_#4_129 ff_FLIP_FLOP24_#4_24,FLIP_FLOP109_#4_109,FLIP_FLOP65_#4_65,FLIP_FLOP103_#4_103 200
PIN130_#4_130 ff_FLIP_FLOP24_#4_24,FLIP_FLOP109_#4_109,FLIP_FLOP65_#4_65,FLIP_FLOP103_#4_103 110
PIN205_#4_205 ff_FLIP_FLOP24_#4_24,FLIP_FLOP109_#4_109,FLIP_FLOP65_#4_65,FLIP_FLOP103_#4_103 50
PIN206_#4_206 ff_FLIP_FLOP24_#4_24,FLIP_FLOP109_#4_109,FLIP_FLOP65_#4_65,FLIP_FLOP103_#4_103 150
PIN53_#4_53 ff_FLIP_FLOP27_#4_27,FLIP_FLOP106_#4_106,FLIP_FLOP95_#4_95,FLIP_FLOP25_#4_25 355
PIN54_#4_54 ff_FLIP_FLOP27_#4_27,FLIP_FLOP106_#4_106,FLIP_FLOP95_#4_95,FLIP_FLOP25_#4_25 45
PIN211_#4_211 ff_FLIP_FLOP27_#4_27,FLIP_FLOP106_#4_106,FLIP_FLOP95_#4_95,FLIP_FLOP25_#4_25 35
PIN212_#4_212 ff_FLIP_FLOP27_#4_27,FLIP_FLOP106_#4_106,FLIP_FLOP95_#4_95,FLIP_FLOP25_#4_25 170
PIN189_#4_189 ff_FLIP_FLOP27_#4_27,FLIP_FLOP106_#4_106,FLIP_FLOP95_#4_95,FLIP_FLOP25_#4_25 420
PIN190_#4_190 ff_FLIP_FLOP27_#4_27,FLIP_FLOP106_#4_106,FLIP_FLOP95_#4_95,FLIP_FLOP25_#4_25 60
PIN49_#4_49 ff_FLIP_FLOP27_#4_27,FLIP_FLOP106_#4_106,FLIP_FLOP95_#4_95,FLIP_FLOP25_#4_25 650
PIN50_#4_50 ff_FLIP_FLOP27_#4_27,FLIP_FLOP106_#4_106,FLIP_FLOP95_#4_95,FLIP_FLOP25_#4_25 605
PIN177_#2_177 ff_FLIP_FLOP89_#2_89,FLIP_FLOP87_#2_87 240
PIN178_#2_178 ff_FLIP_FLOP89_#2_89,FLIP_FLOP87_#2_87 585
PIN173_#2_173 ff_FLIP_FLOP89_#2_89,FLIP_FLOP87_#2_87 350
PIN174_#2_174 ff_FLIP_FLOP89_#2_89,FLIP_FLOP87_#2_87 230
PIN177_#3_177 ff_FLIP_FLOP89_#3_89,FLIP_FLOP48_#4_48 70
PIN178_#3_178 ff_FLIP_FLOP89_#3_89,FLIP_FLOP48_#4_48 355
PIN95_#4_95 ff_FLIP_FLOP89_#3_89,FLIP_FLOP48_#4_48 565
PIN96_#4_96 ff_FLIP_FLOP89_#3_89,FLIP_FLOP48_#4_48 70
PIN119_#4_119 ff_FLIP_FLOP60_#4_60,FLIP_FLOP96_#4_96,FLIP_FLOP107_#4_107,FLIP_FLOP28_#4_28 190
PIN120_#4_120 ff_FLIP_FLOP60_#4_60,FLIP_FLOP96_#4_96,FLIP_FLOP107_#4_107,FLIP_FLOP28_#4_28 20
PIN191_#4_191 ff_FLIP_FLOP60_#4_60,FLIP_FLOP96_#4_96,FLIP_FLOP107_#4_107,FLIP_FLOP28_#4_28 15
PIN192_#4_192 ff_FLIP_FLOP60_#4_60,FLIP_FLOP96_#4_96,FLIP_FLOP107_#4_107,FLIP_FLOP28_#4_28 100
PIN213_#4_213 ff_FLIP_FLOP60_#4_60,FLIP_FLOP96_#4_96,FLIP_FLOP107_#4_107,FLIP_FLOP28_#4_28 150
PIN214_#4_214 ff_FLIP_FLOP60_#4_60,FLIP_FLOP96_#4_96,FLIP_FLOP107_#4_107,FLIP_FLOP28_#4_28 175
PIN55_#4_55 ff_FLIP_FLOP60_#4_60,FLIP_FLOP96_#4_96,FLIP_FLOP107_#4_107,FLIP_FLOP28_#4_28 130
PIN56_#4_56 ff_FLIP_FLOP60_#4_60,FLIP_FLOP96_#4_96,FLIP_FLOP107_#4_107,FLIP_FLOP28_#4_28 100
PIN183_#4_183 ff_FLIP_FLOP92_#4_92,FLIP_FLOP67_#4_67,FLIP_FLOP72_#4_72,FLIP_FLOP36_#4_36 560
PIN184_#4_184 ff_FLIP_FLOP92_#4_92,FLIP_FLOP67_#4_67,FLIP_FLOP72_#4_72,FLIP_FLOP36_#4_36 45
PIN133_#4_133 ff_FLIP_FLOP92_#4_92,FLIP_FLOP67_#4_67,FLIP_FLOP72_#4_72,FLIP_FLOP36_#4_36 40
PIN134_#4_134 ff_FLIP_FLOP92_#4_92,FLIP_FLOP67_#4_67,FLIP_FLOP72_#4_72,FLIP_FLOP36_#4_36 485
PIN143_#4_143 ff_FLIP_FLOP92_#4_92,FLIP_FLOP67_#4_67,FLIP_FLOP72_#4_72,FLIP_FLOP36_#4_36 960
PIN144_#4_144 ff_FLIP_FLOP92_#4_92,FLIP_FLOP67_#4_67,FLIP_FLOP72_#4_72,FLIP_FLOP36_#4_36 495
PIN71_#4_71 ff_FLIP_FLOP92_#4_92,FLIP_FLOP67_#4_67,FLIP_FLOP72_#4_72,FLIP_FLOP36_#4_36 410
PIN72_#4_72 ff_FLIP_FLOP92_#4_92,FLIP_FLOP67_#4_67,FLIP_FLOP72_#4_72,FLIP_FLOP36_#4_36 45
PIN179_#4_179 ff_FLIP_FLOP90_#4_90,FLIP_FLOP101_#4_101,FLIP_FLOP74_#4_74,FLIP_FLOP5_#4_5 60
PIN180_#4_180 ff_FLIP_FLOP90_#4_90,FLIP_FLOP101_#4_101,FLIP_FLOP74_#4_74,FLIP_FLOP5_#4_5 605
PIN201_#4_201 ff_FLIP_FLOP90_#4_90,FLIP_FLOP101_#4_101,FLIP_FLOP74_#4_74,FLIP_FLOP5_#4_5 815
PIN202_#4_202 ff_FLIP_FLOP90_#4_90,FLIP_FLOP101_#4_101,FLIP_FLOP74_#4_74,FLIP_FLOP5_#4_5 280
PIN147_#4_147 ff_FLIP_FLOP90_#4_90,FLIP_FLOP101_#4_101,FLIP_FLOP74_#4_74,FLIP_FLOP5_#4_5 300
PIN148_#4_148 ff_FLIP_FLOP90_#4_90,FLIP_FLOP101_#4_101,FLIP_FLOP74_#4_74,FLIP_FLOP5_#4_5 55
PIN9_#4_9 ff_FLIP_FLOP90_#4_90,FLIP_FLOP101_#4_101,FLIP_FLOP74_#4_74,FLIP_FLOP5_#4_5 190
PIN10_#4_10 ff_FLIP_FLOP90_#4_90,FLIP_FLOP101_#4_101,FLIP_FLOP74_#4_74,FLIP_FLOP5_#4_5 620
PIN149_#4_149 ff_NEW_FLIP_FLOP_55,NEW_FLIP_FLOP_54 20
PIN150_#4_150 ff_NEW_FLIP_FLOP_55,NEW_FLIP_FLOP_54 930
PIN197_#4_197 ff_NEW_FLIP_FLOP_55,NEW_FLIP_FLOP_54 665
PIN198_#4_198 ff_NEW_FLIP_FLOP_55,NEW_FLIP_FLOP_54 185
PIN127_#4_127 ff_NEW_FLIP_FLOP_55,NEW_FLIP_FLOP_54 20
PIN128_#4_128 ff_NEW_FLIP_FLOP_55,NEW_FLIP_FLOP_54 795
PIN223_#4_223 ff_NEW_FLIP_FLOP_55,NEW_FLIP_FLOP_54 45
PIN224_#4_224 ff_NEW_FLIP_FLOP_55,NEW_FLIP_FLOP_54 635
PIN93_#4_93 ff_NEW_FLIP_FLOP_52,FLIP_FLOP6_#4_6,FLIP_FLOP33_#4_33 270
PIN94_#4_94 ff_NEW_FLIP_FLOP_52,FLIP_FLOP6_#4_6,FLIP_FLOP33_#4_33 5
PIN237_#4_237 ff_NEW_FLIP_FLOP_52,FLIP_FLOP6_#4_6,FLIP_FLOP33_#4_33 20
PIN238_#4_238 ff_NEW_FLIP_FLOP_52,FLIP_FLOP6_#4_6,FLIP_FLOP33_#4_33 5
PIN11_#4_11 ff_NEW_FLIP_FLOP_52,FLIP_FLOP6_#4_6,FLIP_FLOP33_#4_33 510
PIN12_#4_12 ff_NEW_FLIP_FLOP_52,FLIP_FLOP6_#4_6,FLIP_FLOP33_#4_33 200
PIN65_#4_65 ff_NEW_FLIP_FLOP_52,FLIP_FLOP6_#4_6,FLIP_FLOP33_#4_33 0
PIN66_#4_66 ff_NEW_FLIP_FLOP_52,FLIP_FLOP6_#4_6,FLIP_FLOP33_#4_33 45
PIN39_#4_39 ff_FLIP_FLOP20_#4_20,FLIP_FLOP86_#4_86,FLIP_FLOP56_#4_56,FLIP_FLOP98_#4_98 60
PIN40_#4_40 ff_FLIP_FLOP20_#4_20,FLIP_FLOP86_#4_86,FLIP_FLOP56_#4_56,FLIP_FLOP98_#4_98 95
PIN171_#4_171 ff_FLIP_FLOP20_#4_20,FLIP_FLOP86_#4_86,FLIP_FLOP56_#4_56,FLIP_FLOP98_#4_98 480
PIN172_#4_172 ff_FLIP_FLOP20_#4_20,FLIP_FLOP86_#4_86,FLIP_FLOP56_#4_56,FLIP_FLOP98_#4_98 140
PIN111_#4_111 ff_FLIP_FLOP20_#4_20,FLIP_FLOP86_#4_86,FLIP_FLOP56_#4_56,FLIP_FLOP98_#4_98 355
PIN112_#4_112 ff_FLIP_FLOP20_#4_20,FLIP_FLOP86_#4_86,FLIP_FLOP56_#4_56,FLIP_FLOP98_#4_98 50
PIN195_#4_195 ff_FLIP_FLOP20_#4_20,FLIP_FLOP86_#4_86,FLIP_FLOP56_#4_56,FLIP_FLOP98_#4_98 145
PIN196_#4_196 ff_FLIP_FLOP20_#4_20,FLIP_FLOP86_#4_86,FLIP_FLOP56_#4_56,FLIP_FLOP98_#4_98 765
PIN233_#2_233 ff_FLIP_FLOP117_#2_117,FLIP_FLOP58_#2_58 305
PIN234_#2_234 ff_FLIP_FLOP117_#2_117,FLIP_FLOP58_#2_58 640
PIN115_#2_115 ff_FLIP_FLOP117_#2_117,FLIP_FLOP58_#2_58 345
PIN116_#2_116 ff_FLIP_FLOP117_#2_117,FLIP_FLOP58_#2_58 360
PIN233_#3_233 ff_FLIP_FLOP117_#3_117,FLIP_FLOP68_#4_68,FLIP_FLOP108_#4_108,FLIP_FLOP58_#3_58 195
PIN234_#3_234 ff_FLIP_FLOP117_#3_117,FLIP_FLOP68_#4_68,FLIP_FLOP108_#4_108,FLIP_FLOP58_#3_58 750
PIN135_#4_135 ff_FLIP_FLOP117_#3_117,FLIP_FLOP68_#4_68,FLIP_FLOP108_#4_108,FLIP_FLOP58_#3_58 655
PIN136_#4_136 ff_FLIP_FLOP117_#3_117,FLIP_FLOP68_#4_68,FLIP_FLOP108_#4_108,FLIP_FLOP58_#3_58 330
PIN215_#4_215 ff_FLIP_FLOP117_#3_117,FLIP_FLOP68_#4_68,FLIP_FLOP108_#4_108,FLIP_FLOP58_#3_58 515
PIN216_#4_216 ff_FLIP_FLOP117_#3_117,FLIP_FLOP68_#4_68,FLIP_FLOP108_#4_108,FLIP_FLOP58_#3_58 190
PIN115_#3_115 ff_FLIP_FLOP117_#3_117,FLIP_FLOP68_#4_68,FLIP_FLOP108_#4_108,FLIP_FLOP58_#3_58 445
PIN116_#3_116 ff_FLIP_FLOP117_#3_117,FLIP_FLOP68_#4_68,FLIP_FLOP108_#4_108,FLIP_FLOP58_#3_58 430
PIN131_#4_131 ff_FLIP_FLOP66_#4_66,FLIP_FLOP97_#4_97 160
PIN132_#4_132 ff_FLIP_FLOP66_#4_66,FLIP_FLOP97_#4_97 220
PIN193_#4_193 ff_FLIP_FLOP66_#4_66,FLIP_FLOP97_#4_97 160
PIN194_#4_194 ff_FLIP_FLOP66_#4_66,FLIP_FLOP97_#4_97 235
PIN103_#4_103 ff_FLIP_FLOP52_#4_52,FLIP_FLOP39_#4_39,FLIP_FLOP43_#4_43,FLIP_FLOP13_#4_13 35
PIN104_#4_104 ff_FLIP_FLOP52_#4_52,FLIP_FLOP39_#4_39,FLIP_FLOP43_#4_43,FLIP_FLOP13_#4_13 330
PIN77_#4_77 ff_FLIP_FLOP52_#4_52,FLIP_FLOP39_#4_39,FLIP_FLOP43_#4_43,FLIP_FLOP13_#4_13 490
PIN78_#4_78 ff_FLIP_FLOP52_#4_52,FLIP_FLOP39_#4_39,FLIP_FLOP43_#4_43,FLIP_FLOP13_#4_13 5
PIN85_#4_85 ff_FLIP_FLOP52_#4_52,FLIP_FLOP39_#4_39,FLIP_FLOP43_#4_43,FLIP_FLOP13_#4_13 345
PIN86_#4_86 ff_FLIP_FLOP52_#4_52,FLIP_FLOP39_#4_39,FLIP_FLOP43_#4_43,FLIP_FLOP13_#4_13 95
PIN25_#4_25 ff_FLIP_FLOP52_#4_52,FLIP_FLOP39_#4_39,FLIP_FLOP43_#4_43,FLIP_FLOP13_#4_13 105
PIN26_#4_26 ff_FLIP_FLOP52_#4_52,FLIP_FLOP39_#4_39,FLIP_FLOP43_#4_43,FLIP_FLOP13_#4_13 0
PIN15_#4_15 ff_NEW_FLIP_FLOP_57,FLIP_FLOP73_#4_73,FLIP_FLOP84_#4_84 795
PIN16_#4_16 ff_NEW_FLIP_FLOP_57,FLIP_FLOP73_#4_73,FLIP_FLOP84_#4_84 245
PIN155_#4_155 ff_NEW_FLIP_FLOP_57,FLIP_FLOP73_#4_73,FLIP_FLOP84_#4_84 535
PIN156_#4_156 ff_NEW_FLIP_FLOP_57,FLIP_FLOP73_#4_73,FLIP_FLOP84_#4_84 30
PIN145_#4_145 ff_NEW_FLIP_FLOP_57,FLIP_FLOP73_#4_73,FLIP_FLOP84_#4_84 190
PIN146_#4_146 ff_NEW_FLIP_FLOP_57,FLIP_FLOP73_#4_73,FLIP_FLOP84_#4_84 330
PIN167_#4_167 ff_NEW_FLIP_FLOP_57,FLIP_FLOP73_#4_73,FLIP_FLOP84_#4_84 375
PIN168_#4_168 ff_NEW_FLIP_FLOP_57,FLIP_FLOP73_#4_73,FLIP_FLOP84_#4_84 25
PIN109_#4_109 ff_NEW_FLIP_FLOP_51,NEW_FLIP_FLOP_56 15
PIN110_#4_110 ff_NEW_FLIP_FLOP_51,NEW_FLIP_FLOP_56 220
PIN227_#4_227 ff_NEW_FLIP_FLOP_51,NEW_FLIP_FLOP_56 10
PIN228_#4_228 ff_NEW_FLIP_FLOP_51,NEW_FLIP_FLOP_56 370
PIN29_#4_29 ff_NEW_FLIP_FLOP_51,NEW_FLIP_FLOP_56 475
PIN30_#4_30 ff_NEW_FLIP_FLOP_51,NEW_FLIP_FLOP_56 195
PIN203_#4_203 ff_NEW_FLIP_FLOP_51,NEW_FLIP_FLOP_56 10
PIN204_#4_204 ff_NEW_FLIP_FLOP_51,NEW_FLIP_FLOP_56 710
PIN89_#4_89 ff_FLIP_FLOP45_#4_45,FLIP_FLOP16_#4_16,FLIP_FLOP17_#4_17,FLIP_FLOP88_#4_88 40
PIN90_#4_90 ff_FLIP_FLOP45_#4_45,FLIP_FLOP16_#4_16,FLIP_FLOP17_#4_17,FLIP_FLOP88_#4_88 585
PIN31_#4_31 ff_FLIP_FLOP45_#4_45,FLIP_FLOP16_#4_16,FLIP_FLOP17_#4_17,FLIP_FLOP88_#4_88 215
PIN32_#4_32 ff_FLIP_FLOP45_#4_45,FLIP_FLOP16_#4_16,FLIP_FLOP17_#4_17,FLIP_FLOP88_#4_88 245
PIN33_#4_33 ff_FLIP_FLOP45_#4_45,FLIP_FLOP16_#4_16,FLIP_FLOP17_#4_17,FLIP_FLOP88_#4_88 440
PIN34_#4_34 ff_FLIP_FLOP45_#4_45,FLIP_FLOP16_#4_16,FLIP_FLOP17_#4_17,FLIP_FLOP88_#4_88 35
PIN175_#4_175 ff_FLIP_FLOP45_#4_45,FLIP_FLOP16_#4_16,FLIP_FLOP17_#4_17,FLIP_FLOP88_#4_88 495
PIN176_#4_176 ff_FLIP_FLOP45_#4_45,FLIP_FLOP16_#4_16,FLIP_FLOP17_#4_17,FLIP_FLOP88_#4_88 370
PIN45_#4_45 ff_FLIP_FLOP23_#4_23,FLIP_FLOP22_#4_22,FLIP_FLOP12_#4_12,FLIP_FLOP93_#4_93 10
PIN46_#4_46 ff_FLIP_FLOP23_#4_23,FLIP_FLOP22_#4_22,FLIP_FLOP12_#4_12,FLIP_FLOP93_#4_93 505
PIN43_#4_43 ff_FLIP_FLOP23_#4_23,FLIP_FLOP22_#4_22,FLIP_FLOP12_#4_12,FLIP_FLOP93_#4_93 515
PIN44_#4_44 ff_FLIP_FLOP23_#4_23,FLIP_FLOP22_#4_22,FLIP_FLOP12_#4_12,FLIP_FLOP93_#4_93 205
PIN23_#4_23 ff_FLIP_FLOP23_#4_23,FLIP_FLOP22_#4_22,FLIP_FLOP12_#4_12,FLIP_FLOP93_#4_93 490
PIN24_#4_24 ff_FLIP_FLOP23_#4_23,FLIP_FLOP22_#4_22,FLIP_FLOP12_#4_12,FLIP_FLOP93_#4_93 5
PIN185_#4_185 ff_FLIP_FLOP23_#4_23,FLIP_FLOP22_#4_22,FLIP_FLOP12_#4_12,FLIP_FLOP93_#4_93 460
PIN186_#4_186 ff_FLIP_FLOP23_#4_23,FLIP_FLOP22_#4_22,FLIP_FLOP12_#4_12,FLIP_FLOP93_#4_93 135
PIN105_#4_105 ff_NEW_FLIP_FLOP_53,FLIP_FLOP77_#4_77,FLIP_FLOP37_#4_37 440
PIN106_#4_106 ff_NEW_FLIP_FLOP_53,FLIP_FLOP77_#4_77,FLIP_FLOP37_#4_37 75
PIN181_#4_181 ff_NEW_FLIP_FLOP_53,FLIP_FLOP77_#4_77,FLIP_FLOP37_#4_37 110
PIN182_#4_182 ff_NEW_FLIP_FLOP_53,FLIP_FLOP77_#4_77,FLIP_FLOP37_#4_37 110
PIN153_#4_153 ff_NEW_FLIP_FLOP_53,FLIP_FLOP77_#4_77,FLIP_FLOP37_#4_37 370
PIN154_#4_154 ff_NEW_FLIP_FLOP_53,FLIP_FLOP77_#4_77,FLIP_FLOP37_#4_37 80
PIN73_#4_73 ff_NEW_FLIP_FLOP_53,FLIP_FLOP77_#4_77,FLIP_FLOP37_#4_37 140
PIN74_#4_74 ff_NEW_FLIP_FLOP_53,FLIP_FLOP77_#4_77,FLIP_FLOP37_#4_37 625
PIN79_#4_79 ff_FLIP_FLOP40_#4_40,FLIP_FLOP63_#4_63 180
PIN80_#4_80 ff_FLIP_FLOP40_#4_40,FLIP_FLOP63_#4_63 395
PIN125_#4_125 ff_FLIP_FLOP40_#4_40,FLIP_FLOP63_#4_63 875
PIN126_#4_126 ff_FLIP_FLOP40_#4_40,FLIP_FLOP63_#4_63 495
PIN37_#4_37 ff_FLIP_FLOP19_#4_19 200
PIN38_#4_38 ff_FLIP_FLOP19_#4_19 185
PIN123_#4_123 ff_FLIP_FLOP62_#4_62,FLIP_FLOP32_#4_32,FLIP_FLOP116_#4_116,FLIP_FLOP42_#4_42 195
PIN124_#4_124 ff_FLIP_FLOP62_#4_62,FLIP_FLOP32_#4_32,FLIP_FLOP116_#4_116,FLIP_FLOP42_#4_42 50
PIN63_#4_63 ff_FLIP_FLOP62_#4_62,FLIP_FLOP32_#4_32,FLIP_FLOP116_#4_116,FLIP_FLOP42_#4_42 185
PIN64_#4_64 ff_FLIP_FLOP62_#4_62,FLIP_FLOP32_#4_32,FLIP_FLOP116_#4_116,FLIP_FLOP42_#4_42 55
PIN231_#4_231 ff_FLIP_FLOP62_#4_62,FLIP_FLOP32_#4_32,FLIP_FLOP116_#4_116,FLIP_FLOP42_#4_42 455
PIN232_#4_232 ff_FLIP_FLOP62_#4_62,FLIP_FLOP32_#4_32,FLIP_FLOP116_#4_116,FLIP_FLOP42_#4_42 390
PIN83_#4_83 ff_FLIP_FLOP62_#4_62,FLIP_FLOP32_#4_32,FLIP_FLOP116_#4_116,FLIP_FLOP42_#4_42 890
PIN84_#4_84 ff_FLIP_FLOP62_#4_62,FLIP_FLOP32_#4_32,FLIP_FLOP116_#4_116,FLIP_FLOP42_#4_42 50
PIN225_#4_225 ff_FLIP_FLOP113_#4_113,FLIP_FLOP46_#4_46 250
PIN226_#4_226 ff_FLIP_FLOP113_#4_113,FLIP_FLOP46_#4_46 245
PIN91_#4_91 ff_FLIP_FLOP113_#4_113,FLIP_FLOP46_#4_46 725
PIN92_#4_92 ff_FLIP_FLOP113_#4_113,FLIP_FLOP46_#4_46 230
PIN113_#4_113 ff_FLIP_FLOP57_#4_57 85
PIN114_#4_114 ff_FLIP_FLOP57_#4_57 400
PIN165_#4_165 ff_FLIP_FLOP83_#4_83,FLIP_FLOP79_#4_79,FLIP_FLOP118_#4_118,FLIP_FLOP82_#4_82 295
PIN166_#4_166 ff_FLIP_FLOP83_#4_83,FLIP_FLOP79_#4_79,FLIP_FLOP118_#4_118,FLIP_FLOP82_#4_82 85
PIN157_#4_157 ff_FLIP_FLOP83_#4_83,FLIP_FLOP79_#4_79,FLIP_FLOP118_#4_118,FLIP_FLOP82_#4_82 55
PIN158_#4_158 ff_FLIP_FLOP83_#4_83,FLIP_FLOP79_#4_79,FLIP_FLOP118_#4_118,FLIP_FLOP82_#4_82 745
PIN235_#4_235 ff_FLIP_FLOP83_#4_83,FLIP_FLOP79_#4_79,FLIP_FLOP118_#4_118,FLIP_FLOP82_#4_82 220
PIN236_#4_236 ff_FLIP_FLOP83_#4_83,FLIP_FLOP79_#4_79,FLIP_FLOP118_#4_118,FLIP_FLOP82_#4_82 660
PIN163_#4_163 ff_FLIP_FLOP83_#4_83,FLIP_FLOP79_#4_79,FLIP_FLOP118_#4_118,FLIP_FLOP82_#4_82 60
PIN164_#4_164 ff_FLIP_FLOP83_#4_83,FLIP_FLOP79_#4_79,FLIP_FLOP118_#4_118,FLIP_FLOP82_#4_82 315
PIN59_#4_59 ff_FLIP_FLOP30_#4_30,FLIP_FLOP87_#4_87 135
PIN60_#4_60 ff_FLIP_FLOP30_#4_30,FLIP_FLOP87_#4_87 70
PIN173_#4_173 ff_FLIP_FLOP30_#4_30,FLIP_FLOP87_#4_87 625
PIN174_#4_174 ff_FLIP_FLOP30_#4_30,FLIP_FLOP87_#4_87 65
PIN27_#4_27 ff_FLIP_FLOP14_#4_14,FLIP_FLOP2_#4_2 85
PIN28_#4_28 ff_FLIP_FLOP14_#4_14,FLIP_FLOP2_#4_2 540
PIN3_#4_3 ff_FLIP_FLOP14_#4_14,FLIP_FLOP2_#4_2 575
PIN4_#4_4 ff_FLIP_FLOP14_#4_14,FLIP_FLOP2_#4_2 85
PIN177_#4_177 ff_FLIP_FLOP89_#4_89,FLIP_FLOP58_#4_58 60
PIN178_#4_178 ff_FLIP_FLOP89_#4_89,FLIP_FLOP58_#4_58 405
PIN115_#4_115 ff_FLIP_FLOP89_#4_89,FLIP_FLOP58_#4_58 55
PIN116_#4_116 ff_FLIP_FLOP89_#4_89,FLIP_FLOP58_#4_58 680
PIN209_#4_209 ff_FLIP_FLOP105_#4_105 320
PIN210_#4_210 ff_FLIP_FLOP105_#4_105 145
PIN233_#4_233 ff_FLIP_FLOP117_#4_117 305
PIN234_#4_234 ff_FLIP_FLOP117_#4_117 640
PIN79_#2_79 ff_NEW_FLIP_FLOP_29 45
PIN80_#2_80 ff_NEW_FLIP_FLOP_29 270
PIN91_#2_91 ff_NEW_FLIP_FLOP_29 460
PIN92_#2_92 ff_NEW_FLIP_FLOP_29 45
PIN23_#3_23 ff_NEW_FLIP_FLOP_44 460
PIN24_#3_24 ff_NEW_FLIP_FLOP_44 5
PIN45_#3_45 ff_NEW_FLIP_FLOP_44 10
PIN46_#3_46 ff_NEW_FLIP_FLOP_44 505
[END NET_LIST]
